<?xml version="1.0" encoding="UTF-8"?>
<testsuites>
	<testsuite tests="14" errors="0" failures="14" time="0.035" timestamp="2016-03-21T08:27:06">
		<testcase classname="Tic Tac Toe Functionality" name="#attachListeners should attach event listeners which call your turn function when someone clicks on a square" time="0.006">
			<failure type="" message="ReferenceError: Can&amp;apos;t find variable: attachListeners in file:///Users/JustinThomas/Development/code/js-tictactoe-rails-api-v-000/spec/tictactoe.spec.js (line 11)">
file:///Users/JustinThomas/Development/code/js-tictactoe-rails-api-v-000/spec/tictactoe.spec.js:11:22
attemptSync@file:///Users/JustinThomas/.rvm/rubies/ruby-2.2.3/lib/ruby/gems/2.2.0/gems/learn-test-1.2.23/lib/learn_test/jasmine/jasmine.js:1510:16
run@file:///Users/JustinThomas/.rvm/rubies/ruby-2.2.3/lib/ruby/gems/2.2.0/gems/learn-test-1.2.23/lib/learn_test/jasmine/jasmine.js:1498:20
execute@file:///Users/JustinThomas/.rvm/rubies/ruby-2.2.3/lib/ruby/gems/2.2.0/gems/learn-test-1.2.23/lib/learn_test/jasmine/jasmine.js:1485:13
queueRunnerFactory@file:///Users/JustinThomas/.rvm/rubies/ruby-2.2.3/lib/ruby/gems/2.2.0/gems/learn-test-1.2.23/lib/learn_test/jasmine/jasmine.js:518:42
execute@file:///Users/JustinThomas/.rvm/rubies/ruby-2.2.3/lib/ruby/gems/2.2.0/gems/learn-test-1.2.23/lib/learn_test/jasmine/jasmine.js:306:28
file:///Users/JustinThomas/.rvm/rubies/ruby-2.2.3/lib/ruby/gems/2.2.0/gems/learn-test-1.2.23/lib/learn_test/jasmine/jasmine.js:1708:44
attemptAsync@file:///Users/JustinThomas/.rvm/rubies/ruby-2.2.3/lib/ruby/gems/2.2.0/gems/learn-test-1.2.23/lib/learn_test/jasmine/jasmine.js:1520:16
run@file:///Users/JustinThomas/.rvm/rubies/ruby-2.2.3/lib/ruby/gems/2.2.0/gems/learn-test-1.2.23/lib/learn_test/jasmine/jasmine.js:1496:28
execute@file:///Users/JustinThomas/.rvm/rubies/ruby-2.2.3/lib/ruby/gems/2.2.0/gems/learn-test-1.2.23/lib/learn_test/jasmine/jasmine.js:1485:13
queueRunnerFactory@file:///Users/JustinThomas/.rvm/rubies/ruby-2.2.3/lib/ruby/gems/2.2.0/gems/learn-test-1.2.23/lib/learn_test/jasmine/jasmine.js:518:42
execute@file:///Users/JustinThomas/.rvm/rubies/ruby-2.2.3/lib/ruby/gems/2.2.0/gems/learn-test-1.2.23/lib/learn_test/jasmine/jasmine.js:1694:21
file:///Users/JustinThomas/.rvm/rubies/ruby-2.2.3/lib/ruby/gems/2.2.0/gems/learn-test-1.2.23/lib/learn_test/jasmine/jasmine.js:1708:44
attemptAsync@file:///Users/JustinThomas/.rvm/rubies/ruby-2.2.3/lib/ruby/gems/2.2.0/gems/learn-test-1.2.23/lib/learn_test/jasmine/jasmine.js:1520:16
run@file:///Users/JustinThomas/.rvm/rubies/ruby-2.2.3/lib/ruby/gems/2.2.0/gems/learn-test-1.2.23/lib/learn_test/jasmine/jasmine.js:1496:28
execute@file:///Users/JustinThomas/.rvm/rubies/ruby-2.2.3/lib/ruby/gems/2.2.0/gems/learn-test-1.2.23/lib/learn_test/jasmine/jasmine.js:1485:13
queueRunnerFactory@file:///Users/JustinThomas/.rvm/rubies/ruby-2.2.3/lib/ruby/gems/2.2.0/gems/learn-test-1.2.23/lib/learn_test/jasmine/jasmine.js:518:42
execute@file:///Users/JustinThomas/.rvm/rubies/ruby-2.2.3/lib/ruby/gems/2.2.0/gems/learn-test-1.2.23/lib/learn_test/jasmine/jasmine.js:1694:21
file:///Users/JustinThomas/.rvm/rubies/ruby-2.2.3/lib/ruby/gems/2.2.0/gems/learn-test-1.2.23/lib/learn_test/jasmine/jasmine.js:1708:44
attemptAsync@file:///Users/JustinThomas/.rvm/rubies/ruby-2.2.3/lib/ruby/gems/2.2.0/gems/learn-test-1.2.23/lib/learn_test/jasmine/jasmine.js:1520:16
run@file:///Users/JustinThomas/.rvm/rubies/ruby-2.2.3/lib/ruby/gems/2.2.0/gems/learn-test-1.2.23/lib/learn_test/jasmine/jasmine.js:1496:28
execute@file:///Users/JustinThomas/.rvm/rubies/ruby-2.2.3/lib/ruby/gems/2.2.0/gems/learn-test-1.2.23/lib/learn_test/jasmine/jasmine.js:1485:13
queueRunnerFactory@file:///Users/JustinThomas/.rvm/rubies/ruby-2.2.3/lib/ruby/gems/2.2.0/gems/learn-test-1.2.23/lib/learn_test/jasmine/jasmine.js:518:42
execute@file:///Users/JustinThomas/.rvm/rubies/ruby-2.2.3/lib/ruby/gems/2.2.0/gems/learn-test-1.2.23/lib/learn_test/jasmine/jasmine.js:1694:21
file:///Users/JustinThomas/.rvm/rubies/ruby-2.2.3/lib/ruby/gems/2.2.0/gems/learn-test-1.2.23/lib/learn_test/jasmine/jasmine.js:541:83
attemptAsync@file:///Users/JustinThomas/.rvm/rubies/ruby-2.2.3/lib/ruby/gems/2.2.0/gems/learn-test-1.2.23/lib/learn_test/jasmine/jasmine.js:1520:16
run@file:///Users/JustinThomas/.rvm/rubies/ruby-2.2.3/lib/ruby/gems/2.2.0/gems/learn-test-1.2.23/lib/learn_test/jasmine/jasmine.js:1496:28
execute@file:///Users/JustinThomas/.rvm/rubies/ruby-2.2.3/lib/ruby/gems/2.2.0/gems/learn-test-1.2.23/lib/learn_test/jasmine/jasmine.js:1485:13
queueRunnerFactory@file:///Users/JustinThomas/.rvm/rubies/ruby-2.2.3/lib/ruby/gems/2.2.0/gems/learn-test-1.2.23/lib/learn_test/jasmine/jasmine.js:518:42
execute@file:///Users/JustinThomas/.rvm/rubies/ruby-2.2.3/lib/ruby/gems/2.2.0/gems/learn-test-1.2.23/lib/learn_test/jasmine/jasmine.js:548:25
onload@file:///Users/JustinThomas/.rvm/rubies/ruby-2.2.3/lib/ruby/gems/2.2.0/gems/learn-test-1.2.23/lib/learn_test/jasmine/boot.js:172:16			</failure>
		</testcase>
		<testcase classname="Tic Tac Toe Functionality" name="#doTurn should increment turn and call on `checkWinner()`, `updateState()`" time="0.002">
			<failure type="" message="ReferenceError: Can&amp;apos;t find variable: attachListeners in file:///Users/JustinThomas/Development/code/js-tictactoe-rails-api-v-000/spec/tictactoe.spec.js (line 27)">
file:///Users/JustinThomas/Development/code/js-tictactoe-rails-api-v-000/spec/tictactoe.spec.js:27:22
attemptSync@file:///Users/JustinThomas/.rvm/rubies/ruby-2.2.3/lib/ruby/gems/2.2.0/gems/learn-test-1.2.23/lib/learn_test/jasmine/jasmine.js:1510:16
run@file:///Users/JustinThomas/.rvm/rubies/ruby-2.2.3/lib/ruby/gems/2.2.0/gems/learn-test-1.2.23/lib/learn_test/jasmine/jasmine.js:1498:20
execute@file:///Users/JustinThomas/.rvm/rubies/ruby-2.2.3/lib/ruby/gems/2.2.0/gems/learn-test-1.2.23/lib/learn_test/jasmine/jasmine.js:1485:13
queueRunnerFactory@file:///Users/JustinThomas/.rvm/rubies/ruby-2.2.3/lib/ruby/gems/2.2.0/gems/learn-test-1.2.23/lib/learn_test/jasmine/jasmine.js:518:42
execute@file:///Users/JustinThomas/.rvm/rubies/ruby-2.2.3/lib/ruby/gems/2.2.0/gems/learn-test-1.2.23/lib/learn_test/jasmine/jasmine.js:306:28
file:///Users/JustinThomas/.rvm/rubies/ruby-2.2.3/lib/ruby/gems/2.2.0/gems/learn-test-1.2.23/lib/learn_test/jasmine/jasmine.js:1708:44
attemptAsync@file:///Users/JustinThomas/.rvm/rubies/ruby-2.2.3/lib/ruby/gems/2.2.0/gems/learn-test-1.2.23/lib/learn_test/jasmine/jasmine.js:1520:16
run@file:///Users/JustinThomas/.rvm/rubies/ruby-2.2.3/lib/ruby/gems/2.2.0/gems/learn-test-1.2.23/lib/learn_test/jasmine/jasmine.js:1496:28
execute@file:///Users/JustinThomas/.rvm/rubies/ruby-2.2.3/lib/ruby/gems/2.2.0/gems/learn-test-1.2.23/lib/learn_test/jasmine/jasmine.js:1485:13
queueRunnerFactory@file:///Users/JustinThomas/.rvm/rubies/ruby-2.2.3/lib/ruby/gems/2.2.0/gems/learn-test-1.2.23/lib/learn_test/jasmine/jasmine.js:518:42
execute@file:///Users/JustinThomas/.rvm/rubies/ruby-2.2.3/lib/ruby/gems/2.2.0/gems/learn-test-1.2.23/lib/learn_test/jasmine/jasmine.js:1694:21
file:///Users/JustinThomas/.rvm/rubies/ruby-2.2.3/lib/ruby/gems/2.2.0/gems/learn-test-1.2.23/lib/learn_test/jasmine/jasmine.js:1708:44
attemptAsync@file:///Users/JustinThomas/.rvm/rubies/ruby-2.2.3/lib/ruby/gems/2.2.0/gems/learn-test-1.2.23/lib/learn_test/jasmine/jasmine.js:1520:16
run@file:///Users/JustinThomas/.rvm/rubies/ruby-2.2.3/lib/ruby/gems/2.2.0/gems/learn-test-1.2.23/lib/learn_test/jasmine/jasmine.js:1496:28
next@file:///Users/JustinThomas/.rvm/rubies/ruby-2.2.3/lib/ruby/gems/2.2.0/gems/learn-test-1.2.23/lib/learn_test/jasmine/jasmine.js:1517:40
complete@file:///Users/JustinThomas/.rvm/rubies/ruby-2.2.3/lib/ruby/gems/2.2.0/gems/learn-test-1.2.23/lib/learn_test/jasmine/jasmine.js:1703:19
clearStack@file:///Users/JustinThomas/.rvm/rubies/ruby-2.2.3/lib/ruby/gems/2.2.0/gems/learn-test-1.2.23/lib/learn_test/jasmine/jasmine.js:506:11
run@file:///Users/JustinThomas/.rvm/rubies/ruby-2.2.3/lib/ruby/gems/2.2.0/gems/learn-test-1.2.23/lib/learn_test/jasmine/jasmine.js:1505:22
next@file:///Users/JustinThomas/.rvm/rubies/ruby-2.2.3/lib/ruby/gems/2.2.0/gems/learn-test-1.2.23/lib/learn_test/jasmine/jasmine.js:1517:40
complete@file:///Users/JustinThomas/.rvm/rubies/ruby-2.2.3/lib/ruby/gems/2.2.0/gems/learn-test-1.2.23/lib/learn_test/jasmine/jasmine.js:333:19
clearStack@file:///Users/JustinThomas/.rvm/rubies/ruby-2.2.3/lib/ruby/gems/2.2.0/gems/learn-test-1.2.23/lib/learn_test/jasmine/jasmine.js:506:11
run@file:///Users/JustinThomas/.rvm/rubies/ruby-2.2.3/lib/ruby/gems/2.2.0/gems/learn-test-1.2.23/lib/learn_test/jasmine/jasmine.js:1505:22
execute@file:///Users/JustinThomas/.rvm/rubies/ruby-2.2.3/lib/ruby/gems/2.2.0/gems/learn-test-1.2.23/lib/learn_test/jasmine/jasmine.js:1485:13
queueRunnerFactory@file:///Users/JustinThomas/.rvm/rubies/ruby-2.2.3/lib/ruby/gems/2.2.0/gems/learn-test-1.2.23/lib/learn_test/jasmine/jasmine.js:518:42
execute@file:///Users/JustinThomas/.rvm/rubies/ruby-2.2.3/lib/ruby/gems/2.2.0/gems/learn-test-1.2.23/lib/learn_test/jasmine/jasmine.js:306:28
file:///Users/JustinThomas/.rvm/rubies/ruby-2.2.3/lib/ruby/gems/2.2.0/gems/learn-test-1.2.23/lib/learn_test/jasmine/jasmine.js:1708:44
attemptAsync@file:///Users/JustinThomas/.rvm/rubies/ruby-2.2.3/lib/ruby/gems/2.2.0/gems/learn-test-1.2.23/lib/learn_test/jasmine/jasmine.js:1520:16
run@file:///Users/JustinThomas/.rvm/rubies/ruby-2.2.3/lib/ruby/gems/2.2.0/gems/learn-test-1.2.23/lib/learn_test/jasmine/jasmine.js:1496:28
execute@file:///Users/JustinThomas/.rvm/rubies/ruby-2.2.3/lib/ruby/gems/2.2.0/gems/learn-test-1.2.23/lib/learn_test/jasmine/jasmine.js:1485:13
queueRunnerFactory@file:///Users/JustinThomas/.rvm/rubies/ruby-2.2.3/lib/ruby/gems/2.2.0/gems/learn-test-1.2.23/lib/learn_test/jasmine/jasmine.js:518:42
execute@file:///Users/JustinThomas/.rvm/rubies/ruby-2.2.3/lib/ruby/gems/2.2.0/gems/learn-test-1.2.23/lib/learn_test/jasmine/jasmine.js:1694:21
file:///Users/JustinThomas/.rvm/rubies/ruby-2.2.3/lib/ruby/gems/2.2.0/gems/learn-test-1.2.23/lib/learn_test/jasmine/jasmine.js:1708:44
attemptAsync@file:///Users/JustinThomas/.rvm/rubies/ruby-2.2.3/lib/ruby/gems/2.2.0/gems/learn-test-1.2.23/lib/learn_test/jasmine/jasmine.js:1520:16
run@file:///Users/JustinThomas/.rvm/rubies/ruby-2.2.3/lib/ruby/gems/2.2.0/gems/learn-test-1.2.23/lib/learn_test/jasmine/jasmine.js:1496:28
execute@file:///Users/JustinThomas/.rvm/rubies/ruby-2.2.3/lib/ruby/gems/2.2.0/gems/learn-test-1.2.23/lib/learn_test/jasmine/jasmine.js:1485:13
queueRunnerFactory@file:///Users/JustinThomas/.rvm/rubies/ruby-2.2.3/lib/ruby/gems/2.2.0/gems/learn-test-1.2.23/lib/learn_test/jasmine/jasmine.js:518:42
execute@file:///Users/JustinThomas/.rvm/rubies/ruby-2.2.3/lib/ruby/gems/2.2.0/gems/learn-test-1.2.23/lib/learn_test/jasmine/jasmine.js:1694:21
file:///Users/JustinThomas/.rvm/rubies/ruby-2.2.3/lib/ruby/gems/2.2.0/gems/learn-test-1.2.23/lib/learn_test/jasmine/jasmine.js:1708:44
attemptAsync@file:///Users/JustinThomas/.rvm/rubies/ruby-2.2.3/lib/ruby/gems/2.2.0/gems/learn-test-1.2.23/lib/learn_test/jasmine/jasmine.js:1520:16
run@file:///Users/JustinThomas/.rvm/rubies/ruby-2.2.3/lib/ruby/gems/2.2.0/gems/learn-test-1.2.23/lib/learn_test/jasmine/jasmine.js:1496:28
execute@file:///Users/JustinThomas/.rvm/rubies/ruby-2.2.3/lib/ruby/gems/2.2.0/gems/learn-test-1.2.23/lib/learn_test/jasmine/jasmine.js:1485:13
queueRunnerFactory@file:///Users/JustinThomas/.rvm/rubies/ruby-2.2.3/lib/ruby/gems/2.2.0/gems/learn-test-1.2.23/lib/learn_test/jasmine/jasmine.js:518:42
execute@file:///Users/JustinThomas/.rvm/rubies/ruby-2.2.3/lib/ruby/gems/2.2.0/gems/learn-test-1.2.23/lib/learn_test/jasmine/jasmine.js:1694:21
file:///Users/JustinThomas/.rvm/rubies/ruby-2.2.3/lib/ruby/gems/2.2.0/gems/learn-test-1.2.23/lib/learn_test/jasmine/jasmine.js:541:83
attemptAsync@file:///Users/JustinThomas/.rvm/rubies/ruby-2.2.3/lib/ruby/gems/2.2.0/gems/learn-test-1.2.23/lib/learn_test/jasmine/jasmine.js:1520:16
run@file:///Users/JustinThomas/.rvm/rubies/ruby-2.2.3/lib/ruby/gems/2.2.0/gems/learn-test-1.2.23/lib/learn_test/jasmine/jasmine.js:1496:28
execute@file:///Users/JustinThomas/.rvm/rubies/ruby-2.2.3/lib/ruby/gems/2.2.0/gems/learn-test-1.2.23/lib/learn_test/jasmine/jasmine.js:1485:13
queueRunnerFactory@file:///Users/JustinThomas/.rvm/rubies/ruby-2.2.3/lib/ruby/gems/2.2.0/gems/learn-test-1.2.23/lib/learn_test/jasmine/jasmine.js:518:42
execute@file:///Users/JustinThomas/.rvm/rubies/ruby-2.2.3/lib/ruby/gems/2.2.0/gems/learn-test-1.2.23/lib/learn_test/jasmine/jasmine.js:548:25
onload@file:///Users/JustinThomas/.rvm/rubies/ruby-2.2.3/lib/ruby/gems/2.2.0/gems/learn-test-1.2.23/lib/learn_test/jasmine/boot.js:172:16			</failure>
		</testcase>
		<testcase classname="Tic Tac Toe Functionality" name="#player should return the mark of the current player when player is X" time="0.001">
			<failure type="" message="ReferenceError: Can&amp;apos;t find variable: player in file:///Users/JustinThomas/Development/code/js-tictactoe-rails-api-v-000/spec/tictactoe.spec.js (line 39)">
file:///Users/JustinThomas/Development/code/js-tictactoe-rails-api-v-000/spec/tictactoe.spec.js:39:20
attemptSync@file:///Users/JustinThomas/.rvm/rubies/ruby-2.2.3/lib/ruby/gems/2.2.0/gems/learn-test-1.2.23/lib/learn_test/jasmine/jasmine.js:1510:16
run@file:///Users/JustinThomas/.rvm/rubies/ruby-2.2.3/lib/ruby/gems/2.2.0/gems/learn-test-1.2.23/lib/learn_test/jasmine/jasmine.js:1498:20
execute@file:///Users/JustinThomas/.rvm/rubies/ruby-2.2.3/lib/ruby/gems/2.2.0/gems/learn-test-1.2.23/lib/learn_test/jasmine/jasmine.js:1485:13
queueRunnerFactory@file:///Users/JustinThomas/.rvm/rubies/ruby-2.2.3/lib/ruby/gems/2.2.0/gems/learn-test-1.2.23/lib/learn_test/jasmine/jasmine.js:518:42
execute@file:///Users/JustinThomas/.rvm/rubies/ruby-2.2.3/lib/ruby/gems/2.2.0/gems/learn-test-1.2.23/lib/learn_test/jasmine/jasmine.js:306:28
file:///Users/JustinThomas/.rvm/rubies/ruby-2.2.3/lib/ruby/gems/2.2.0/gems/learn-test-1.2.23/lib/learn_test/jasmine/jasmine.js:1708:44
attemptAsync@file:///Users/JustinThomas/.rvm/rubies/ruby-2.2.3/lib/ruby/gems/2.2.0/gems/learn-test-1.2.23/lib/learn_test/jasmine/jasmine.js:1520:16
run@file:///Users/JustinThomas/.rvm/rubies/ruby-2.2.3/lib/ruby/gems/2.2.0/gems/learn-test-1.2.23/lib/learn_test/jasmine/jasmine.js:1496:28
execute@file:///Users/JustinThomas/.rvm/rubies/ruby-2.2.3/lib/ruby/gems/2.2.0/gems/learn-test-1.2.23/lib/learn_test/jasmine/jasmine.js:1485:13
queueRunnerFactory@file:///Users/JustinThomas/.rvm/rubies/ruby-2.2.3/lib/ruby/gems/2.2.0/gems/learn-test-1.2.23/lib/learn_test/jasmine/jasmine.js:518:42
execute@file:///Users/JustinThomas/.rvm/rubies/ruby-2.2.3/lib/ruby/gems/2.2.0/gems/learn-test-1.2.23/lib/learn_test/jasmine/jasmine.js:1694:21
file:///Users/JustinThomas/.rvm/rubies/ruby-2.2.3/lib/ruby/gems/2.2.0/gems/learn-test-1.2.23/lib/learn_test/jasmine/jasmine.js:1708:44
attemptAsync@file:///Users/JustinThomas/.rvm/rubies/ruby-2.2.3/lib/ruby/gems/2.2.0/gems/learn-test-1.2.23/lib/learn_test/jasmine/jasmine.js:1520:16
run@file:///Users/JustinThomas/.rvm/rubies/ruby-2.2.3/lib/ruby/gems/2.2.0/gems/learn-test-1.2.23/lib/learn_test/jasmine/jasmine.js:1496:28
next@file:///Users/JustinThomas/.rvm/rubies/ruby-2.2.3/lib/ruby/gems/2.2.0/gems/learn-test-1.2.23/lib/learn_test/jasmine/jasmine.js:1517:40
complete@file:///Users/JustinThomas/.rvm/rubies/ruby-2.2.3/lib/ruby/gems/2.2.0/gems/learn-test-1.2.23/lib/learn_test/jasmine/jasmine.js:1703:19
clearStack@file:///Users/JustinThomas/.rvm/rubies/ruby-2.2.3/lib/ruby/gems/2.2.0/gems/learn-test-1.2.23/lib/learn_test/jasmine/jasmine.js:506:11
run@file:///Users/JustinThomas/.rvm/rubies/ruby-2.2.3/lib/ruby/gems/2.2.0/gems/learn-test-1.2.23/lib/learn_test/jasmine/jasmine.js:1505:22
next@file:///Users/JustinThomas/.rvm/rubies/ruby-2.2.3/lib/ruby/gems/2.2.0/gems/learn-test-1.2.23/lib/learn_test/jasmine/jasmine.js:1517:40
complete@file:///Users/JustinThomas/.rvm/rubies/ruby-2.2.3/lib/ruby/gems/2.2.0/gems/learn-test-1.2.23/lib/learn_test/jasmine/jasmine.js:333:19
clearStack@file:///Users/JustinThomas/.rvm/rubies/ruby-2.2.3/lib/ruby/gems/2.2.0/gems/learn-test-1.2.23/lib/learn_test/jasmine/jasmine.js:506:11
run@file:///Users/JustinThomas/.rvm/rubies/ruby-2.2.3/lib/ruby/gems/2.2.0/gems/learn-test-1.2.23/lib/learn_test/jasmine/jasmine.js:1505:22
execute@file:///Users/JustinThomas/.rvm/rubies/ruby-2.2.3/lib/ruby/gems/2.2.0/gems/learn-test-1.2.23/lib/learn_test/jasmine/jasmine.js:1485:13
queueRunnerFactory@file:///Users/JustinThomas/.rvm/rubies/ruby-2.2.3/lib/ruby/gems/2.2.0/gems/learn-test-1.2.23/lib/learn_test/jasmine/jasmine.js:518:42
execute@file:///Users/JustinThomas/.rvm/rubies/ruby-2.2.3/lib/ruby/gems/2.2.0/gems/learn-test-1.2.23/lib/learn_test/jasmine/jasmine.js:306:28
file:///Users/JustinThomas/.rvm/rubies/ruby-2.2.3/lib/ruby/gems/2.2.0/gems/learn-test-1.2.23/lib/learn_test/jasmine/jasmine.js:1708:44
attemptAsync@file:///Users/JustinThomas/.rvm/rubies/ruby-2.2.3/lib/ruby/gems/2.2.0/gems/learn-test-1.2.23/lib/learn_test/jasmine/jasmine.js:1520:16
run@file:///Users/JustinThomas/.rvm/rubies/ruby-2.2.3/lib/ruby/gems/2.2.0/gems/learn-test-1.2.23/lib/learn_test/jasmine/jasmine.js:1496:28
execute@file:///Users/JustinThomas/.rvm/rubies/ruby-2.2.3/lib/ruby/gems/2.2.0/gems/learn-test-1.2.23/lib/learn_test/jasmine/jasmine.js:1485:13
queueRunnerFactory@file:///Users/JustinThomas/.rvm/rubies/ruby-2.2.3/lib/ruby/gems/2.2.0/gems/learn-test-1.2.23/lib/learn_test/jasmine/jasmine.js:518:42
execute@file:///Users/JustinThomas/.rvm/rubies/ruby-2.2.3/lib/ruby/gems/2.2.0/gems/learn-test-1.2.23/lib/learn_test/jasmine/jasmine.js:1694:21
file:///Users/JustinThomas/.rvm/rubies/ruby-2.2.3/lib/ruby/gems/2.2.0/gems/learn-test-1.2.23/lib/learn_test/jasmine/jasmine.js:1708:44
attemptAsync@file:///Users/JustinThomas/.rvm/rubies/ruby-2.2.3/lib/ruby/gems/2.2.0/gems/learn-test-1.2.23/lib/learn_test/jasmine/jasmine.js:1520:16
run@file:///Users/JustinThomas/.rvm/rubies/ruby-2.2.3/lib/ruby/gems/2.2.0/gems/learn-test-1.2.23/lib/learn_test/jasmine/jasmine.js:1496:28
next@file:///Users/JustinThomas/.rvm/rubies/ruby-2.2.3/lib/ruby/gems/2.2.0/gems/learn-test-1.2.23/lib/learn_test/jasmine/jasmine.js:1517:40
complete@file:///Users/JustinThomas/.rvm/rubies/ruby-2.2.3/lib/ruby/gems/2.2.0/gems/learn-test-1.2.23/lib/learn_test/jasmine/jasmine.js:1703:19
clearStack@file:///Users/JustinThomas/.rvm/rubies/ruby-2.2.3/lib/ruby/gems/2.2.0/gems/learn-test-1.2.23/lib/learn_test/jasmine/jasmine.js:506:11
run@file:///Users/JustinThomas/.rvm/rubies/ruby-2.2.3/lib/ruby/gems/2.2.0/gems/learn-test-1.2.23/lib/learn_test/jasmine/jasmine.js:1505:22
next@file:///Users/JustinThomas/.rvm/rubies/ruby-2.2.3/lib/ruby/gems/2.2.0/gems/learn-test-1.2.23/lib/learn_test/jasmine/jasmine.js:1517:40
complete@file:///Users/JustinThomas/.rvm/rubies/ruby-2.2.3/lib/ruby/gems/2.2.0/gems/learn-test-1.2.23/lib/learn_test/jasmine/jasmine.js:333:19
clearStack@file:///Users/JustinThomas/.rvm/rubies/ruby-2.2.3/lib/ruby/gems/2.2.0/gems/learn-test-1.2.23/lib/learn_test/jasmine/jasmine.js:506:11
run@file:///Users/JustinThomas/.rvm/rubies/ruby-2.2.3/lib/ruby/gems/2.2.0/gems/learn-test-1.2.23/lib/learn_test/jasmine/jasmine.js:1505:22
execute@file:///Users/JustinThomas/.rvm/rubies/ruby-2.2.3/lib/ruby/gems/2.2.0/gems/learn-test-1.2.23/lib/learn_test/jasmine/jasmine.js:1485:13
queueRunnerFactory@file:///Users/JustinThomas/.rvm/rubies/ruby-2.2.3/lib/ruby/gems/2.2.0/gems/learn-test-1.2.23/lib/learn_test/jasmine/jasmine.js:518:42
execute@file:///Users/JustinThomas/.rvm/rubies/ruby-2.2.3/lib/ruby/gems/2.2.0/gems/learn-test-1.2.23/lib/learn_test/jasmine/jasmine.js:306:28
file:///Users/JustinThomas/.rvm/rubies/ruby-2.2.3/lib/ruby/gems/2.2.0/gems/learn-test-1.2.23/lib/learn_test/jasmine/jasmine.js:1708:44
attemptAsync@file:///Users/JustinThomas/.rvm/rubies/ruby-2.2.3/lib/ruby/gems/2.2.0/gems/learn-test-1.2.23/lib/learn_test/jasmine/jasmine.js:1520:16
run@file:///Users/JustinThomas/.rvm/rubies/ruby-2.2.3/lib/ruby/gems/2.2.0/gems/learn-test-1.2.23/lib/learn_test/jasmine/jasmine.js:1496:28
execute@file:///Users/JustinThomas/.rvm/rubies/ruby-2.2.3/lib/ruby/gems/2.2.0/gems/learn-test-1.2.23/lib/learn_test/jasmine/jasmine.js:1485:13
queueRunnerFactory@file:///Users/JustinThomas/.rvm/rubies/ruby-2.2.3/lib/ruby/gems/2.2.0/gems/learn-test-1.2.23/lib/learn_test/jasmine/jasmine.js:518:42
execute@file:///Users/JustinThomas/.rvm/rubies/ruby-2.2.3/lib/ruby/gems/2.2.0/gems/learn-test-1.2.23/lib/learn_test/jasmine/jasmine.js:1694:21
file:///Users/JustinThomas/.rvm/rubies/ruby-2.2.3/lib/ruby/gems/2.2.0/gems/learn-test-1.2.23/lib/learn_test/jasmine/jasmine.js:1708:44
attemptAsync@file:///Users/JustinThomas/.rvm/rubies/ruby-2.2.3/lib/ruby/gems/2.2.0/gems/learn-test-1.2.23/lib/learn_test/jasmine/jasmine.js:1520:16
run@file:///Users/JustinThomas/.rvm/rubies/ruby-2.2.3/lib/ruby/gems/2.2.0/gems/learn-test-1.2.23/lib/learn_test/jasmine/jasmine.js:1496:28
execute@file:///Users/JustinThomas/.rvm/rubies/ruby-2.2.3/lib/ruby/gems/2.2.0/gems/learn-test-1.2.23/lib/learn_test/jasmine/jasmine.js:1485:13
queueRunnerFactory@file:///Users/JustinThomas/.rvm/rubies/ruby-2.2.3/lib/ruby/gems/2.2.0/gems/learn-test-1.2.23/lib/learn_test/jasmine/jasmine.js:518:42
execute@file:///Users/JustinThomas/.rvm/rubies/ruby-2.2.3/lib/ruby/gems/2.2.0/gems/learn-test-1.2.23/lib/learn_test/jasmine/jasmine.js:1694:21
file:///Users/JustinThomas/.rvm/rubies/ruby-2.2.3/lib/ruby/gems/2.2.0/gems/learn-test-1.2.23/lib/learn_test/jasmine/jasmine.js:1708:44
attemptAsync@file:///Users/JustinThomas/.rvm/rubies/ruby-2.2.3/lib/ruby/gems/2.2.0/gems/learn-test-1.2.23/lib/learn_test/jasmine/jasmine.js:1520:16
run@file:///Users/JustinThomas/.rvm/rubies/ruby-2.2.3/lib/ruby/gems/2.2.0/gems/learn-test-1.2.23/lib/learn_test/jasmine/jasmine.js:1496:28
execute@file:///Users/JustinThomas/.rvm/rubies/ruby-2.2.3/lib/ruby/gems/2.2.0/gems/learn-test-1.2.23/lib/learn_test/jasmine/jasmine.js:1485:13
queueRunnerFactory@file:///Users/JustinThomas/.rvm/rubies/ruby-2.2.3/lib/ruby/gems/2.2.0/gems/learn-test-1.2.23/lib/learn_test/jasmine/jasmine.js:518:42
execute@file:///Users/JustinThomas/.rvm/rubies/ruby-2.2.3/lib/ruby/gems/2.2.0/gems/learn-test-1.2.23/lib/learn_test/jasmine/jasmine.js:1694:21
file:///Users/JustinThomas/.rvm/rubies/ruby-2.2.3/lib/ruby/gems/2.2.0/gems/learn-test-1.2.23/lib/learn_test/jasmine/jasmine.js:541:83
attemptAsync@file:///Users/JustinThomas/.rvm/rubies/ruby-2.2.3/lib/ruby/gems/2.2.0/gems/learn-test-1.2.23/lib/learn_test/jasmine/jasmine.js:1520:16
run@file:///Users/JustinThomas/.rvm/rubies/ruby-2.2.3/lib/ruby/gems/2.2.0/gems/learn-test-1.2.23/lib/learn_test/jasmine/jasmine.js:1496:28
execute@file:///Users/JustinThomas/.rvm/rubies/ruby-2.2.3/lib/ruby/gems/2.2.0/gems/learn-test-1.2.23/lib/learn_test/jasmine/jasmine.js:1485:13
queueRunnerFactory@file:///Users/JustinThomas/.rvm/rubies/ruby-2.2.3/lib/ruby/gems/2.2.0/gems/learn-test-1.2.23/lib/learn_test/jasmine/jasmine.js:518:42
execute@file:///Users/JustinThomas/.rvm/rubies/ruby-2.2.3/lib/ruby/gems/2.2.0/gems/learn-test-1.2.23/lib/learn_test/jasmine/jasmine.js:548:25
onload@file:///Users/JustinThomas/.rvm/rubies/ruby-2.2.3/lib/ruby/gems/2.2.0/gems/learn-test-1.2.23/lib/learn_test/jasmine/boot.js:172:16			</failure>
		</testcase>
		<testcase classname="Tic Tac Toe Functionality" name="#player should return the mark of the current player when player is O" time="0.001">
			<failure type="" message="ReferenceError: Can&amp;apos;t find variable: player in file:///Users/JustinThomas/Development/code/js-tictactoe-rails-api-v-000/spec/tictactoe.spec.js (line 43)">
file:///Users/JustinThomas/Development/code/js-tictactoe-rails-api-v-000/spec/tictactoe.spec.js:43:20
attemptSync@file:///Users/JustinThomas/.rvm/rubies/ruby-2.2.3/lib/ruby/gems/2.2.0/gems/learn-test-1.2.23/lib/learn_test/jasmine/jasmine.js:1510:16
run@file:///Users/JustinThomas/.rvm/rubies/ruby-2.2.3/lib/ruby/gems/2.2.0/gems/learn-test-1.2.23/lib/learn_test/jasmine/jasmine.js:1498:20
execute@file:///Users/JustinThomas/.rvm/rubies/ruby-2.2.3/lib/ruby/gems/2.2.0/gems/learn-test-1.2.23/lib/learn_test/jasmine/jasmine.js:1485:13
queueRunnerFactory@file:///Users/JustinThomas/.rvm/rubies/ruby-2.2.3/lib/ruby/gems/2.2.0/gems/learn-test-1.2.23/lib/learn_test/jasmine/jasmine.js:518:42
execute@file:///Users/JustinThomas/.rvm/rubies/ruby-2.2.3/lib/ruby/gems/2.2.0/gems/learn-test-1.2.23/lib/learn_test/jasmine/jasmine.js:306:28
file:///Users/JustinThomas/.rvm/rubies/ruby-2.2.3/lib/ruby/gems/2.2.0/gems/learn-test-1.2.23/lib/learn_test/jasmine/jasmine.js:1708:44
attemptAsync@file:///Users/JustinThomas/.rvm/rubies/ruby-2.2.3/lib/ruby/gems/2.2.0/gems/learn-test-1.2.23/lib/learn_test/jasmine/jasmine.js:1520:16
run@file:///Users/JustinThomas/.rvm/rubies/ruby-2.2.3/lib/ruby/gems/2.2.0/gems/learn-test-1.2.23/lib/learn_test/jasmine/jasmine.js:1496:28
next@file:///Users/JustinThomas/.rvm/rubies/ruby-2.2.3/lib/ruby/gems/2.2.0/gems/learn-test-1.2.23/lib/learn_test/jasmine/jasmine.js:1517:40
complete@file:///Users/JustinThomas/.rvm/rubies/ruby-2.2.3/lib/ruby/gems/2.2.0/gems/learn-test-1.2.23/lib/learn_test/jasmine/jasmine.js:333:19
clearStack@file:///Users/JustinThomas/.rvm/rubies/ruby-2.2.3/lib/ruby/gems/2.2.0/gems/learn-test-1.2.23/lib/learn_test/jasmine/jasmine.js:506:11
run@file:///Users/JustinThomas/.rvm/rubies/ruby-2.2.3/lib/ruby/gems/2.2.0/gems/learn-test-1.2.23/lib/learn_test/jasmine/jasmine.js:1505:22
execute@file:///Users/JustinThomas/.rvm/rubies/ruby-2.2.3/lib/ruby/gems/2.2.0/gems/learn-test-1.2.23/lib/learn_test/jasmine/jasmine.js:1485:13
queueRunnerFactory@file:///Users/JustinThomas/.rvm/rubies/ruby-2.2.3/lib/ruby/gems/2.2.0/gems/learn-test-1.2.23/lib/learn_test/jasmine/jasmine.js:518:42
execute@file:///Users/JustinThomas/.rvm/rubies/ruby-2.2.3/lib/ruby/gems/2.2.0/gems/learn-test-1.2.23/lib/learn_test/jasmine/jasmine.js:306:28
file:///Users/JustinThomas/.rvm/rubies/ruby-2.2.3/lib/ruby/gems/2.2.0/gems/learn-test-1.2.23/lib/learn_test/jasmine/jasmine.js:1708:44
attemptAsync@file:///Users/JustinThomas/.rvm/rubies/ruby-2.2.3/lib/ruby/gems/2.2.0/gems/learn-test-1.2.23/lib/learn_test/jasmine/jasmine.js:1520:16
run@file:///Users/JustinThomas/.rvm/rubies/ruby-2.2.3/lib/ruby/gems/2.2.0/gems/learn-test-1.2.23/lib/learn_test/jasmine/jasmine.js:1496:28
execute@file:///Users/JustinThomas/.rvm/rubies/ruby-2.2.3/lib/ruby/gems/2.2.0/gems/learn-test-1.2.23/lib/learn_test/jasmine/jasmine.js:1485:13
queueRunnerFactory@file:///Users/JustinThomas/.rvm/rubies/ruby-2.2.3/lib/ruby/gems/2.2.0/gems/learn-test-1.2.23/lib/learn_test/jasmine/jasmine.js:518:42
execute@file:///Users/JustinThomas/.rvm/rubies/ruby-2.2.3/lib/ruby/gems/2.2.0/gems/learn-test-1.2.23/lib/learn_test/jasmine/jasmine.js:1694:21
file:///Users/JustinThomas/.rvm/rubies/ruby-2.2.3/lib/ruby/gems/2.2.0/gems/learn-test-1.2.23/lib/learn_test/jasmine/jasmine.js:1708:44
attemptAsync@file:///Users/JustinThomas/.rvm/rubies/ruby-2.2.3/lib/ruby/gems/2.2.0/gems/learn-test-1.2.23/lib/learn_test/jasmine/jasmine.js:1520:16
run@file:///Users/JustinThomas/.rvm/rubies/ruby-2.2.3/lib/ruby/gems/2.2.0/gems/learn-test-1.2.23/lib/learn_test/jasmine/jasmine.js:1496:28
next@file:///Users/JustinThomas/.rvm/rubies/ruby-2.2.3/lib/ruby/gems/2.2.0/gems/learn-test-1.2.23/lib/learn_test/jasmine/jasmine.js:1517:40
complete@file:///Users/JustinThomas/.rvm/rubies/ruby-2.2.3/lib/ruby/gems/2.2.0/gems/learn-test-1.2.23/lib/learn_test/jasmine/jasmine.js:1703:19
clearStack@file:///Users/JustinThomas/.rvm/rubies/ruby-2.2.3/lib/ruby/gems/2.2.0/gems/learn-test-1.2.23/lib/learn_test/jasmine/jasmine.js:506:11
run@file:///Users/JustinThomas/.rvm/rubies/ruby-2.2.3/lib/ruby/gems/2.2.0/gems/learn-test-1.2.23/lib/learn_test/jasmine/jasmine.js:1505:22
next@file:///Users/JustinThomas/.rvm/rubies/ruby-2.2.3/lib/ruby/gems/2.2.0/gems/learn-test-1.2.23/lib/learn_test/jasmine/jasmine.js:1517:40
complete@file:///Users/JustinThomas/.rvm/rubies/ruby-2.2.3/lib/ruby/gems/2.2.0/gems/learn-test-1.2.23/lib/learn_test/jasmine/jasmine.js:333:19
clearStack@file:///Users/JustinThomas/.rvm/rubies/ruby-2.2.3/lib/ruby/gems/2.2.0/gems/learn-test-1.2.23/lib/learn_test/jasmine/jasmine.js:506:11
run@file:///Users/JustinThomas/.rvm/rubies/ruby-2.2.3/lib/ruby/gems/2.2.0/gems/learn-test-1.2.23/lib/learn_test/jasmine/jasmine.js:1505:22
execute@file:///Users/JustinThomas/.rvm/rubies/ruby-2.2.3/lib/ruby/gems/2.2.0/gems/learn-test-1.2.23/lib/learn_test/jasmine/jasmine.js:1485:13
queueRunnerFactory@file:///Users/JustinThomas/.rvm/rubies/ruby-2.2.3/lib/ruby/gems/2.2.0/gems/learn-test-1.2.23/lib/learn_test/jasmine/jasmine.js:518:42
execute@file:///Users/JustinThomas/.rvm/rubies/ruby-2.2.3/lib/ruby/gems/2.2.0/gems/learn-test-1.2.23/lib/learn_test/jasmine/jasmine.js:306:28
file:///Users/JustinThomas/.rvm/rubies/ruby-2.2.3/lib/ruby/gems/2.2.0/gems/learn-test-1.2.23/lib/learn_test/jasmine/jasmine.js:1708:44
attemptAsync@file:///Users/JustinThomas/.rvm/rubies/ruby-2.2.3/lib/ruby/gems/2.2.0/gems/learn-test-1.2.23/lib/learn_test/jasmine/jasmine.js:1520:16
run@file:///Users/JustinThomas/.rvm/rubies/ruby-2.2.3/lib/ruby/gems/2.2.0/gems/learn-test-1.2.23/lib/learn_test/jasmine/jasmine.js:1496:28
execute@file:///Users/JustinThomas/.rvm/rubies/ruby-2.2.3/lib/ruby/gems/2.2.0/gems/learn-test-1.2.23/lib/learn_test/jasmine/jasmine.js:1485:13
queueRunnerFactory@file:///Users/JustinThomas/.rvm/rubies/ruby-2.2.3/lib/ruby/gems/2.2.0/gems/learn-test-1.2.23/lib/learn_test/jasmine/jasmine.js:518:42
execute@file:///Users/JustinThomas/.rvm/rubies/ruby-2.2.3/lib/ruby/gems/2.2.0/gems/learn-test-1.2.23/lib/learn_test/jasmine/jasmine.js:1694:21
file:///Users/JustinThomas/.rvm/rubies/ruby-2.2.3/lib/ruby/gems/2.2.0/gems/learn-test-1.2.23/lib/learn_test/jasmine/jasmine.js:1708:44
attemptAsync@file:///Users/JustinThomas/.rvm/rubies/ruby-2.2.3/lib/ruby/gems/2.2.0/gems/learn-test-1.2.23/lib/learn_test/jasmine/jasmine.js:1520:16
run@file:///Users/JustinThomas/.rvm/rubies/ruby-2.2.3/lib/ruby/gems/2.2.0/gems/learn-test-1.2.23/lib/learn_test/jasmine/jasmine.js:1496:28
next@file:///Users/JustinThomas/.rvm/rubies/ruby-2.2.3/lib/ruby/gems/2.2.0/gems/learn-test-1.2.23/lib/learn_test/jasmine/jasmine.js:1517:40
complete@file:///Users/JustinThomas/.rvm/rubies/ruby-2.2.3/lib/ruby/gems/2.2.0/gems/learn-test-1.2.23/lib/learn_test/jasmine/jasmine.js:1703:19
clearStack@file:///Users/JustinThomas/.rvm/rubies/ruby-2.2.3/lib/ruby/gems/2.2.0/gems/learn-test-1.2.23/lib/learn_test/jasmine/jasmine.js:506:11
run@file:///Users/JustinThomas/.rvm/rubies/ruby-2.2.3/lib/ruby/gems/2.2.0/gems/learn-test-1.2.23/lib/learn_test/jasmine/jasmine.js:1505:22
next@file:///Users/JustinThomas/.rvm/rubies/ruby-2.2.3/lib/ruby/gems/2.2.0/gems/learn-test-1.2.23/lib/learn_test/jasmine/jasmine.js:1517:40
complete@file:///Users/JustinThomas/.rvm/rubies/ruby-2.2.3/lib/ruby/gems/2.2.0/gems/learn-test-1.2.23/lib/learn_test/jasmine/jasmine.js:333:19
clearStack@file:///Users/JustinThomas/.rvm/rubies/ruby-2.2.3/lib/ruby/gems/2.2.0/gems/learn-test-1.2.23/lib/learn_test/jasmine/jasmine.js:506:11
run@file:///Users/JustinThomas/.rvm/rubies/ruby-2.2.3/lib/ruby/gems/2.2.0/gems/learn-test-1.2.23/lib/learn_test/jasmine/jasmine.js:1505:22
execute@file:///Users/JustinThomas/.rvm/rubies/ruby-2.2.3/lib/ruby/gems/2.2.0/gems/learn-test-1.2.23/lib/learn_test/jasmine/jasmine.js:1485:13
queueRunnerFactory@file:///Users/JustinThomas/.rvm/rubies/ruby-2.2.3/lib/ruby/gems/2.2.0/gems/learn-test-1.2.23/lib/learn_test/jasmine/jasmine.js:518:42
execute@file:///Users/JustinThomas/.rvm/rubies/ruby-2.2.3/lib/ruby/gems/2.2.0/gems/learn-test-1.2.23/lib/learn_test/jasmine/jasmine.js:306:28
file:///Users/JustinThomas/.rvm/rubies/ruby-2.2.3/lib/ruby/gems/2.2.0/gems/learn-test-1.2.23/lib/learn_test/jasmine/jasmine.js:1708:44
attemptAsync@file:///Users/JustinThomas/.rvm/rubies/ruby-2.2.3/lib/ruby/gems/2.2.0/gems/learn-test-1.2.23/lib/learn_test/jasmine/jasmine.js:1520:16
run@file:///Users/JustinThomas/.rvm/rubies/ruby-2.2.3/lib/ruby/gems/2.2.0/gems/learn-test-1.2.23/lib/learn_test/jasmine/jasmine.js:1496:28
execute@file:///Users/JustinThomas/.rvm/rubies/ruby-2.2.3/lib/ruby/gems/2.2.0/gems/learn-test-1.2.23/lib/learn_test/jasmine/jasmine.js:1485:13
queueRunnerFactory@file:///Users/JustinThomas/.rvm/rubies/ruby-2.2.3/lib/ruby/gems/2.2.0/gems/learn-test-1.2.23/lib/learn_test/jasmine/jasmine.js:518:42
execute@file:///Users/JustinThomas/.rvm/rubies/ruby-2.2.3/lib/ruby/gems/2.2.0/gems/learn-test-1.2.23/lib/learn_test/jasmine/jasmine.js:1694:21
file:///Users/JustinThomas/.rvm/rubies/ruby-2.2.3/lib/ruby/gems/2.2.0/gems/learn-test-1.2.23/lib/learn_test/jasmine/jasmine.js:1708:44
attemptAsync@file:///Users/JustinThomas/.rvm/rubies/ruby-2.2.3/lib/ruby/gems/2.2.0/gems/learn-test-1.2.23/lib/learn_test/jasmine/jasmine.js:1520:16
run@file:///Users/JustinThomas/.rvm/rubies/ruby-2.2.3/lib/ruby/gems/2.2.0/gems/learn-test-1.2.23/lib/learn_test/jasmine/jasmine.js:1496:28
execute@file:///Users/JustinThomas/.rvm/rubies/ruby-2.2.3/lib/ruby/gems/2.2.0/gems/learn-test-1.2.23/lib/learn_test/jasmine/jasmine.js:1485:13
queueRunnerFactory@file:///Users/JustinThomas/.rvm/rubies/ruby-2.2.3/lib/ruby/gems/2.2.0/gems/learn-test-1.2.23/lib/learn_test/jasmine/jasmine.js:518:42
execute@file:///Users/JustinThomas/.rvm/rubies/ruby-2.2.3/lib/ruby/gems/2.2.0/gems/learn-test-1.2.23/lib/learn_test/jasmine/jasmine.js:1694:21
file:///Users/JustinThomas/.rvm/rubies/ruby-2.2.3/lib/ruby/gems/2.2.0/gems/learn-test-1.2.23/lib/learn_test/jasmine/jasmine.js:1708:44
attemptAsync@file:///Users/JustinThomas/.rvm/rubies/ruby-2.2.3/lib/ruby/gems/2.2.0/gems/learn-test-1.2.23/lib/learn_test/jasmine/jasmine.js:1520:16
run@file:///Users/JustinThomas/.rvm/rubies/ruby-2.2.3/lib/ruby/gems/2.2.0/gems/learn-test-1.2.23/lib/learn_test/jasmine/jasmine.js:1496:28
execute@file:///Users/JustinThomas/.rvm/rubies/ruby-2.2.3/lib/ruby/gems/2.2.0/gems/learn-test-1.2.23/lib/learn_test/jasmine/jasmine.js:1485:13
queueRunnerFactory@file:///Users/JustinThomas/.rvm/rubies/ruby-2.2.3/lib/ruby/gems/2.2.0/gems/learn-test-1.2.23/lib/learn_test/jasmine/jasmine.js:518:42
execute@file:///Users/JustinThomas/.rvm/rubies/ruby-2.2.3/lib/ruby/gems/2.2.0/gems/learn-test-1.2.23/lib/learn_test/jasmine/jasmine.js:1694:21
file:///Users/JustinThomas/.rvm/rubies/ruby-2.2.3/lib/ruby/gems/2.2.0/gems/learn-test-1.2.23/lib/learn_test/jasmine/jasmine.js:541:83
attemptAsync@file:///Users/JustinThomas/.rvm/rubies/ruby-2.2.3/lib/ruby/gems/2.2.0/gems/learn-test-1.2.23/lib/learn_test/jasmine/jasmine.js:1520:16
run@file:///Users/JustinThomas/.rvm/rubies/ruby-2.2.3/lib/ruby/gems/2.2.0/gems/learn-test-1.2.23/lib/learn_test/jasmine/jasmine.js:1496:28
execute@file:///Users/JustinThomas/.rvm/rubies/ruby-2.2.3/lib/ruby/gems/2.2.0/gems/learn-test-1.2.23/lib/learn_test/jasmine/jasmine.js:1485:13
queueRunnerFactory@file:///Users/JustinThomas/.rvm/rubies/ruby-2.2.3/lib/ruby/gems/2.2.0/gems/learn-test-1.2.23/lib/learn_test/jasmine/jasmine.js:518:42
execute@file:///Users/JustinThomas/.rvm/rubies/ruby-2.2.3/lib/ruby/gems/2.2.0/gems/learn-test-1.2.23/lib/learn_test/jasmine/jasmine.js:548:25
onload@file:///Users/JustinThomas/.rvm/rubies/ruby-2.2.3/lib/ruby/gems/2.2.0/gems/learn-test-1.2.23/lib/learn_test/jasmine/boot.js:172:16			</failure>
		</testcase>
		<testcase classname="Tic Tac Toe Functionality" name="#updateState adds the return value of `player()` to the clicked `td` on the board" time="0.002">
			<failure type="" message="ReferenceError: Can&amp;apos;t find variable: attachListeners in file:///Users/JustinThomas/Development/code/js-tictactoe-rails-api-v-000/spec/tictactoe.spec.js (line 50)">
file:///Users/JustinThomas/Development/code/js-tictactoe-rails-api-v-000/spec/tictactoe.spec.js:50:22
attemptSync@file:///Users/JustinThomas/.rvm/rubies/ruby-2.2.3/lib/ruby/gems/2.2.0/gems/learn-test-1.2.23/lib/learn_test/jasmine/jasmine.js:1510:16
run@file:///Users/JustinThomas/.rvm/rubies/ruby-2.2.3/lib/ruby/gems/2.2.0/gems/learn-test-1.2.23/lib/learn_test/jasmine/jasmine.js:1498:20
execute@file:///Users/JustinThomas/.rvm/rubies/ruby-2.2.3/lib/ruby/gems/2.2.0/gems/learn-test-1.2.23/lib/learn_test/jasmine/jasmine.js:1485:13
queueRunnerFactory@file:///Users/JustinThomas/.rvm/rubies/ruby-2.2.3/lib/ruby/gems/2.2.0/gems/learn-test-1.2.23/lib/learn_test/jasmine/jasmine.js:518:42
execute@file:///Users/JustinThomas/.rvm/rubies/ruby-2.2.3/lib/ruby/gems/2.2.0/gems/learn-test-1.2.23/lib/learn_test/jasmine/jasmine.js:306:28
file:///Users/JustinThomas/.rvm/rubies/ruby-2.2.3/lib/ruby/gems/2.2.0/gems/learn-test-1.2.23/lib/learn_test/jasmine/jasmine.js:1708:44
attemptAsync@file:///Users/JustinThomas/.rvm/rubies/ruby-2.2.3/lib/ruby/gems/2.2.0/gems/learn-test-1.2.23/lib/learn_test/jasmine/jasmine.js:1520:16
run@file:///Users/JustinThomas/.rvm/rubies/ruby-2.2.3/lib/ruby/gems/2.2.0/gems/learn-test-1.2.23/lib/learn_test/jasmine/jasmine.js:1496:28
execute@file:///Users/JustinThomas/.rvm/rubies/ruby-2.2.3/lib/ruby/gems/2.2.0/gems/learn-test-1.2.23/lib/learn_test/jasmine/jasmine.js:1485:13
queueRunnerFactory@file:///Users/JustinThomas/.rvm/rubies/ruby-2.2.3/lib/ruby/gems/2.2.0/gems/learn-test-1.2.23/lib/learn_test/jasmine/jasmine.js:518:42
execute@file:///Users/JustinThomas/.rvm/rubies/ruby-2.2.3/lib/ruby/gems/2.2.0/gems/learn-test-1.2.23/lib/learn_test/jasmine/jasmine.js:1694:21
file:///Users/JustinThomas/.rvm/rubies/ruby-2.2.3/lib/ruby/gems/2.2.0/gems/learn-test-1.2.23/lib/learn_test/jasmine/jasmine.js:1708:44
attemptAsync@file:///Users/JustinThomas/.rvm/rubies/ruby-2.2.3/lib/ruby/gems/2.2.0/gems/learn-test-1.2.23/lib/learn_test/jasmine/jasmine.js:1520:16
run@file:///Users/JustinThomas/.rvm/rubies/ruby-2.2.3/lib/ruby/gems/2.2.0/gems/learn-test-1.2.23/lib/learn_test/jasmine/jasmine.js:1496:28
next@file:///Users/JustinThomas/.rvm/rubies/ruby-2.2.3/lib/ruby/gems/2.2.0/gems/learn-test-1.2.23/lib/learn_test/jasmine/jasmine.js:1517:40
complete@file:///Users/JustinThomas/.rvm/rubies/ruby-2.2.3/lib/ruby/gems/2.2.0/gems/learn-test-1.2.23/lib/learn_test/jasmine/jasmine.js:1703:19
clearStack@file:///Users/JustinThomas/.rvm/rubies/ruby-2.2.3/lib/ruby/gems/2.2.0/gems/learn-test-1.2.23/lib/learn_test/jasmine/jasmine.js:506:11
run@file:///Users/JustinThomas/.rvm/rubies/ruby-2.2.3/lib/ruby/gems/2.2.0/gems/learn-test-1.2.23/lib/learn_test/jasmine/jasmine.js:1505:22
next@file:///Users/JustinThomas/.rvm/rubies/ruby-2.2.3/lib/ruby/gems/2.2.0/gems/learn-test-1.2.23/lib/learn_test/jasmine/jasmine.js:1517:40
complete@file:///Users/JustinThomas/.rvm/rubies/ruby-2.2.3/lib/ruby/gems/2.2.0/gems/learn-test-1.2.23/lib/learn_test/jasmine/jasmine.js:333:19
clearStack@file:///Users/JustinThomas/.rvm/rubies/ruby-2.2.3/lib/ruby/gems/2.2.0/gems/learn-test-1.2.23/lib/learn_test/jasmine/jasmine.js:506:11
run@file:///Users/JustinThomas/.rvm/rubies/ruby-2.2.3/lib/ruby/gems/2.2.0/gems/learn-test-1.2.23/lib/learn_test/jasmine/jasmine.js:1505:22
execute@file:///Users/JustinThomas/.rvm/rubies/ruby-2.2.3/lib/ruby/gems/2.2.0/gems/learn-test-1.2.23/lib/learn_test/jasmine/jasmine.js:1485:13
queueRunnerFactory@file:///Users/JustinThomas/.rvm/rubies/ruby-2.2.3/lib/ruby/gems/2.2.0/gems/learn-test-1.2.23/lib/learn_test/jasmine/jasmine.js:518:42
execute@file:///Users/JustinThomas/.rvm/rubies/ruby-2.2.3/lib/ruby/gems/2.2.0/gems/learn-test-1.2.23/lib/learn_test/jasmine/jasmine.js:306:28
file:///Users/JustinThomas/.rvm/rubies/ruby-2.2.3/lib/ruby/gems/2.2.0/gems/learn-test-1.2.23/lib/learn_test/jasmine/jasmine.js:1708:44
attemptAsync@file:///Users/JustinThomas/.rvm/rubies/ruby-2.2.3/lib/ruby/gems/2.2.0/gems/learn-test-1.2.23/lib/learn_test/jasmine/jasmine.js:1520:16
run@file:///Users/JustinThomas/.rvm/rubies/ruby-2.2.3/lib/ruby/gems/2.2.0/gems/learn-test-1.2.23/lib/learn_test/jasmine/jasmine.js:1496:28
next@file:///Users/JustinThomas/.rvm/rubies/ruby-2.2.3/lib/ruby/gems/2.2.0/gems/learn-test-1.2.23/lib/learn_test/jasmine/jasmine.js:1517:40
complete@file:///Users/JustinThomas/.rvm/rubies/ruby-2.2.3/lib/ruby/gems/2.2.0/gems/learn-test-1.2.23/lib/learn_test/jasmine/jasmine.js:333:19
clearStack@file:///Users/JustinThomas/.rvm/rubies/ruby-2.2.3/lib/ruby/gems/2.2.0/gems/learn-test-1.2.23/lib/learn_test/jasmine/jasmine.js:506:11
run@file:///Users/JustinThomas/.rvm/rubies/ruby-2.2.3/lib/ruby/gems/2.2.0/gems/learn-test-1.2.23/lib/learn_test/jasmine/jasmine.js:1505:22
execute@file:///Users/JustinThomas/.rvm/rubies/ruby-2.2.3/lib/ruby/gems/2.2.0/gems/learn-test-1.2.23/lib/learn_test/jasmine/jasmine.js:1485:13
queueRunnerFactory@file:///Users/JustinThomas/.rvm/rubies/ruby-2.2.3/lib/ruby/gems/2.2.0/gems/learn-test-1.2.23/lib/learn_test/jasmine/jasmine.js:518:42
execute@file:///Users/JustinThomas/.rvm/rubies/ruby-2.2.3/lib/ruby/gems/2.2.0/gems/learn-test-1.2.23/lib/learn_test/jasmine/jasmine.js:306:28
file:///Users/JustinThomas/.rvm/rubies/ruby-2.2.3/lib/ruby/gems/2.2.0/gems/learn-test-1.2.23/lib/learn_test/jasmine/jasmine.js:1708:44
attemptAsync@file:///Users/JustinThomas/.rvm/rubies/ruby-2.2.3/lib/ruby/gems/2.2.0/gems/learn-test-1.2.23/lib/learn_test/jasmine/jasmine.js:1520:16
run@file:///Users/JustinThomas/.rvm/rubies/ruby-2.2.3/lib/ruby/gems/2.2.0/gems/learn-test-1.2.23/lib/learn_test/jasmine/jasmine.js:1496:28
execute@file:///Users/JustinThomas/.rvm/rubies/ruby-2.2.3/lib/ruby/gems/2.2.0/gems/learn-test-1.2.23/lib/learn_test/jasmine/jasmine.js:1485:13
queueRunnerFactory@file:///Users/JustinThomas/.rvm/rubies/ruby-2.2.3/lib/ruby/gems/2.2.0/gems/learn-test-1.2.23/lib/learn_test/jasmine/jasmine.js:518:42
execute@file:///Users/JustinThomas/.rvm/rubies/ruby-2.2.3/lib/ruby/gems/2.2.0/gems/learn-test-1.2.23/lib/learn_test/jasmine/jasmine.js:1694:21
file:///Users/JustinThomas/.rvm/rubies/ruby-2.2.3/lib/ruby/gems/2.2.0/gems/learn-test-1.2.23/lib/learn_test/jasmine/jasmine.js:1708:44
attemptAsync@file:///Users/JustinThomas/.rvm/rubies/ruby-2.2.3/lib/ruby/gems/2.2.0/gems/learn-test-1.2.23/lib/learn_test/jasmine/jasmine.js:1520:16
run@file:///Users/JustinThomas/.rvm/rubies/ruby-2.2.3/lib/ruby/gems/2.2.0/gems/learn-test-1.2.23/lib/learn_test/jasmine/jasmine.js:1496:28
next@file:///Users/JustinThomas/.rvm/rubies/ruby-2.2.3/lib/ruby/gems/2.2.0/gems/learn-test-1.2.23/lib/learn_test/jasmine/jasmine.js:1517:40
complete@file:///Users/JustinThomas/.rvm/rubies/ruby-2.2.3/lib/ruby/gems/2.2.0/gems/learn-test-1.2.23/lib/learn_test/jasmine/jasmine.js:1703:19
clearStack@file:///Users/JustinThomas/.rvm/rubies/ruby-2.2.3/lib/ruby/gems/2.2.0/gems/learn-test-1.2.23/lib/learn_test/jasmine/jasmine.js:506:11
run@file:///Users/JustinThomas/.rvm/rubies/ruby-2.2.3/lib/ruby/gems/2.2.0/gems/learn-test-1.2.23/lib/learn_test/jasmine/jasmine.js:1505:22
next@file:///Users/JustinThomas/.rvm/rubies/ruby-2.2.3/lib/ruby/gems/2.2.0/gems/learn-test-1.2.23/lib/learn_test/jasmine/jasmine.js:1517:40
complete@file:///Users/JustinThomas/.rvm/rubies/ruby-2.2.3/lib/ruby/gems/2.2.0/gems/learn-test-1.2.23/lib/learn_test/jasmine/jasmine.js:333:19
clearStack@file:///Users/JustinThomas/.rvm/rubies/ruby-2.2.3/lib/ruby/gems/2.2.0/gems/learn-test-1.2.23/lib/learn_test/jasmine/jasmine.js:506:11
run@file:///Users/JustinThomas/.rvm/rubies/ruby-2.2.3/lib/ruby/gems/2.2.0/gems/learn-test-1.2.23/lib/learn_test/jasmine/jasmine.js:1505:22
execute@file:///Users/JustinThomas/.rvm/rubies/ruby-2.2.3/lib/ruby/gems/2.2.0/gems/learn-test-1.2.23/lib/learn_test/jasmine/jasmine.js:1485:13
queueRunnerFactory@file:///Users/JustinThomas/.rvm/rubies/ruby-2.2.3/lib/ruby/gems/2.2.0/gems/learn-test-1.2.23/lib/learn_test/jasmine/jasmine.js:518:42
execute@file:///Users/JustinThomas/.rvm/rubies/ruby-2.2.3/lib/ruby/gems/2.2.0/gems/learn-test-1.2.23/lib/learn_test/jasmine/jasmine.js:306:28
file:///Users/JustinThomas/.rvm/rubies/ruby-2.2.3/lib/ruby/gems/2.2.0/gems/learn-test-1.2.23/lib/learn_test/jasmine/jasmine.js:1708:44
attemptAsync@file:///Users/JustinThomas/.rvm/rubies/ruby-2.2.3/lib/ruby/gems/2.2.0/gems/learn-test-1.2.23/lib/learn_test/jasmine/jasmine.js:1520:16
run@file:///Users/JustinThomas/.rvm/rubies/ruby-2.2.3/lib/ruby/gems/2.2.0/gems/learn-test-1.2.23/lib/learn_test/jasmine/jasmine.js:1496:28
execute@file:///Users/JustinThomas/.rvm/rubies/ruby-2.2.3/lib/ruby/gems/2.2.0/gems/learn-test-1.2.23/lib/learn_test/jasmine/jasmine.js:1485:13
queueRunnerFactory@file:///Users/JustinThomas/.rvm/rubies/ruby-2.2.3/lib/ruby/gems/2.2.0/gems/learn-test-1.2.23/lib/learn_test/jasmine/jasmine.js:518:42
execute@file:///Users/JustinThomas/.rvm/rubies/ruby-2.2.3/lib/ruby/gems/2.2.0/gems/learn-test-1.2.23/lib/learn_test/jasmine/jasmine.js:1694:21
file:///Users/JustinThomas/.rvm/rubies/ruby-2.2.3/lib/ruby/gems/2.2.0/gems/learn-test-1.2.23/lib/learn_test/jasmine/jasmine.js:1708:44
attemptAsync@file:///Users/JustinThomas/.rvm/rubies/ruby-2.2.3/lib/ruby/gems/2.2.0/gems/learn-test-1.2.23/lib/learn_test/jasmine/jasmine.js:1520:16
run@file:///Users/JustinThomas/.rvm/rubies/ruby-2.2.3/lib/ruby/gems/2.2.0/gems/learn-test-1.2.23/lib/learn_test/jasmine/jasmine.js:1496:28
next@file:///Users/JustinThomas/.rvm/rubies/ruby-2.2.3/lib/ruby/gems/2.2.0/gems/learn-test-1.2.23/lib/learn_test/jasmine/jasmine.js:1517:40
complete@file:///Users/JustinThomas/.rvm/rubies/ruby-2.2.3/lib/ruby/gems/2.2.0/gems/learn-test-1.2.23/lib/learn_test/jasmine/jasmine.js:1703:19
clearStack@file:///Users/JustinThomas/.rvm/rubies/ruby-2.2.3/lib/ruby/gems/2.2.0/gems/learn-test-1.2.23/lib/learn_test/jasmine/jasmine.js:506:11
run@file:///Users/JustinThomas/.rvm/rubies/ruby-2.2.3/lib/ruby/gems/2.2.0/gems/learn-test-1.2.23/lib/learn_test/jasmine/jasmine.js:1505:22
next@file:///Users/JustinThomas/.rvm/rubies/ruby-2.2.3/lib/ruby/gems/2.2.0/gems/learn-test-1.2.23/lib/learn_test/jasmine/jasmine.js:1517:40
complete@file:///Users/JustinThomas/.rvm/rubies/ruby-2.2.3/lib/ruby/gems/2.2.0/gems/learn-test-1.2.23/lib/learn_test/jasmine/jasmine.js:333:19
clearStack@file:///Users/JustinThomas/.rvm/rubies/ruby-2.2.3/lib/ruby/gems/2.2.0/gems/learn-test-1.2.23/lib/learn_test/jasmine/jasmine.js:506:11
run@file:///Users/JustinThomas/.rvm/rubies/ruby-2.2.3/lib/ruby/gems/2.2.0/gems/learn-test-1.2.23/lib/learn_test/jasmine/jasmine.js:1505:22
execute@file:///Users/JustinThomas/.rvm/rubies/ruby-2.2.3/lib/ruby/gems/2.2.0/gems/learn-test-1.2.23/lib/learn_test/jasmine/jasmine.js:1485:13
queueRunnerFactory@file:///Users/JustinThomas/.rvm/rubies/ruby-2.2.3/lib/ruby/gems/2.2.0/gems/learn-test-1.2.23/lib/learn_test/jasmine/jasmine.js:518:42
execute@file:///Users/JustinThomas/.rvm/rubies/ruby-2.2.3/lib/ruby/gems/2.2.0/gems/learn-test-1.2.23/lib/learn_test/jasmine/jasmine.js:306:28
file:///Users/JustinThomas/.rvm/rubies/ruby-2.2.3/lib/ruby/gems/2.2.0/gems/learn-test-1.2.23/lib/learn_test/jasmine/jasmine.js:1708:44
attemptAsync@file:///Users/JustinThomas/.rvm/rubies/ruby-2.2.3/lib/ruby/gems/2.2.0/gems/learn-test-1.2.23/lib/learn_test/jasmine/jasmine.js:1520:16
run@file:///Users/JustinThomas/.rvm/rubies/ruby-2.2.3/lib/ruby/gems/2.2.0/gems/learn-test-1.2.23/lib/learn_test/jasmine/jasmine.js:1496:28
execute@file:///Users/JustinThomas/.rvm/rubies/ruby-2.2.3/lib/ruby/gems/2.2.0/gems/learn-test-1.2.23/lib/learn_test/jasmine/jasmine.js:1485:13
queueRunnerFactory@file:///Users/JustinThomas/.rvm/rubies/ruby-2.2.3/lib/ruby/gems/2.2.0/gems/learn-test-1.2.23/lib/learn_test/jasmine/jasmine.js:518:42
execute@file:///Users/JustinThomas/.rvm/rubies/ruby-2.2.3/lib/ruby/gems/2.2.0/gems/learn-test-1.2.23/lib/learn_test/jasmine/jasmine.js:1694:21
file:///Users/JustinThomas/.rvm/rubies/ruby-2.2.3/lib/ruby/gems/2.2.0/gems/learn-test-1.2.23/lib/learn_test/jasmine/jasmine.js:1708:44
attemptAsync@file:///Users/JustinThomas/.rvm/rubies/ruby-2.2.3/lib/ruby/gems/2.2.0/gems/learn-test-1.2.23/lib/learn_test/jasmine/jasmine.js:1520:16
run@file:///Users/JustinThomas/.rvm/rubies/ruby-2.2.3/lib/ruby/gems/2.2.0/gems/learn-test-1.2.23/lib/learn_test/jasmine/jasmine.js:1496:28
execute@file:///Users/JustinThomas/.rvm/rubies/ruby-2.2.3/lib/ruby/gems/2.2.0/gems/learn-test-1.2.23/lib/learn_test/jasmine/jasmine.js:1485:13
queueRunnerFactory@file:///Users/JustinThomas/.rvm/rubies/ruby-2.2.3/lib/ruby/gems/2.2.0/gems/learn-test-1.2.23/lib/learn_test/jasmine/jasmine.js:518:42
execute@file:///Users/JustinThomas/.rvm/rubies/ruby-2.2.3/lib/ruby/gems/2.2.0/gems/learn-test-1.2.23/lib/learn_test/jasmine/jasmine.js:1694:21
file:///Users/JustinThomas/.rvm/rubies/ruby-2.2.3/lib/ruby/gems/2.2.0/gems/learn-test-1.2.23/lib/learn_test/jasmine/jasmine.js:1708:44
attemptAsync@file:///Users/JustinThomas/.rvm/rubies/ruby-2.2.3/lib/ruby/gems/2.2.0/gems/learn-test-1.2.23/lib/learn_test/jasmine/jasmine.js:1520:16
run@file:///Users/JustinThomas/.rvm/rubies/ruby-2.2.3/lib/ruby/gems/2.2.0/gems/learn-test-1.2.23/lib/learn_test/jasmine/jasmine.js:1496:28
execute@file:///Users/JustinThomas/.rvm/rubies/ruby-2.2.3/lib/ruby/gems/2.2.0/gems/learn-test-1.2.23/lib/learn_test/jasmine/jasmine.js:1485:13
queueRunnerFactory@file:///Users/JustinThomas/.rvm/rubies/ruby-2.2.3/lib/ruby/gems/2.2.0/gems/learn-test-1.2.23/lib/learn_test/jasmine/jasmine.js:518:42
execute@file:///Users/JustinThomas/.rvm/rubies/ruby-2.2.3/lib/ruby/gems/2.2.0/gems/learn-test-1.2.23/lib/learn_test/jasmine/jasmine.js:1694:21
file:///Users/JustinThomas/.rvm/rubies/ruby-2.2.3/lib/ruby/gems/2.2.0/gems/learn-test-1.2.23/lib/learn_test/jasmine/jasmine.js:541:83
attemptAsync@file:///Users/JustinThomas/.rvm/rubies/ruby-2.2.3/lib/ruby/gems/2.2.0/gems/learn-test-1.2.23/lib/learn_test/jasmine/jasmine.js:1520:16
run@file:///Users/JustinThomas/.rvm/rubies/ruby-2.2.3/lib/ruby/gems/2.2.0/gems/learn-test-1.2.23/lib/learn_test/jasmine/jasmine.js:1496:28
execute@file:///Users/JustinThomas/.rvm/rubies/ruby-2.2.3/lib/ruby/gems/2.2.0/gems/learn-test-1.2.23/lib/learn_test/jasmine/jasmine.js:1485:13
queueRunnerFactory@file:///Users/JustinThomas/.rvm/rubies/ruby-2.2.3/lib/ruby/gems/2.2.0/gems/learn-test-1.2.23/lib/learn_test/jasmine/jasmine.js:518:42
execute@file:///Users/JustinThomas/.rvm/rubies/ruby-2.2.3/lib/ruby/gems/2.2.0/gems/learn-test-1.2.23/lib/learn_test/jasmine/jasmine.js:548:25
onload@file:///Users/JustinThomas/.rvm/rubies/ruby-2.2.3/lib/ruby/gems/2.2.0/gems/learn-test-1.2.23/lib/learn_test/jasmine/boot.js:172:16			</failure>
		</testcase>
		<testcase classname="Tic Tac Toe Functionality" name="#updateState calls on `player()`" time="0.001">
			<failure type="" message="ReferenceError: Can&amp;apos;t find variable: attachListeners in file:///Users/JustinThomas/Development/code/js-tictactoe-rails-api-v-000/spec/tictactoe.spec.js (line 58)">
file:///Users/JustinThomas/Development/code/js-tictactoe-rails-api-v-000/spec/tictactoe.spec.js:58:22
attemptSync@file:///Users/JustinThomas/.rvm/rubies/ruby-2.2.3/lib/ruby/gems/2.2.0/gems/learn-test-1.2.23/lib/learn_test/jasmine/jasmine.js:1510:16
run@file:///Users/JustinThomas/.rvm/rubies/ruby-2.2.3/lib/ruby/gems/2.2.0/gems/learn-test-1.2.23/lib/learn_test/jasmine/jasmine.js:1498:20
execute@file:///Users/JustinThomas/.rvm/rubies/ruby-2.2.3/lib/ruby/gems/2.2.0/gems/learn-test-1.2.23/lib/learn_test/jasmine/jasmine.js:1485:13
queueRunnerFactory@file:///Users/JustinThomas/.rvm/rubies/ruby-2.2.3/lib/ruby/gems/2.2.0/gems/learn-test-1.2.23/lib/learn_test/jasmine/jasmine.js:518:42
execute@file:///Users/JustinThomas/.rvm/rubies/ruby-2.2.3/lib/ruby/gems/2.2.0/gems/learn-test-1.2.23/lib/learn_test/jasmine/jasmine.js:306:28
file:///Users/JustinThomas/.rvm/rubies/ruby-2.2.3/lib/ruby/gems/2.2.0/gems/learn-test-1.2.23/lib/learn_test/jasmine/jasmine.js:1708:44
attemptAsync@file:///Users/JustinThomas/.rvm/rubies/ruby-2.2.3/lib/ruby/gems/2.2.0/gems/learn-test-1.2.23/lib/learn_test/jasmine/jasmine.js:1520:16
run@file:///Users/JustinThomas/.rvm/rubies/ruby-2.2.3/lib/ruby/gems/2.2.0/gems/learn-test-1.2.23/lib/learn_test/jasmine/jasmine.js:1496:28
next@file:///Users/JustinThomas/.rvm/rubies/ruby-2.2.3/lib/ruby/gems/2.2.0/gems/learn-test-1.2.23/lib/learn_test/jasmine/jasmine.js:1517:40
complete@file:///Users/JustinThomas/.rvm/rubies/ruby-2.2.3/lib/ruby/gems/2.2.0/gems/learn-test-1.2.23/lib/learn_test/jasmine/jasmine.js:333:19
clearStack@file:///Users/JustinThomas/.rvm/rubies/ruby-2.2.3/lib/ruby/gems/2.2.0/gems/learn-test-1.2.23/lib/learn_test/jasmine/jasmine.js:506:11
run@file:///Users/JustinThomas/.rvm/rubies/ruby-2.2.3/lib/ruby/gems/2.2.0/gems/learn-test-1.2.23/lib/learn_test/jasmine/jasmine.js:1505:22
execute@file:///Users/JustinThomas/.rvm/rubies/ruby-2.2.3/lib/ruby/gems/2.2.0/gems/learn-test-1.2.23/lib/learn_test/jasmine/jasmine.js:1485:13
queueRunnerFactory@file:///Users/JustinThomas/.rvm/rubies/ruby-2.2.3/lib/ruby/gems/2.2.0/gems/learn-test-1.2.23/lib/learn_test/jasmine/jasmine.js:518:42
execute@file:///Users/JustinThomas/.rvm/rubies/ruby-2.2.3/lib/ruby/gems/2.2.0/gems/learn-test-1.2.23/lib/learn_test/jasmine/jasmine.js:306:28
file:///Users/JustinThomas/.rvm/rubies/ruby-2.2.3/lib/ruby/gems/2.2.0/gems/learn-test-1.2.23/lib/learn_test/jasmine/jasmine.js:1708:44
attemptAsync@file:///Users/JustinThomas/.rvm/rubies/ruby-2.2.3/lib/ruby/gems/2.2.0/gems/learn-test-1.2.23/lib/learn_test/jasmine/jasmine.js:1520:16
run@file:///Users/JustinThomas/.rvm/rubies/ruby-2.2.3/lib/ruby/gems/2.2.0/gems/learn-test-1.2.23/lib/learn_test/jasmine/jasmine.js:1496:28
execute@file:///Users/JustinThomas/.rvm/rubies/ruby-2.2.3/lib/ruby/gems/2.2.0/gems/learn-test-1.2.23/lib/learn_test/jasmine/jasmine.js:1485:13
queueRunnerFactory@file:///Users/JustinThomas/.rvm/rubies/ruby-2.2.3/lib/ruby/gems/2.2.0/gems/learn-test-1.2.23/lib/learn_test/jasmine/jasmine.js:518:42
execute@file:///Users/JustinThomas/.rvm/rubies/ruby-2.2.3/lib/ruby/gems/2.2.0/gems/learn-test-1.2.23/lib/learn_test/jasmine/jasmine.js:1694:21
file:///Users/JustinThomas/.rvm/rubies/ruby-2.2.3/lib/ruby/gems/2.2.0/gems/learn-test-1.2.23/lib/learn_test/jasmine/jasmine.js:1708:44
attemptAsync@file:///Users/JustinThomas/.rvm/rubies/ruby-2.2.3/lib/ruby/gems/2.2.0/gems/learn-test-1.2.23/lib/learn_test/jasmine/jasmine.js:1520:16
run@file:///Users/JustinThomas/.rvm/rubies/ruby-2.2.3/lib/ruby/gems/2.2.0/gems/learn-test-1.2.23/lib/learn_test/jasmine/jasmine.js:1496:28
next@file:///Users/JustinThomas/.rvm/rubies/ruby-2.2.3/lib/ruby/gems/2.2.0/gems/learn-test-1.2.23/lib/learn_test/jasmine/jasmine.js:1517:40
complete@file:///Users/JustinThomas/.rvm/rubies/ruby-2.2.3/lib/ruby/gems/2.2.0/gems/learn-test-1.2.23/lib/learn_test/jasmine/jasmine.js:1703:19
clearStack@file:///Users/JustinThomas/.rvm/rubies/ruby-2.2.3/lib/ruby/gems/2.2.0/gems/learn-test-1.2.23/lib/learn_test/jasmine/jasmine.js:506:11
run@file:///Users/JustinThomas/.rvm/rubies/ruby-2.2.3/lib/ruby/gems/2.2.0/gems/learn-test-1.2.23/lib/learn_test/jasmine/jasmine.js:1505:22
next@file:///Users/JustinThomas/.rvm/rubies/ruby-2.2.3/lib/ruby/gems/2.2.0/gems/learn-test-1.2.23/lib/learn_test/jasmine/jasmine.js:1517:40
complete@file:///Users/JustinThomas/.rvm/rubies/ruby-2.2.3/lib/ruby/gems/2.2.0/gems/learn-test-1.2.23/lib/learn_test/jasmine/jasmine.js:333:19
clearStack@file:///Users/JustinThomas/.rvm/rubies/ruby-2.2.3/lib/ruby/gems/2.2.0/gems/learn-test-1.2.23/lib/learn_test/jasmine/jasmine.js:506:11
run@file:///Users/JustinThomas/.rvm/rubies/ruby-2.2.3/lib/ruby/gems/2.2.0/gems/learn-test-1.2.23/lib/learn_test/jasmine/jasmine.js:1505:22
execute@file:///Users/JustinThomas/.rvm/rubies/ruby-2.2.3/lib/ruby/gems/2.2.0/gems/learn-test-1.2.23/lib/learn_test/jasmine/jasmine.js:1485:13
queueRunnerFactory@file:///Users/JustinThomas/.rvm/rubies/ruby-2.2.3/lib/ruby/gems/2.2.0/gems/learn-test-1.2.23/lib/learn_test/jasmine/jasmine.js:518:42
execute@file:///Users/JustinThomas/.rvm/rubies/ruby-2.2.3/lib/ruby/gems/2.2.0/gems/learn-test-1.2.23/lib/learn_test/jasmine/jasmine.js:306:28
file:///Users/JustinThomas/.rvm/rubies/ruby-2.2.3/lib/ruby/gems/2.2.0/gems/learn-test-1.2.23/lib/learn_test/jasmine/jasmine.js:1708:44
attemptAsync@file:///Users/JustinThomas/.rvm/rubies/ruby-2.2.3/lib/ruby/gems/2.2.0/gems/learn-test-1.2.23/lib/learn_test/jasmine/jasmine.js:1520:16
run@file:///Users/JustinThomas/.rvm/rubies/ruby-2.2.3/lib/ruby/gems/2.2.0/gems/learn-test-1.2.23/lib/learn_test/jasmine/jasmine.js:1496:28
next@file:///Users/JustinThomas/.rvm/rubies/ruby-2.2.3/lib/ruby/gems/2.2.0/gems/learn-test-1.2.23/lib/learn_test/jasmine/jasmine.js:1517:40
complete@file:///Users/JustinThomas/.rvm/rubies/ruby-2.2.3/lib/ruby/gems/2.2.0/gems/learn-test-1.2.23/lib/learn_test/jasmine/jasmine.js:333:19
clearStack@file:///Users/JustinThomas/.rvm/rubies/ruby-2.2.3/lib/ruby/gems/2.2.0/gems/learn-test-1.2.23/lib/learn_test/jasmine/jasmine.js:506:11
run@file:///Users/JustinThomas/.rvm/rubies/ruby-2.2.3/lib/ruby/gems/2.2.0/gems/learn-test-1.2.23/lib/learn_test/jasmine/jasmine.js:1505:22
execute@file:///Users/JustinThomas/.rvm/rubies/ruby-2.2.3/lib/ruby/gems/2.2.0/gems/learn-test-1.2.23/lib/learn_test/jasmine/jasmine.js:1485:13
queueRunnerFactory@file:///Users/JustinThomas/.rvm/rubies/ruby-2.2.3/lib/ruby/gems/2.2.0/gems/learn-test-1.2.23/lib/learn_test/jasmine/jasmine.js:518:42
execute@file:///Users/JustinThomas/.rvm/rubies/ruby-2.2.3/lib/ruby/gems/2.2.0/gems/learn-test-1.2.23/lib/learn_test/jasmine/jasmine.js:306:28
file:///Users/JustinThomas/.rvm/rubies/ruby-2.2.3/lib/ruby/gems/2.2.0/gems/learn-test-1.2.23/lib/learn_test/jasmine/jasmine.js:1708:44
attemptAsync@file:///Users/JustinThomas/.rvm/rubies/ruby-2.2.3/lib/ruby/gems/2.2.0/gems/learn-test-1.2.23/lib/learn_test/jasmine/jasmine.js:1520:16
run@file:///Users/JustinThomas/.rvm/rubies/ruby-2.2.3/lib/ruby/gems/2.2.0/gems/learn-test-1.2.23/lib/learn_test/jasmine/jasmine.js:1496:28
execute@file:///Users/JustinThomas/.rvm/rubies/ruby-2.2.3/lib/ruby/gems/2.2.0/gems/learn-test-1.2.23/lib/learn_test/jasmine/jasmine.js:1485:13
queueRunnerFactory@file:///Users/JustinThomas/.rvm/rubies/ruby-2.2.3/lib/ruby/gems/2.2.0/gems/learn-test-1.2.23/lib/learn_test/jasmine/jasmine.js:518:42
execute@file:///Users/JustinThomas/.rvm/rubies/ruby-2.2.3/lib/ruby/gems/2.2.0/gems/learn-test-1.2.23/lib/learn_test/jasmine/jasmine.js:1694:21
file:///Users/JustinThomas/.rvm/rubies/ruby-2.2.3/lib/ruby/gems/2.2.0/gems/learn-test-1.2.23/lib/learn_test/jasmine/jasmine.js:1708:44
attemptAsync@file:///Users/JustinThomas/.rvm/rubies/ruby-2.2.3/lib/ruby/gems/2.2.0/gems/learn-test-1.2.23/lib/learn_test/jasmine/jasmine.js:1520:16
run@file:///Users/JustinThomas/.rvm/rubies/ruby-2.2.3/lib/ruby/gems/2.2.0/gems/learn-test-1.2.23/lib/learn_test/jasmine/jasmine.js:1496:28
next@file:///Users/JustinThomas/.rvm/rubies/ruby-2.2.3/lib/ruby/gems/2.2.0/gems/learn-test-1.2.23/lib/learn_test/jasmine/jasmine.js:1517:40
complete@file:///Users/JustinThomas/.rvm/rubies/ruby-2.2.3/lib/ruby/gems/2.2.0/gems/learn-test-1.2.23/lib/learn_test/jasmine/jasmine.js:1703:19
clearStack@file:///Users/JustinThomas/.rvm/rubies/ruby-2.2.3/lib/ruby/gems/2.2.0/gems/learn-test-1.2.23/lib/learn_test/jasmine/jasmine.js:506:11
run@file:///Users/JustinThomas/.rvm/rubies/ruby-2.2.3/lib/ruby/gems/2.2.0/gems/learn-test-1.2.23/lib/learn_test/jasmine/jasmine.js:1505:22
next@file:///Users/JustinThomas/.rvm/rubies/ruby-2.2.3/lib/ruby/gems/2.2.0/gems/learn-test-1.2.23/lib/learn_test/jasmine/jasmine.js:1517:40
complete@file:///Users/JustinThomas/.rvm/rubies/ruby-2.2.3/lib/ruby/gems/2.2.0/gems/learn-test-1.2.23/lib/learn_test/jasmine/jasmine.js:333:19
clearStack@file:///Users/JustinThomas/.rvm/rubies/ruby-2.2.3/lib/ruby/gems/2.2.0/gems/learn-test-1.2.23/lib/learn_test/jasmine/jasmine.js:506:11
run@file:///Users/JustinThomas/.rvm/rubies/ruby-2.2.3/lib/ruby/gems/2.2.0/gems/learn-test-1.2.23/lib/learn_test/jasmine/jasmine.js:1505:22
execute@file:///Users/JustinThomas/.rvm/rubies/ruby-2.2.3/lib/ruby/gems/2.2.0/gems/learn-test-1.2.23/lib/learn_test/jasmine/jasmine.js:1485:13
queueRunnerFactory@file:///Users/JustinThomas/.rvm/rubies/ruby-2.2.3/lib/ruby/gems/2.2.0/gems/learn-test-1.2.23/lib/learn_test/jasmine/jasmine.js:518:42
execute@file:///Users/JustinThomas/.rvm/rubies/ruby-2.2.3/lib/ruby/gems/2.2.0/gems/learn-test-1.2.23/lib/learn_test/jasmine/jasmine.js:306:28
file:///Users/JustinThomas/.rvm/rubies/ruby-2.2.3/lib/ruby/gems/2.2.0/gems/learn-test-1.2.23/lib/learn_test/jasmine/jasmine.js:1708:44
attemptAsync@file:///Users/JustinThomas/.rvm/rubies/ruby-2.2.3/lib/ruby/gems/2.2.0/gems/learn-test-1.2.23/lib/learn_test/jasmine/jasmine.js:1520:16
run@file:///Users/JustinThomas/.rvm/rubies/ruby-2.2.3/lib/ruby/gems/2.2.0/gems/learn-test-1.2.23/lib/learn_test/jasmine/jasmine.js:1496:28
execute@file:///Users/JustinThomas/.rvm/rubies/ruby-2.2.3/lib/ruby/gems/2.2.0/gems/learn-test-1.2.23/lib/learn_test/jasmine/jasmine.js:1485:13
queueRunnerFactory@file:///Users/JustinThomas/.rvm/rubies/ruby-2.2.3/lib/ruby/gems/2.2.0/gems/learn-test-1.2.23/lib/learn_test/jasmine/jasmine.js:518:42
execute@file:///Users/JustinThomas/.rvm/rubies/ruby-2.2.3/lib/ruby/gems/2.2.0/gems/learn-test-1.2.23/lib/learn_test/jasmine/jasmine.js:1694:21
file:///Users/JustinThomas/.rvm/rubies/ruby-2.2.3/lib/ruby/gems/2.2.0/gems/learn-test-1.2.23/lib/learn_test/jasmine/jasmine.js:1708:44
attemptAsync@file:///Users/JustinThomas/.rvm/rubies/ruby-2.2.3/lib/ruby/gems/2.2.0/gems/learn-test-1.2.23/lib/learn_test/jasmine/jasmine.js:1520:16
run@file:///Users/JustinThomas/.rvm/rubies/ruby-2.2.3/lib/ruby/gems/2.2.0/gems/learn-test-1.2.23/lib/learn_test/jasmine/jasmine.js:1496:28
next@file:///Users/JustinThomas/.rvm/rubies/ruby-2.2.3/lib/ruby/gems/2.2.0/gems/learn-test-1.2.23/lib/learn_test/jasmine/jasmine.js:1517:40
complete@file:///Users/JustinThomas/.rvm/rubies/ruby-2.2.3/lib/ruby/gems/2.2.0/gems/learn-test-1.2.23/lib/learn_test/jasmine/jasmine.js:1703:19
clearStack@file:///Users/JustinThomas/.rvm/rubies/ruby-2.2.3/lib/ruby/gems/2.2.0/gems/learn-test-1.2.23/lib/learn_test/jasmine/jasmine.js:506:11
run@file:///Users/JustinThomas/.rvm/rubies/ruby-2.2.3/lib/ruby/gems/2.2.0/gems/learn-test-1.2.23/lib/learn_test/jasmine/jasmine.js:1505:22
next@file:///Users/JustinThomas/.rvm/rubies/ruby-2.2.3/lib/ruby/gems/2.2.0/gems/learn-test-1.2.23/lib/learn_test/jasmine/jasmine.js:1517:40
complete@file:///Users/JustinThomas/.rvm/rubies/ruby-2.2.3/lib/ruby/gems/2.2.0/gems/learn-test-1.2.23/lib/learn_test/jasmine/jasmine.js:333:19
clearStack@file:///Users/JustinThomas/.rvm/rubies/ruby-2.2.3/lib/ruby/gems/2.2.0/gems/learn-test-1.2.23/lib/learn_test/jasmine/jasmine.js:506:11
run@file:///Users/JustinThomas/.rvm/rubies/ruby-2.2.3/lib/ruby/gems/2.2.0/gems/learn-test-1.2.23/lib/learn_test/jasmine/jasmine.js:1505:22
execute@file:///Users/JustinThomas/.rvm/rubies/ruby-2.2.3/lib/ruby/gems/2.2.0/gems/learn-test-1.2.23/lib/learn_test/jasmine/jasmine.js:1485:13
queueRunnerFactory@file:///Users/JustinThomas/.rvm/rubies/ruby-2.2.3/lib/ruby/gems/2.2.0/gems/learn-test-1.2.23/lib/learn_test/jasmine/jasmine.js:518:42
execute@file:///Users/JustinThomas/.rvm/rubies/ruby-2.2.3/lib/ruby/gems/2.2.0/gems/learn-test-1.2.23/lib/learn_test/jasmine/jasmine.js:306:28
file:///Users/JustinThomas/.rvm/rubies/ruby-2.2.3/lib/ruby/gems/2.2.0/gems/learn-test-1.2.23/lib/learn_test/jasmine/jasmine.js:1708:44
attemptAsync@file:///Users/JustinThomas/.rvm/rubies/ruby-2.2.3/lib/ruby/gems/2.2.0/gems/learn-test-1.2.23/lib/learn_test/jasmine/jasmine.js:1520:16
run@file:///Users/JustinThomas/.rvm/rubies/ruby-2.2.3/lib/ruby/gems/2.2.0/gems/learn-test-1.2.23/lib/learn_test/jasmine/jasmine.js:1496:28
execute@file:///Users/JustinThomas/.rvm/rubies/ruby-2.2.3/lib/ruby/gems/2.2.0/gems/learn-test-1.2.23/lib/learn_test/jasmine/jasmine.js:1485:13
queueRunnerFactory@file:///Users/JustinThomas/.rvm/rubies/ruby-2.2.3/lib/ruby/gems/2.2.0/gems/learn-test-1.2.23/lib/learn_test/jasmine/jasmine.js:518:42
execute@file:///Users/JustinThomas/.rvm/rubies/ruby-2.2.3/lib/ruby/gems/2.2.0/gems/learn-test-1.2.23/lib/learn_test/jasmine/jasmine.js:1694:21
file:///Users/JustinThomas/.rvm/rubies/ruby-2.2.3/lib/ruby/gems/2.2.0/gems/learn-test-1.2.23/lib/learn_test/jasmine/jasmine.js:1708:44
attemptAsync@file:///Users/JustinThomas/.rvm/rubies/ruby-2.2.3/lib/ruby/gems/2.2.0/gems/learn-test-1.2.23/lib/learn_test/jasmine/jasmine.js:1520:16
run@file:///Users/JustinThomas/.rvm/rubies/ruby-2.2.3/lib/ruby/gems/2.2.0/gems/learn-test-1.2.23/lib/learn_test/jasmine/jasmine.js:1496:28
execute@file:///Users/JustinThomas/.rvm/rubies/ruby-2.2.3/lib/ruby/gems/2.2.0/gems/learn-test-1.2.23/lib/learn_test/jasmine/jasmine.js:1485:13
queueRunnerFactory@file:///Users/JustinThomas/.rvm/rubies/ruby-2.2.3/lib/ruby/gems/2.2.0/gems/learn-test-1.2.23/lib/learn_test/jasmine/jasmine.js:518:42
execute@file:///Users/JustinThomas/.rvm/rubies/ruby-2.2.3/lib/ruby/gems/2.2.0/gems/learn-test-1.2.23/lib/learn_test/jasmine/jasmine.js:1694:21
file:///Users/JustinThomas/.rvm/rubies/ruby-2.2.3/lib/ruby/gems/2.2.0/gems/learn-test-1.2.23/lib/learn_test/jasmine/jasmine.js:1708:44
attemptAsync@file:///Users/JustinThomas/.rvm/rubies/ruby-2.2.3/lib/ruby/gems/2.2.0/gems/learn-test-1.2.23/lib/learn_test/jasmine/jasmine.js:1520:16
run@file:///Users/JustinThomas/.rvm/rubies/ruby-2.2.3/lib/ruby/gems/2.2.0/gems/learn-test-1.2.23/lib/learn_test/jasmine/jasmine.js:1496:28
execute@file:///Users/JustinThomas/.rvm/rubies/ruby-2.2.3/lib/ruby/gems/2.2.0/gems/learn-test-1.2.23/lib/learn_test/jasmine/jasmine.js:1485:13
queueRunnerFactory@file:///Users/JustinThomas/.rvm/rubies/ruby-2.2.3/lib/ruby/gems/2.2.0/gems/learn-test-1.2.23/lib/learn_test/jasmine/jasmine.js:518:42
execute@file:///Users/JustinThomas/.rvm/rubies/ruby-2.2.3/lib/ruby/gems/2.2.0/gems/learn-test-1.2.23/lib/learn_test/jasmine/jasmine.js:1694:21
file:///Users/JustinThomas/.rvm/rubies/ruby-2.2.3/lib/ruby/gems/2.2.0/gems/learn-test-1.2.23/lib/learn_test/jasmine/jasmine.js:541:83
attemptAsync@file:///Users/JustinThomas/.rvm/rubies/ruby-2.2.3/lib/ruby/gems/2.2.0/gems/learn-test-1.2.23/lib/learn_test/jasmine/jasmine.js:1520:16
run@file:///Users/JustinThomas/.rvm/rubies/ruby-2.2.3/lib/ruby/gems/2.2.0/gems/learn-test-1.2.23/lib/learn_test/jasmine/jasmine.js:1496:28
execute@file:///Users/JustinThomas/.rvm/rubies/ruby-2.2.3/lib/ruby/gems/2.2.0/gems/learn-test-1.2.23/lib/learn_test/jasmine/jasmine.js:1485:13
queueRunnerFactory@file:///Users/JustinThomas/.rvm/rubies/ruby-2.2.3/lib/ruby/gems/2.2.0/gems/learn-test-1.2.23/lib/learn_test/jasmine/jasmine.js:518:42
execute@file:///Users/JustinThomas/.rvm/rubies/ruby-2.2.3/lib/ruby/gems/2.2.0/gems/learn-test-1.2.23/lib/learn_test/jasmine/jasmine.js:548:25
onload@file:///Users/JustinThomas/.rvm/rubies/ruby-2.2.3/lib/ruby/gems/2.2.0/gems/learn-test-1.2.23/lib/learn_test/jasmine/boot.js:172:16			</failure>
		</testcase>
		<testcase classname="Tic Tac Toe Functionality" name="#message adds the string it&amp;apos;s passed to the div with an id of message" time="0.002">
			<failure type="" message="ReferenceError: Can&amp;apos;t find variable: attachListeners in file:///Users/JustinThomas/Development/code/js-tictactoe-rails-api-v-000/spec/tictactoe.spec.js (line 69)">
file:///Users/JustinThomas/Development/code/js-tictactoe-rails-api-v-000/spec/tictactoe.spec.js:69:22
attemptSync@file:///Users/JustinThomas/.rvm/rubies/ruby-2.2.3/lib/ruby/gems/2.2.0/gems/learn-test-1.2.23/lib/learn_test/jasmine/jasmine.js:1510:16
run@file:///Users/JustinThomas/.rvm/rubies/ruby-2.2.3/lib/ruby/gems/2.2.0/gems/learn-test-1.2.23/lib/learn_test/jasmine/jasmine.js:1498:20
execute@file:///Users/JustinThomas/.rvm/rubies/ruby-2.2.3/lib/ruby/gems/2.2.0/gems/learn-test-1.2.23/lib/learn_test/jasmine/jasmine.js:1485:13
queueRunnerFactory@file:///Users/JustinThomas/.rvm/rubies/ruby-2.2.3/lib/ruby/gems/2.2.0/gems/learn-test-1.2.23/lib/learn_test/jasmine/jasmine.js:518:42
execute@file:///Users/JustinThomas/.rvm/rubies/ruby-2.2.3/lib/ruby/gems/2.2.0/gems/learn-test-1.2.23/lib/learn_test/jasmine/jasmine.js:306:28
file:///Users/JustinThomas/.rvm/rubies/ruby-2.2.3/lib/ruby/gems/2.2.0/gems/learn-test-1.2.23/lib/learn_test/jasmine/jasmine.js:1708:44
attemptAsync@file:///Users/JustinThomas/.rvm/rubies/ruby-2.2.3/lib/ruby/gems/2.2.0/gems/learn-test-1.2.23/lib/learn_test/jasmine/jasmine.js:1520:16
run@file:///Users/JustinThomas/.rvm/rubies/ruby-2.2.3/lib/ruby/gems/2.2.0/gems/learn-test-1.2.23/lib/learn_test/jasmine/jasmine.js:1496:28
execute@file:///Users/JustinThomas/.rvm/rubies/ruby-2.2.3/lib/ruby/gems/2.2.0/gems/learn-test-1.2.23/lib/learn_test/jasmine/jasmine.js:1485:13
queueRunnerFactory@file:///Users/JustinThomas/.rvm/rubies/ruby-2.2.3/lib/ruby/gems/2.2.0/gems/learn-test-1.2.23/lib/learn_test/jasmine/jasmine.js:518:42
execute@file:///Users/JustinThomas/.rvm/rubies/ruby-2.2.3/lib/ruby/gems/2.2.0/gems/learn-test-1.2.23/lib/learn_test/jasmine/jasmine.js:1694:21
file:///Users/JustinThomas/.rvm/rubies/ruby-2.2.3/lib/ruby/gems/2.2.0/gems/learn-test-1.2.23/lib/learn_test/jasmine/jasmine.js:1708:44
attemptAsync@file:///Users/JustinThomas/.rvm/rubies/ruby-2.2.3/lib/ruby/gems/2.2.0/gems/learn-test-1.2.23/lib/learn_test/jasmine/jasmine.js:1520:16
run@file:///Users/JustinThomas/.rvm/rubies/ruby-2.2.3/lib/ruby/gems/2.2.0/gems/learn-test-1.2.23/lib/learn_test/jasmine/jasmine.js:1496:28
next@file:///Users/JustinThomas/.rvm/rubies/ruby-2.2.3/lib/ruby/gems/2.2.0/gems/learn-test-1.2.23/lib/learn_test/jasmine/jasmine.js:1517:40
complete@file:///Users/JustinThomas/.rvm/rubies/ruby-2.2.3/lib/ruby/gems/2.2.0/gems/learn-test-1.2.23/lib/learn_test/jasmine/jasmine.js:1703:19
clearStack@file:///Users/JustinThomas/.rvm/rubies/ruby-2.2.3/lib/ruby/gems/2.2.0/gems/learn-test-1.2.23/lib/learn_test/jasmine/jasmine.js:506:11
run@file:///Users/JustinThomas/.rvm/rubies/ruby-2.2.3/lib/ruby/gems/2.2.0/gems/learn-test-1.2.23/lib/learn_test/jasmine/jasmine.js:1505:22
next@file:///Users/JustinThomas/.rvm/rubies/ruby-2.2.3/lib/ruby/gems/2.2.0/gems/learn-test-1.2.23/lib/learn_test/jasmine/jasmine.js:1517:40
complete@file:///Users/JustinThomas/.rvm/rubies/ruby-2.2.3/lib/ruby/gems/2.2.0/gems/learn-test-1.2.23/lib/learn_test/jasmine/jasmine.js:333:19
clearStack@file:///Users/JustinThomas/.rvm/rubies/ruby-2.2.3/lib/ruby/gems/2.2.0/gems/learn-test-1.2.23/lib/learn_test/jasmine/jasmine.js:506:11
run@file:///Users/JustinThomas/.rvm/rubies/ruby-2.2.3/lib/ruby/gems/2.2.0/gems/learn-test-1.2.23/lib/learn_test/jasmine/jasmine.js:1505:22
execute@file:///Users/JustinThomas/.rvm/rubies/ruby-2.2.3/lib/ruby/gems/2.2.0/gems/learn-test-1.2.23/lib/learn_test/jasmine/jasmine.js:1485:13
queueRunnerFactory@file:///Users/JustinThomas/.rvm/rubies/ruby-2.2.3/lib/ruby/gems/2.2.0/gems/learn-test-1.2.23/lib/learn_test/jasmine/jasmine.js:518:42
execute@file:///Users/JustinThomas/.rvm/rubies/ruby-2.2.3/lib/ruby/gems/2.2.0/gems/learn-test-1.2.23/lib/learn_test/jasmine/jasmine.js:306:28
file:///Users/JustinThomas/.rvm/rubies/ruby-2.2.3/lib/ruby/gems/2.2.0/gems/learn-test-1.2.23/lib/learn_test/jasmine/jasmine.js:1708:44
attemptAsync@file:///Users/JustinThomas/.rvm/rubies/ruby-2.2.3/lib/ruby/gems/2.2.0/gems/learn-test-1.2.23/lib/learn_test/jasmine/jasmine.js:1520:16
run@file:///Users/JustinThomas/.rvm/rubies/ruby-2.2.3/lib/ruby/gems/2.2.0/gems/learn-test-1.2.23/lib/learn_test/jasmine/jasmine.js:1496:28
next@file:///Users/JustinThomas/.rvm/rubies/ruby-2.2.3/lib/ruby/gems/2.2.0/gems/learn-test-1.2.23/lib/learn_test/jasmine/jasmine.js:1517:40
complete@file:///Users/JustinThomas/.rvm/rubies/ruby-2.2.3/lib/ruby/gems/2.2.0/gems/learn-test-1.2.23/lib/learn_test/jasmine/jasmine.js:333:19
clearStack@file:///Users/JustinThomas/.rvm/rubies/ruby-2.2.3/lib/ruby/gems/2.2.0/gems/learn-test-1.2.23/lib/learn_test/jasmine/jasmine.js:506:11
run@file:///Users/JustinThomas/.rvm/rubies/ruby-2.2.3/lib/ruby/gems/2.2.0/gems/learn-test-1.2.23/lib/learn_test/jasmine/jasmine.js:1505:22
execute@file:///Users/JustinThomas/.rvm/rubies/ruby-2.2.3/lib/ruby/gems/2.2.0/gems/learn-test-1.2.23/lib/learn_test/jasmine/jasmine.js:1485:13
queueRunnerFactory@file:///Users/JustinThomas/.rvm/rubies/ruby-2.2.3/lib/ruby/gems/2.2.0/gems/learn-test-1.2.23/lib/learn_test/jasmine/jasmine.js:518:42
execute@file:///Users/JustinThomas/.rvm/rubies/ruby-2.2.3/lib/ruby/gems/2.2.0/gems/learn-test-1.2.23/lib/learn_test/jasmine/jasmine.js:306:28
file:///Users/JustinThomas/.rvm/rubies/ruby-2.2.3/lib/ruby/gems/2.2.0/gems/learn-test-1.2.23/lib/learn_test/jasmine/jasmine.js:1708:44
attemptAsync@file:///Users/JustinThomas/.rvm/rubies/ruby-2.2.3/lib/ruby/gems/2.2.0/gems/learn-test-1.2.23/lib/learn_test/jasmine/jasmine.js:1520:16
run@file:///Users/JustinThomas/.rvm/rubies/ruby-2.2.3/lib/ruby/gems/2.2.0/gems/learn-test-1.2.23/lib/learn_test/jasmine/jasmine.js:1496:28
execute@file:///Users/JustinThomas/.rvm/rubies/ruby-2.2.3/lib/ruby/gems/2.2.0/gems/learn-test-1.2.23/lib/learn_test/jasmine/jasmine.js:1485:13
queueRunnerFactory@file:///Users/JustinThomas/.rvm/rubies/ruby-2.2.3/lib/ruby/gems/2.2.0/gems/learn-test-1.2.23/lib/learn_test/jasmine/jasmine.js:518:42
execute@file:///Users/JustinThomas/.rvm/rubies/ruby-2.2.3/lib/ruby/gems/2.2.0/gems/learn-test-1.2.23/lib/learn_test/jasmine/jasmine.js:1694:21
file:///Users/JustinThomas/.rvm/rubies/ruby-2.2.3/lib/ruby/gems/2.2.0/gems/learn-test-1.2.23/lib/learn_test/jasmine/jasmine.js:1708:44
attemptAsync@file:///Users/JustinThomas/.rvm/rubies/ruby-2.2.3/lib/ruby/gems/2.2.0/gems/learn-test-1.2.23/lib/learn_test/jasmine/jasmine.js:1520:16
run@file:///Users/JustinThomas/.rvm/rubies/ruby-2.2.3/lib/ruby/gems/2.2.0/gems/learn-test-1.2.23/lib/learn_test/jasmine/jasmine.js:1496:28
next@file:///Users/JustinThomas/.rvm/rubies/ruby-2.2.3/lib/ruby/gems/2.2.0/gems/learn-test-1.2.23/lib/learn_test/jasmine/jasmine.js:1517:40
complete@file:///Users/JustinThomas/.rvm/rubies/ruby-2.2.3/lib/ruby/gems/2.2.0/gems/learn-test-1.2.23/lib/learn_test/jasmine/jasmine.js:1703:19
clearStack@file:///Users/JustinThomas/.rvm/rubies/ruby-2.2.3/lib/ruby/gems/2.2.0/gems/learn-test-1.2.23/lib/learn_test/jasmine/jasmine.js:506:11
run@file:///Users/JustinThomas/.rvm/rubies/ruby-2.2.3/lib/ruby/gems/2.2.0/gems/learn-test-1.2.23/lib/learn_test/jasmine/jasmine.js:1505:22
next@file:///Users/JustinThomas/.rvm/rubies/ruby-2.2.3/lib/ruby/gems/2.2.0/gems/learn-test-1.2.23/lib/learn_test/jasmine/jasmine.js:1517:40
complete@file:///Users/JustinThomas/.rvm/rubies/ruby-2.2.3/lib/ruby/gems/2.2.0/gems/learn-test-1.2.23/lib/learn_test/jasmine/jasmine.js:333:19
clearStack@file:///Users/JustinThomas/.rvm/rubies/ruby-2.2.3/lib/ruby/gems/2.2.0/gems/learn-test-1.2.23/lib/learn_test/jasmine/jasmine.js:506:11
run@file:///Users/JustinThomas/.rvm/rubies/ruby-2.2.3/lib/ruby/gems/2.2.0/gems/learn-test-1.2.23/lib/learn_test/jasmine/jasmine.js:1505:22
execute@file:///Users/JustinThomas/.rvm/rubies/ruby-2.2.3/lib/ruby/gems/2.2.0/gems/learn-test-1.2.23/lib/learn_test/jasmine/jasmine.js:1485:13
queueRunnerFactory@file:///Users/JustinThomas/.rvm/rubies/ruby-2.2.3/lib/ruby/gems/2.2.0/gems/learn-test-1.2.23/lib/learn_test/jasmine/jasmine.js:518:42
execute@file:///Users/JustinThomas/.rvm/rubies/ruby-2.2.3/lib/ruby/gems/2.2.0/gems/learn-test-1.2.23/lib/learn_test/jasmine/jasmine.js:306:28
file:///Users/JustinThomas/.rvm/rubies/ruby-2.2.3/lib/ruby/gems/2.2.0/gems/learn-test-1.2.23/lib/learn_test/jasmine/jasmine.js:1708:44
attemptAsync@file:///Users/JustinThomas/.rvm/rubies/ruby-2.2.3/lib/ruby/gems/2.2.0/gems/learn-test-1.2.23/lib/learn_test/jasmine/jasmine.js:1520:16
run@file:///Users/JustinThomas/.rvm/rubies/ruby-2.2.3/lib/ruby/gems/2.2.0/gems/learn-test-1.2.23/lib/learn_test/jasmine/jasmine.js:1496:28
next@file:///Users/JustinThomas/.rvm/rubies/ruby-2.2.3/lib/ruby/gems/2.2.0/gems/learn-test-1.2.23/lib/learn_test/jasmine/jasmine.js:1517:40
complete@file:///Users/JustinThomas/.rvm/rubies/ruby-2.2.3/lib/ruby/gems/2.2.0/gems/learn-test-1.2.23/lib/learn_test/jasmine/jasmine.js:333:19
clearStack@file:///Users/JustinThomas/.rvm/rubies/ruby-2.2.3/lib/ruby/gems/2.2.0/gems/learn-test-1.2.23/lib/learn_test/jasmine/jasmine.js:506:11
run@file:///Users/JustinThomas/.rvm/rubies/ruby-2.2.3/lib/ruby/gems/2.2.0/gems/learn-test-1.2.23/lib/learn_test/jasmine/jasmine.js:1505:22
execute@file:///Users/JustinThomas/.rvm/rubies/ruby-2.2.3/lib/ruby/gems/2.2.0/gems/learn-test-1.2.23/lib/learn_test/jasmine/jasmine.js:1485:13
queueRunnerFactory@file:///Users/JustinThomas/.rvm/rubies/ruby-2.2.3/lib/ruby/gems/2.2.0/gems/learn-test-1.2.23/lib/learn_test/jasmine/jasmine.js:518:42
execute@file:///Users/JustinThomas/.rvm/rubies/ruby-2.2.3/lib/ruby/gems/2.2.0/gems/learn-test-1.2.23/lib/learn_test/jasmine/jasmine.js:306:28
file:///Users/JustinThomas/.rvm/rubies/ruby-2.2.3/lib/ruby/gems/2.2.0/gems/learn-test-1.2.23/lib/learn_test/jasmine/jasmine.js:1708:44
attemptAsync@file:///Users/JustinThomas/.rvm/rubies/ruby-2.2.3/lib/ruby/gems/2.2.0/gems/learn-test-1.2.23/lib/learn_test/jasmine/jasmine.js:1520:16
run@file:///Users/JustinThomas/.rvm/rubies/ruby-2.2.3/lib/ruby/gems/2.2.0/gems/learn-test-1.2.23/lib/learn_test/jasmine/jasmine.js:1496:28
execute@file:///Users/JustinThomas/.rvm/rubies/ruby-2.2.3/lib/ruby/gems/2.2.0/gems/learn-test-1.2.23/lib/learn_test/jasmine/jasmine.js:1485:13
queueRunnerFactory@file:///Users/JustinThomas/.rvm/rubies/ruby-2.2.3/lib/ruby/gems/2.2.0/gems/learn-test-1.2.23/lib/learn_test/jasmine/jasmine.js:518:42
execute@file:///Users/JustinThomas/.rvm/rubies/ruby-2.2.3/lib/ruby/gems/2.2.0/gems/learn-test-1.2.23/lib/learn_test/jasmine/jasmine.js:1694:21
file:///Users/JustinThomas/.rvm/rubies/ruby-2.2.3/lib/ruby/gems/2.2.0/gems/learn-test-1.2.23/lib/learn_test/jasmine/jasmine.js:1708:44
attemptAsync@file:///Users/JustinThomas/.rvm/rubies/ruby-2.2.3/lib/ruby/gems/2.2.0/gems/learn-test-1.2.23/lib/learn_test/jasmine/jasmine.js:1520:16
run@file:///Users/JustinThomas/.rvm/rubies/ruby-2.2.3/lib/ruby/gems/2.2.0/gems/learn-test-1.2.23/lib/learn_test/jasmine/jasmine.js:1496:28
next@file:///Users/JustinThomas/.rvm/rubies/ruby-2.2.3/lib/ruby/gems/2.2.0/gems/learn-test-1.2.23/lib/learn_test/jasmine/jasmine.js:1517:40
complete@file:///Users/JustinThomas/.rvm/rubies/ruby-2.2.3/lib/ruby/gems/2.2.0/gems/learn-test-1.2.23/lib/learn_test/jasmine/jasmine.js:1703:19
clearStack@file:///Users/JustinThomas/.rvm/rubies/ruby-2.2.3/lib/ruby/gems/2.2.0/gems/learn-test-1.2.23/lib/learn_test/jasmine/jasmine.js:506:11
run@file:///Users/JustinThomas/.rvm/rubies/ruby-2.2.3/lib/ruby/gems/2.2.0/gems/learn-test-1.2.23/lib/learn_test/jasmine/jasmine.js:1505:22
next@file:///Users/JustinThomas/.rvm/rubies/ruby-2.2.3/lib/ruby/gems/2.2.0/gems/learn-test-1.2.23/lib/learn_test/jasmine/jasmine.js:1517:40
complete@file:///Users/JustinThomas/.rvm/rubies/ruby-2.2.3/lib/ruby/gems/2.2.0/gems/learn-test-1.2.23/lib/learn_test/jasmine/jasmine.js:333:19
clearStack@file:///Users/JustinThomas/.rvm/rubies/ruby-2.2.3/lib/ruby/gems/2.2.0/gems/learn-test-1.2.23/lib/learn_test/jasmine/jasmine.js:506:11
run@file:///Users/JustinThomas/.rvm/rubies/ruby-2.2.3/lib/ruby/gems/2.2.0/gems/learn-test-1.2.23/lib/learn_test/jasmine/jasmine.js:1505:22
execute@file:///Users/JustinThomas/.rvm/rubies/ruby-2.2.3/lib/ruby/gems/2.2.0/gems/learn-test-1.2.23/lib/learn_test/jasmine/jasmine.js:1485:13
queueRunnerFactory@file:///Users/JustinThomas/.rvm/rubies/ruby-2.2.3/lib/ruby/gems/2.2.0/gems/learn-test-1.2.23/lib/learn_test/jasmine/jasmine.js:518:42
execute@file:///Users/JustinThomas/.rvm/rubies/ruby-2.2.3/lib/ruby/gems/2.2.0/gems/learn-test-1.2.23/lib/learn_test/jasmine/jasmine.js:306:28
file:///Users/JustinThomas/.rvm/rubies/ruby-2.2.3/lib/ruby/gems/2.2.0/gems/learn-test-1.2.23/lib/learn_test/jasmine/jasmine.js:1708:44
attemptAsync@file:///Users/JustinThomas/.rvm/rubies/ruby-2.2.3/lib/ruby/gems/2.2.0/gems/learn-test-1.2.23/lib/learn_test/jasmine/jasmine.js:1520:16
run@file:///Users/JustinThomas/.rvm/rubies/ruby-2.2.3/lib/ruby/gems/2.2.0/gems/learn-test-1.2.23/lib/learn_test/jasmine/jasmine.js:1496:28
execute@file:///Users/JustinThomas/.rvm/rubies/ruby-2.2.3/lib/ruby/gems/2.2.0/gems/learn-test-1.2.23/lib/learn_test/jasmine/jasmine.js:1485:13
queueRunnerFactory@file:///Users/JustinThomas/.rvm/rubies/ruby-2.2.3/lib/ruby/gems/2.2.0/gems/learn-test-1.2.23/lib/learn_test/jasmine/jasmine.js:518:42
execute@file:///Users/JustinThomas/.rvm/rubies/ruby-2.2.3/lib/ruby/gems/2.2.0/gems/learn-test-1.2.23/lib/learn_test/jasmine/jasmine.js:1694:21
file:///Users/JustinThomas/.rvm/rubies/ruby-2.2.3/lib/ruby/gems/2.2.0/gems/learn-test-1.2.23/lib/learn_test/jasmine/jasmine.js:1708:44
attemptAsync@file:///Users/JustinThomas/.rvm/rubies/ruby-2.2.3/lib/ruby/gems/2.2.0/gems/learn-test-1.2.23/lib/learn_test/jasmine/jasmine.js:1520:16
run@file:///Users/JustinThomas/.rvm/rubies/ruby-2.2.3/lib/ruby/gems/2.2.0/gems/learn-test-1.2.23/lib/learn_test/jasmine/jasmine.js:1496:28
next@file:///Users/JustinThomas/.rvm/rubies/ruby-2.2.3/lib/ruby/gems/2.2.0/gems/learn-test-1.2.23/lib/learn_test/jasmine/jasmine.js:1517:40
complete@file:///Users/JustinThomas/.rvm/rubies/ruby-2.2.3/lib/ruby/gems/2.2.0/gems/learn-test-1.2.23/lib/learn_test/jasmine/jasmine.js:1703:19
clearStack@file:///Users/JustinThomas/.rvm/rubies/ruby-2.2.3/lib/ruby/gems/2.2.0/gems/learn-test-1.2.23/lib/learn_test/jasmine/jasmine.js:506:11
run@file:///Users/JustinThomas/.rvm/rubies/ruby-2.2.3/lib/ruby/gems/2.2.0/gems/learn-test-1.2.23/lib/learn_test/jasmine/jasmine.js:1505:22
next@file:///Users/JustinThomas/.rvm/rubies/ruby-2.2.3/lib/ruby/gems/2.2.0/gems/learn-test-1.2.23/lib/learn_test/jasmine/jasmine.js:1517:40
complete@file:///Users/JustinThomas/.rvm/rubies/ruby-2.2.3/lib/ruby/gems/2.2.0/gems/learn-test-1.2.23/lib/learn_test/jasmine/jasmine.js:333:19
clearStack@file:///Users/JustinThomas/.rvm/rubies/ruby-2.2.3/lib/ruby/gems/2.2.0/gems/learn-test-1.2.23/lib/learn_test/jasmine/jasmine.js:506:11
run@file:///Users/JustinThomas/.rvm/rubies/ruby-2.2.3/lib/ruby/gems/2.2.0/gems/learn-test-1.2.23/lib/learn_test/jasmine/jasmine.js:1505:22
execute@file:///Users/JustinThomas/.rvm/rubies/ruby-2.2.3/lib/ruby/gems/2.2.0/gems/learn-test-1.2.23/lib/learn_test/jasmine/jasmine.js:1485:13
queueRunnerFactory@file:///Users/JustinThomas/.rvm/rubies/ruby-2.2.3/lib/ruby/gems/2.2.0/gems/learn-test-1.2.23/lib/learn_test/jasmine/jasmine.js:518:42
execute@file:///Users/JustinThomas/.rvm/rubies/ruby-2.2.3/lib/ruby/gems/2.2.0/gems/learn-test-1.2.23/lib/learn_test/jasmine/jasmine.js:306:28
file:///Users/JustinThomas/.rvm/rubies/ruby-2.2.3/lib/ruby/gems/2.2.0/gems/learn-test-1.2.23/lib/learn_test/jasmine/jasmine.js:1708:44
attemptAsync@file:///Users/JustinThomas/.rvm/rubies/ruby-2.2.3/lib/ruby/gems/2.2.0/gems/learn-test-1.2.23/lib/learn_test/jasmine/jasmine.js:1520:16
run@file:///Users/JustinThomas/.rvm/rubies/ruby-2.2.3/lib/ruby/gems/2.2.0/gems/learn-test-1.2.23/lib/learn_test/jasmine/jasmine.js:1496:28
execute@file:///Users/JustinThomas/.rvm/rubies/ruby-2.2.3/lib/ruby/gems/2.2.0/gems/learn-test-1.2.23/lib/learn_test/jasmine/jasmine.js:1485:13
queueRunnerFactory@file:///Users/JustinThomas/.rvm/rubies/ruby-2.2.3/lib/ruby/gems/2.2.0/gems/learn-test-1.2.23/lib/learn_test/jasmine/jasmine.js:518:42
execute@file:///Users/JustinThomas/.rvm/rubies/ruby-2.2.3/lib/ruby/gems/2.2.0/gems/learn-test-1.2.23/lib/learn_test/jasmine/jasmine.js:1694:21
file:///Users/JustinThomas/.rvm/rubies/ruby-2.2.3/lib/ruby/gems/2.2.0/gems/learn-test-1.2.23/lib/learn_test/jasmine/jasmine.js:1708:44
attemptAsync@file:///Users/JustinThomas/.rvm/rubies/ruby-2.2.3/lib/ruby/gems/2.2.0/gems/learn-test-1.2.23/lib/learn_test/jasmine/jasmine.js:1520:16
run@file:///Users/JustinThomas/.rvm/rubies/ruby-2.2.3/lib/ruby/gems/2.2.0/gems/learn-test-1.2.23/lib/learn_test/jasmine/jasmine.js:1496:28
execute@file:///Users/JustinThomas/.rvm/rubies/ruby-2.2.3/lib/ruby/gems/2.2.0/gems/learn-test-1.2.23/lib/learn_test/jasmine/jasmine.js:1485:13
queueRunnerFactory@file:///Users/JustinThomas/.rvm/rubies/ruby-2.2.3/lib/ruby/gems/2.2.0/gems/learn-test-1.2.23/lib/learn_test/jasmine/jasmine.js:518:42
execute@file:///Users/JustinThomas/.rvm/rubies/ruby-2.2.3/lib/ruby/gems/2.2.0/gems/learn-test-1.2.23/lib/learn_test/jasmine/jasmine.js:1694:21
file:///Users/JustinThomas/.rvm/rubies/ruby-2.2.3/lib/ruby/gems/2.2.0/gems/learn-test-1.2.23/lib/learn_test/jasmine/jasmine.js:1708:44
attemptAsync@file:///Users/JustinThomas/.rvm/rubies/ruby-2.2.3/lib/ruby/gems/2.2.0/gems/learn-test-1.2.23/lib/learn_test/jasmine/jasmine.js:1520:16
run@file:///Users/JustinThomas/.rvm/rubies/ruby-2.2.3/lib/ruby/gems/2.2.0/gems/learn-test-1.2.23/lib/learn_test/jasmine/jasmine.js:1496:28
execute@file:///Users/JustinThomas/.rvm/rubies/ruby-2.2.3/lib/ruby/gems/2.2.0/gems/learn-test-1.2.23/lib/learn_test/jasmine/jasmine.js:1485:13
queueRunnerFactory@file:///Users/JustinThomas/.rvm/rubies/ruby-2.2.3/lib/ruby/gems/2.2.0/gems/learn-test-1.2.23/lib/learn_test/jasmine/jasmine.js:518:42
execute@file:///Users/JustinThomas/.rvm/rubies/ruby-2.2.3/lib/ruby/gems/2.2.0/gems/learn-test-1.2.23/lib/learn_test/jasmine/jasmine.js:1694:21
file:///Users/JustinThomas/.rvm/rubies/ruby-2.2.3/lib/ruby/gems/2.2.0/gems/learn-test-1.2.23/lib/learn_test/jasmine/jasmine.js:541:83
attemptAsync@file:///Users/JustinThomas/.rvm/rubies/ruby-2.2.3/lib/ruby/gems/2.2.0/gems/learn-test-1.2.23/lib/learn_test/jasmine/jasmine.js:1520:16
run@file:///Users/JustinThomas/.rvm/rubies/ruby-2.2.3/lib/ruby/gems/2.2.0/gems/learn-test-1.2.23/lib/learn_test/jasmine/jasmine.js:1496:28
execute@file:///Users/JustinThomas/.rvm/rubies/ruby-2.2.3/lib/ruby/gems/2.2.0/gems/learn-test-1.2.23/lib/learn_test/jasmine/jasmine.js:1485:13
queueRunnerFactory@file:///Users/JustinThomas/.rvm/rubies/ruby-2.2.3/lib/ruby/gems/2.2.0/gems/learn-test-1.2.23/lib/learn_test/jasmine/jasmine.js:518:42
execute@file:///Users/JustinThomas/.rvm/rubies/ruby-2.2.3/lib/ruby/gems/2.2.0/gems/learn-test-1.2.23/lib/learn_test/jasmine/jasmine.js:548:25
onload@file:///Users/JustinThomas/.rvm/rubies/ruby-2.2.3/lib/ruby/gems/2.2.0/gems/learn-test-1.2.23/lib/learn_test/jasmine/boot.js:172:16			</failure>
		</testcase>
		<testcase classname="Tic Tac Toe Functionality" name="#checkWinner returns false if there is no winning combo on the board" time="0.001">
			<failure type="" message="ReferenceError: Can&amp;apos;t find variable: attachListeners in file:///Users/JustinThomas/Development/code/js-tictactoe-rails-api-v-000/spec/tictactoe.spec.js (line 79)">
file:///Users/JustinThomas/Development/code/js-tictactoe-rails-api-v-000/spec/tictactoe.spec.js:79:22
attemptSync@file:///Users/JustinThomas/.rvm/rubies/ruby-2.2.3/lib/ruby/gems/2.2.0/gems/learn-test-1.2.23/lib/learn_test/jasmine/jasmine.js:1510:16
run@file:///Users/JustinThomas/.rvm/rubies/ruby-2.2.3/lib/ruby/gems/2.2.0/gems/learn-test-1.2.23/lib/learn_test/jasmine/jasmine.js:1498:20
execute@file:///Users/JustinThomas/.rvm/rubies/ruby-2.2.3/lib/ruby/gems/2.2.0/gems/learn-test-1.2.23/lib/learn_test/jasmine/jasmine.js:1485:13
queueRunnerFactory@file:///Users/JustinThomas/.rvm/rubies/ruby-2.2.3/lib/ruby/gems/2.2.0/gems/learn-test-1.2.23/lib/learn_test/jasmine/jasmine.js:518:42
execute@file:///Users/JustinThomas/.rvm/rubies/ruby-2.2.3/lib/ruby/gems/2.2.0/gems/learn-test-1.2.23/lib/learn_test/jasmine/jasmine.js:306:28
file:///Users/JustinThomas/.rvm/rubies/ruby-2.2.3/lib/ruby/gems/2.2.0/gems/learn-test-1.2.23/lib/learn_test/jasmine/jasmine.js:1708:44
attemptAsync@file:///Users/JustinThomas/.rvm/rubies/ruby-2.2.3/lib/ruby/gems/2.2.0/gems/learn-test-1.2.23/lib/learn_test/jasmine/jasmine.js:1520:16
run@file:///Users/JustinThomas/.rvm/rubies/ruby-2.2.3/lib/ruby/gems/2.2.0/gems/learn-test-1.2.23/lib/learn_test/jasmine/jasmine.js:1496:28
execute@file:///Users/JustinThomas/.rvm/rubies/ruby-2.2.3/lib/ruby/gems/2.2.0/gems/learn-test-1.2.23/lib/learn_test/jasmine/jasmine.js:1485:13
queueRunnerFactory@file:///Users/JustinThomas/.rvm/rubies/ruby-2.2.3/lib/ruby/gems/2.2.0/gems/learn-test-1.2.23/lib/learn_test/jasmine/jasmine.js:518:42
execute@file:///Users/JustinThomas/.rvm/rubies/ruby-2.2.3/lib/ruby/gems/2.2.0/gems/learn-test-1.2.23/lib/learn_test/jasmine/jasmine.js:1694:21
file:///Users/JustinThomas/.rvm/rubies/ruby-2.2.3/lib/ruby/gems/2.2.0/gems/learn-test-1.2.23/lib/learn_test/jasmine/jasmine.js:1708:44
attemptAsync@file:///Users/JustinThomas/.rvm/rubies/ruby-2.2.3/lib/ruby/gems/2.2.0/gems/learn-test-1.2.23/lib/learn_test/jasmine/jasmine.js:1520:16
run@file:///Users/JustinThomas/.rvm/rubies/ruby-2.2.3/lib/ruby/gems/2.2.0/gems/learn-test-1.2.23/lib/learn_test/jasmine/jasmine.js:1496:28
next@file:///Users/JustinThomas/.rvm/rubies/ruby-2.2.3/lib/ruby/gems/2.2.0/gems/learn-test-1.2.23/lib/learn_test/jasmine/jasmine.js:1517:40
complete@file:///Users/JustinThomas/.rvm/rubies/ruby-2.2.3/lib/ruby/gems/2.2.0/gems/learn-test-1.2.23/lib/learn_test/jasmine/jasmine.js:1703:19
clearStack@file:///Users/JustinThomas/.rvm/rubies/ruby-2.2.3/lib/ruby/gems/2.2.0/gems/learn-test-1.2.23/lib/learn_test/jasmine/jasmine.js:506:11
run@file:///Users/JustinThomas/.rvm/rubies/ruby-2.2.3/lib/ruby/gems/2.2.0/gems/learn-test-1.2.23/lib/learn_test/jasmine/jasmine.js:1505:22
next@file:///Users/JustinThomas/.rvm/rubies/ruby-2.2.3/lib/ruby/gems/2.2.0/gems/learn-test-1.2.23/lib/learn_test/jasmine/jasmine.js:1517:40
complete@file:///Users/JustinThomas/.rvm/rubies/ruby-2.2.3/lib/ruby/gems/2.2.0/gems/learn-test-1.2.23/lib/learn_test/jasmine/jasmine.js:333:19
clearStack@file:///Users/JustinThomas/.rvm/rubies/ruby-2.2.3/lib/ruby/gems/2.2.0/gems/learn-test-1.2.23/lib/learn_test/jasmine/jasmine.js:506:11
run@file:///Users/JustinThomas/.rvm/rubies/ruby-2.2.3/lib/ruby/gems/2.2.0/gems/learn-test-1.2.23/lib/learn_test/jasmine/jasmine.js:1505:22
execute@file:///Users/JustinThomas/.rvm/rubies/ruby-2.2.3/lib/ruby/gems/2.2.0/gems/learn-test-1.2.23/lib/learn_test/jasmine/jasmine.js:1485:13
queueRunnerFactory@file:///Users/JustinThomas/.rvm/rubies/ruby-2.2.3/lib/ruby/gems/2.2.0/gems/learn-test-1.2.23/lib/learn_test/jasmine/jasmine.js:518:42
execute@file:///Users/JustinThomas/.rvm/rubies/ruby-2.2.3/lib/ruby/gems/2.2.0/gems/learn-test-1.2.23/lib/learn_test/jasmine/jasmine.js:306:28
file:///Users/JustinThomas/.rvm/rubies/ruby-2.2.3/lib/ruby/gems/2.2.0/gems/learn-test-1.2.23/lib/learn_test/jasmine/jasmine.js:1708:44
attemptAsync@file:///Users/JustinThomas/.rvm/rubies/ruby-2.2.3/lib/ruby/gems/2.2.0/gems/learn-test-1.2.23/lib/learn_test/jasmine/jasmine.js:1520:16
run@file:///Users/JustinThomas/.rvm/rubies/ruby-2.2.3/lib/ruby/gems/2.2.0/gems/learn-test-1.2.23/lib/learn_test/jasmine/jasmine.js:1496:28
execute@file:///Users/JustinThomas/.rvm/rubies/ruby-2.2.3/lib/ruby/gems/2.2.0/gems/learn-test-1.2.23/lib/learn_test/jasmine/jasmine.js:1485:13
queueRunnerFactory@file:///Users/JustinThomas/.rvm/rubies/ruby-2.2.3/lib/ruby/gems/2.2.0/gems/learn-test-1.2.23/lib/learn_test/jasmine/jasmine.js:518:42
execute@file:///Users/JustinThomas/.rvm/rubies/ruby-2.2.3/lib/ruby/gems/2.2.0/gems/learn-test-1.2.23/lib/learn_test/jasmine/jasmine.js:1694:21
file:///Users/JustinThomas/.rvm/rubies/ruby-2.2.3/lib/ruby/gems/2.2.0/gems/learn-test-1.2.23/lib/learn_test/jasmine/jasmine.js:1708:44
attemptAsync@file:///Users/JustinThomas/.rvm/rubies/ruby-2.2.3/lib/ruby/gems/2.2.0/gems/learn-test-1.2.23/lib/learn_test/jasmine/jasmine.js:1520:16
run@file:///Users/JustinThomas/.rvm/rubies/ruby-2.2.3/lib/ruby/gems/2.2.0/gems/learn-test-1.2.23/lib/learn_test/jasmine/jasmine.js:1496:28
next@file:///Users/JustinThomas/.rvm/rubies/ruby-2.2.3/lib/ruby/gems/2.2.0/gems/learn-test-1.2.23/lib/learn_test/jasmine/jasmine.js:1517:40
complete@file:///Users/JustinThomas/.rvm/rubies/ruby-2.2.3/lib/ruby/gems/2.2.0/gems/learn-test-1.2.23/lib/learn_test/jasmine/jasmine.js:1703:19
clearStack@file:///Users/JustinThomas/.rvm/rubies/ruby-2.2.3/lib/ruby/gems/2.2.0/gems/learn-test-1.2.23/lib/learn_test/jasmine/jasmine.js:506:11
run@file:///Users/JustinThomas/.rvm/rubies/ruby-2.2.3/lib/ruby/gems/2.2.0/gems/learn-test-1.2.23/lib/learn_test/jasmine/jasmine.js:1505:22
next@file:///Users/JustinThomas/.rvm/rubies/ruby-2.2.3/lib/ruby/gems/2.2.0/gems/learn-test-1.2.23/lib/learn_test/jasmine/jasmine.js:1517:40
complete@file:///Users/JustinThomas/.rvm/rubies/ruby-2.2.3/lib/ruby/gems/2.2.0/gems/learn-test-1.2.23/lib/learn_test/jasmine/jasmine.js:333:19
clearStack@file:///Users/JustinThomas/.rvm/rubies/ruby-2.2.3/lib/ruby/gems/2.2.0/gems/learn-test-1.2.23/lib/learn_test/jasmine/jasmine.js:506:11
run@file:///Users/JustinThomas/.rvm/rubies/ruby-2.2.3/lib/ruby/gems/2.2.0/gems/learn-test-1.2.23/lib/learn_test/jasmine/jasmine.js:1505:22
execute@file:///Users/JustinThomas/.rvm/rubies/ruby-2.2.3/lib/ruby/gems/2.2.0/gems/learn-test-1.2.23/lib/learn_test/jasmine/jasmine.js:1485:13
queueRunnerFactory@file:///Users/JustinThomas/.rvm/rubies/ruby-2.2.3/lib/ruby/gems/2.2.0/gems/learn-test-1.2.23/lib/learn_test/jasmine/jasmine.js:518:42
execute@file:///Users/JustinThomas/.rvm/rubies/ruby-2.2.3/lib/ruby/gems/2.2.0/gems/learn-test-1.2.23/lib/learn_test/jasmine/jasmine.js:306:28
file:///Users/JustinThomas/.rvm/rubies/ruby-2.2.3/lib/ruby/gems/2.2.0/gems/learn-test-1.2.23/lib/learn_test/jasmine/jasmine.js:1708:44
attemptAsync@file:///Users/JustinThomas/.rvm/rubies/ruby-2.2.3/lib/ruby/gems/2.2.0/gems/learn-test-1.2.23/lib/learn_test/jasmine/jasmine.js:1520:16
run@file:///Users/JustinThomas/.rvm/rubies/ruby-2.2.3/lib/ruby/gems/2.2.0/gems/learn-test-1.2.23/lib/learn_test/jasmine/jasmine.js:1496:28
next@file:///Users/JustinThomas/.rvm/rubies/ruby-2.2.3/lib/ruby/gems/2.2.0/gems/learn-test-1.2.23/lib/learn_test/jasmine/jasmine.js:1517:40
complete@file:///Users/JustinThomas/.rvm/rubies/ruby-2.2.3/lib/ruby/gems/2.2.0/gems/learn-test-1.2.23/lib/learn_test/jasmine/jasmine.js:333:19
clearStack@file:///Users/JustinThomas/.rvm/rubies/ruby-2.2.3/lib/ruby/gems/2.2.0/gems/learn-test-1.2.23/lib/learn_test/jasmine/jasmine.js:506:11
run@file:///Users/JustinThomas/.rvm/rubies/ruby-2.2.3/lib/ruby/gems/2.2.0/gems/learn-test-1.2.23/lib/learn_test/jasmine/jasmine.js:1505:22
execute@file:///Users/JustinThomas/.rvm/rubies/ruby-2.2.3/lib/ruby/gems/2.2.0/gems/learn-test-1.2.23/lib/learn_test/jasmine/jasmine.js:1485:13
queueRunnerFactory@file:///Users/JustinThomas/.rvm/rubies/ruby-2.2.3/lib/ruby/gems/2.2.0/gems/learn-test-1.2.23/lib/learn_test/jasmine/jasmine.js:518:42
execute@file:///Users/JustinThomas/.rvm/rubies/ruby-2.2.3/lib/ruby/gems/2.2.0/gems/learn-test-1.2.23/lib/learn_test/jasmine/jasmine.js:306:28
file:///Users/JustinThomas/.rvm/rubies/ruby-2.2.3/lib/ruby/gems/2.2.0/gems/learn-test-1.2.23/lib/learn_test/jasmine/jasmine.js:1708:44
attemptAsync@file:///Users/JustinThomas/.rvm/rubies/ruby-2.2.3/lib/ruby/gems/2.2.0/gems/learn-test-1.2.23/lib/learn_test/jasmine/jasmine.js:1520:16
run@file:///Users/JustinThomas/.rvm/rubies/ruby-2.2.3/lib/ruby/gems/2.2.0/gems/learn-test-1.2.23/lib/learn_test/jasmine/jasmine.js:1496:28
execute@file:///Users/JustinThomas/.rvm/rubies/ruby-2.2.3/lib/ruby/gems/2.2.0/gems/learn-test-1.2.23/lib/learn_test/jasmine/jasmine.js:1485:13
queueRunnerFactory@file:///Users/JustinThomas/.rvm/rubies/ruby-2.2.3/lib/ruby/gems/2.2.0/gems/learn-test-1.2.23/lib/learn_test/jasmine/jasmine.js:518:42
execute@file:///Users/JustinThomas/.rvm/rubies/ruby-2.2.3/lib/ruby/gems/2.2.0/gems/learn-test-1.2.23/lib/learn_test/jasmine/jasmine.js:1694:21
file:///Users/JustinThomas/.rvm/rubies/ruby-2.2.3/lib/ruby/gems/2.2.0/gems/learn-test-1.2.23/lib/learn_test/jasmine/jasmine.js:1708:44
attemptAsync@file:///Users/JustinThomas/.rvm/rubies/ruby-2.2.3/lib/ruby/gems/2.2.0/gems/learn-test-1.2.23/lib/learn_test/jasmine/jasmine.js:1520:16
run@file:///Users/JustinThomas/.rvm/rubies/ruby-2.2.3/lib/ruby/gems/2.2.0/gems/learn-test-1.2.23/lib/learn_test/jasmine/jasmine.js:1496:28
next@file:///Users/JustinThomas/.rvm/rubies/ruby-2.2.3/lib/ruby/gems/2.2.0/gems/learn-test-1.2.23/lib/learn_test/jasmine/jasmine.js:1517:40
complete@file:///Users/JustinThomas/.rvm/rubies/ruby-2.2.3/lib/ruby/gems/2.2.0/gems/learn-test-1.2.23/lib/learn_test/jasmine/jasmine.js:1703:19
clearStack@file:///Users/JustinThomas/.rvm/rubies/ruby-2.2.3/lib/ruby/gems/2.2.0/gems/learn-test-1.2.23/lib/learn_test/jasmine/jasmine.js:506:11
run@file:///Users/JustinThomas/.rvm/rubies/ruby-2.2.3/lib/ruby/gems/2.2.0/gems/learn-test-1.2.23/lib/learn_test/jasmine/jasmine.js:1505:22
next@file:///Users/JustinThomas/.rvm/rubies/ruby-2.2.3/lib/ruby/gems/2.2.0/gems/learn-test-1.2.23/lib/learn_test/jasmine/jasmine.js:1517:40
complete@file:///Users/JustinThomas/.rvm/rubies/ruby-2.2.3/lib/ruby/gems/2.2.0/gems/learn-test-1.2.23/lib/learn_test/jasmine/jasmine.js:333:19
clearStack@file:///Users/JustinThomas/.rvm/rubies/ruby-2.2.3/lib/ruby/gems/2.2.0/gems/learn-test-1.2.23/lib/learn_test/jasmine/jasmine.js:506:11
run@file:///Users/JustinThomas/.rvm/rubies/ruby-2.2.3/lib/ruby/gems/2.2.0/gems/learn-test-1.2.23/lib/learn_test/jasmine/jasmine.js:1505:22
execute@file:///Users/JustinThomas/.rvm/rubies/ruby-2.2.3/lib/ruby/gems/2.2.0/gems/learn-test-1.2.23/lib/learn_test/jasmine/jasmine.js:1485:13
queueRunnerFactory@file:///Users/JustinThomas/.rvm/rubies/ruby-2.2.3/lib/ruby/gems/2.2.0/gems/learn-test-1.2.23/lib/learn_test/jasmine/jasmine.js:518:42
execute@file:///Users/JustinThomas/.rvm/rubies/ruby-2.2.3/lib/ruby/gems/2.2.0/gems/learn-test-1.2.23/lib/learn_test/jasmine/jasmine.js:306:28
file:///Users/JustinThomas/.rvm/rubies/ruby-2.2.3/lib/ruby/gems/2.2.0/gems/learn-test-1.2.23/lib/learn_test/jasmine/jasmine.js:1708:44
attemptAsync@file:///Users/JustinThomas/.rvm/rubies/ruby-2.2.3/lib/ruby/gems/2.2.0/gems/learn-test-1.2.23/lib/learn_test/jasmine/jasmine.js:1520:16
run@file:///Users/JustinThomas/.rvm/rubies/ruby-2.2.3/lib/ruby/gems/2.2.0/gems/learn-test-1.2.23/lib/learn_test/jasmine/jasmine.js:1496:28
next@file:///Users/JustinThomas/.rvm/rubies/ruby-2.2.3/lib/ruby/gems/2.2.0/gems/learn-test-1.2.23/lib/learn_test/jasmine/jasmine.js:1517:40
complete@file:///Users/JustinThomas/.rvm/rubies/ruby-2.2.3/lib/ruby/gems/2.2.0/gems/learn-test-1.2.23/lib/learn_test/jasmine/jasmine.js:333:19
clearStack@file:///Users/JustinThomas/.rvm/rubies/ruby-2.2.3/lib/ruby/gems/2.2.0/gems/learn-test-1.2.23/lib/learn_test/jasmine/jasmine.js:506:11
run@file:///Users/JustinThomas/.rvm/rubies/ruby-2.2.3/lib/ruby/gems/2.2.0/gems/learn-test-1.2.23/lib/learn_test/jasmine/jasmine.js:1505:22
execute@file:///Users/JustinThomas/.rvm/rubies/ruby-2.2.3/lib/ruby/gems/2.2.0/gems/learn-test-1.2.23/lib/learn_test/jasmine/jasmine.js:1485:13
queueRunnerFactory@file:///Users/JustinThomas/.rvm/rubies/ruby-2.2.3/lib/ruby/gems/2.2.0/gems/learn-test-1.2.23/lib/learn_test/jasmine/jasmine.js:518:42
execute@file:///Users/JustinThomas/.rvm/rubies/ruby-2.2.3/lib/ruby/gems/2.2.0/gems/learn-test-1.2.23/lib/learn_test/jasmine/jasmine.js:306:28
file:///Users/JustinThomas/.rvm/rubies/ruby-2.2.3/lib/ruby/gems/2.2.0/gems/learn-test-1.2.23/lib/learn_test/jasmine/jasmine.js:1708:44
attemptAsync@file:///Users/JustinThomas/.rvm/rubies/ruby-2.2.3/lib/ruby/gems/2.2.0/gems/learn-test-1.2.23/lib/learn_test/jasmine/jasmine.js:1520:16
run@file:///Users/JustinThomas/.rvm/rubies/ruby-2.2.3/lib/ruby/gems/2.2.0/gems/learn-test-1.2.23/lib/learn_test/jasmine/jasmine.js:1496:28
execute@file:///Users/JustinThomas/.rvm/rubies/ruby-2.2.3/lib/ruby/gems/2.2.0/gems/learn-test-1.2.23/lib/learn_test/jasmine/jasmine.js:1485:13
queueRunnerFactory@file:///Users/JustinThomas/.rvm/rubies/ruby-2.2.3/lib/ruby/gems/2.2.0/gems/learn-test-1.2.23/lib/learn_test/jasmine/jasmine.js:518:42
execute@file:///Users/JustinThomas/.rvm/rubies/ruby-2.2.3/lib/ruby/gems/2.2.0/gems/learn-test-1.2.23/lib/learn_test/jasmine/jasmine.js:1694:21
file:///Users/JustinThomas/.rvm/rubies/ruby-2.2.3/lib/ruby/gems/2.2.0/gems/learn-test-1.2.23/lib/learn_test/jasmine/jasmine.js:1708:44
attemptAsync@file:///Users/JustinThomas/.rvm/rubies/ruby-2.2.3/lib/ruby/gems/2.2.0/gems/learn-test-1.2.23/lib/learn_test/jasmine/jasmine.js:1520:16
run@file:///Users/JustinThomas/.rvm/rubies/ruby-2.2.3/lib/ruby/gems/2.2.0/gems/learn-test-1.2.23/lib/learn_test/jasmine/jasmine.js:1496:28
next@file:///Users/JustinThomas/.rvm/rubies/ruby-2.2.3/lib/ruby/gems/2.2.0/gems/learn-test-1.2.23/lib/learn_test/jasmine/jasmine.js:1517:40
complete@file:///Users/JustinThomas/.rvm/rubies/ruby-2.2.3/lib/ruby/gems/2.2.0/gems/learn-test-1.2.23/lib/learn_test/jasmine/jasmine.js:1703:19
clearStack@file:///Users/JustinThomas/.rvm/rubies/ruby-2.2.3/lib/ruby/gems/2.2.0/gems/learn-test-1.2.23/lib/learn_test/jasmine/jasmine.js:506:11
run@file:///Users/JustinThomas/.rvm/rubies/ruby-2.2.3/lib/ruby/gems/2.2.0/gems/learn-test-1.2.23/lib/learn_test/jasmine/jasmine.js:1505:22
next@file:///Users/JustinThomas/.rvm/rubies/ruby-2.2.3/lib/ruby/gems/2.2.0/gems/learn-test-1.2.23/lib/learn_test/jasmine/jasmine.js:1517:40
complete@file:///Users/JustinThomas/.rvm/rubies/ruby-2.2.3/lib/ruby/gems/2.2.0/gems/learn-test-1.2.23/lib/learn_test/jasmine/jasmine.js:333:19
clearStack@file:///Users/JustinThomas/.rvm/rubies/ruby-2.2.3/lib/ruby/gems/2.2.0/gems/learn-test-1.2.23/lib/learn_test/jasmine/jasmine.js:506:11
run@file:///Users/JustinThomas/.rvm/rubies/ruby-2.2.3/lib/ruby/gems/2.2.0/gems/learn-test-1.2.23/lib/learn_test/jasmine/jasmine.js:1505:22
execute@file:///Users/JustinThomas/.rvm/rubies/ruby-2.2.3/lib/ruby/gems/2.2.0/gems/learn-test-1.2.23/lib/learn_test/jasmine/jasmine.js:1485:13
queueRunnerFactory@file:///Users/JustinThomas/.rvm/rubies/ruby-2.2.3/lib/ruby/gems/2.2.0/gems/learn-test-1.2.23/lib/learn_test/jasmine/jasmine.js:518:42
execute@file:///Users/JustinThomas/.rvm/rubies/ruby-2.2.3/lib/ruby/gems/2.2.0/gems/learn-test-1.2.23/lib/learn_test/jasmine/jasmine.js:306:28
file:///Users/JustinThomas/.rvm/rubies/ruby-2.2.3/lib/ruby/gems/2.2.0/gems/learn-test-1.2.23/lib/learn_test/jasmine/jasmine.js:1708:44
attemptAsync@file:///Users/JustinThomas/.rvm/rubies/ruby-2.2.3/lib/ruby/gems/2.2.0/gems/learn-test-1.2.23/lib/learn_test/jasmine/jasmine.js:1520:16
run@file:///Users/JustinThomas/.rvm/rubies/ruby-2.2.3/lib/ruby/gems/2.2.0/gems/learn-test-1.2.23/lib/learn_test/jasmine/jasmine.js:1496:28
execute@file:///Users/JustinThomas/.rvm/rubies/ruby-2.2.3/lib/ruby/gems/2.2.0/gems/learn-test-1.2.23/lib/learn_test/jasmine/jasmine.js:1485:13
queueRunnerFactory@file:///Users/JustinThomas/.rvm/rubies/ruby-2.2.3/lib/ruby/gems/2.2.0/gems/learn-test-1.2.23/lib/learn_test/jasmine/jasmine.js:518:42
execute@file:///Users/JustinThomas/.rvm/rubies/ruby-2.2.3/lib/ruby/gems/2.2.0/gems/learn-test-1.2.23/lib/learn_test/jasmine/jasmine.js:1694:21
file:///Users/JustinThomas/.rvm/rubies/ruby-2.2.3/lib/ruby/gems/2.2.0/gems/learn-test-1.2.23/lib/learn_test/jasmine/jasmine.js:1708:44
attemptAsync@file:///Users/JustinThomas/.rvm/rubies/ruby-2.2.3/lib/ruby/gems/2.2.0/gems/learn-test-1.2.23/lib/learn_test/jasmine/jasmine.js:1520:16
run@file:///Users/JustinThomas/.rvm/rubies/ruby-2.2.3/lib/ruby/gems/2.2.0/gems/learn-test-1.2.23/lib/learn_test/jasmine/jasmine.js:1496:28
next@file:///Users/JustinThomas/.rvm/rubies/ruby-2.2.3/lib/ruby/gems/2.2.0/gems/learn-test-1.2.23/lib/learn_test/jasmine/jasmine.js:1517:40
complete@file:///Users/JustinThomas/.rvm/rubies/ruby-2.2.3/lib/ruby/gems/2.2.0/gems/learn-test-1.2.23/lib/learn_test/jasmine/jasmine.js:1703:19
clearStack@file:///Users/JustinThomas/.rvm/rubies/ruby-2.2.3/lib/ruby/gems/2.2.0/gems/learn-test-1.2.23/lib/learn_test/jasmine/jasmine.js:506:11
run@file:///Users/JustinThomas/.rvm/rubies/ruby-2.2.3/lib/ruby/gems/2.2.0/gems/learn-test-1.2.23/lib/learn_test/jasmine/jasmine.js:1505:22
next@file:///Users/JustinThomas/.rvm/rubies/ruby-2.2.3/lib/ruby/gems/2.2.0/gems/learn-test-1.2.23/lib/learn_test/jasmine/jasmine.js:1517:40
complete@file:///Users/JustinThomas/.rvm/rubies/ruby-2.2.3/lib/ruby/gems/2.2.0/gems/learn-test-1.2.23/lib/learn_test/jasmine/jasmine.js:333:19
clearStack@file:///Users/JustinThomas/.rvm/rubies/ruby-2.2.3/lib/ruby/gems/2.2.0/gems/learn-test-1.2.23/lib/learn_test/jasmine/jasmine.js:506:11
run@file:///Users/JustinThomas/.rvm/rubies/ruby-2.2.3/lib/ruby/gems/2.2.0/gems/learn-test-1.2.23/lib/learn_test/jasmine/jasmine.js:1505:22
execute@file:///Users/JustinThomas/.rvm/rubies/ruby-2.2.3/lib/ruby/gems/2.2.0/gems/learn-test-1.2.23/lib/learn_test/jasmine/jasmine.js:1485:13
queueRunnerFactory@file:///Users/JustinThomas/.rvm/rubies/ruby-2.2.3/lib/ruby/gems/2.2.0/gems/learn-test-1.2.23/lib/learn_test/jasmine/jasmine.js:518:42
execute@file:///Users/JustinThomas/.rvm/rubies/ruby-2.2.3/lib/ruby/gems/2.2.0/gems/learn-test-1.2.23/lib/learn_test/jasmine/jasmine.js:306:28
file:///Users/JustinThomas/.rvm/rubies/ruby-2.2.3/lib/ruby/gems/2.2.0/gems/learn-test-1.2.23/lib/learn_test/jasmine/jasmine.js:1708:44
attemptAsync@file:///Users/JustinThomas/.rvm/rubies/ruby-2.2.3/lib/ruby/gems/2.2.0/gems/learn-test-1.2.23/lib/learn_test/jasmine/jasmine.js:1520:16
run@file:///Users/JustinThomas/.rvm/rubies/ruby-2.2.3/lib/ruby/gems/2.2.0/gems/learn-test-1.2.23/lib/learn_test/jasmine/jasmine.js:1496:28
execute@file:///Users/JustinThomas/.rvm/rubies/ruby-2.2.3/lib/ruby/gems/2.2.0/gems/learn-test-1.2.23/lib/learn_test/jasmine/jasmine.js:1485:13
queueRunnerFactory@file:///Users/JustinThomas/.rvm/rubies/ruby-2.2.3/lib/ruby/gems/2.2.0/gems/learn-test-1.2.23/lib/learn_test/jasmine/jasmine.js:518:42
execute@file:///Users/JustinThomas/.rvm/rubies/ruby-2.2.3/lib/ruby/gems/2.2.0/gems/learn-test-1.2.23/lib/learn_test/jasmine/jasmine.js:1694:21
file:///Users/JustinThomas/.rvm/rubies/ruby-2.2.3/lib/ruby/gems/2.2.0/gems/learn-test-1.2.23/lib/learn_test/jasmine/jasmine.js:1708:44
attemptAsync@file:///Users/JustinThomas/.rvm/rubies/ruby-2.2.3/lib/ruby/gems/2.2.0/gems/learn-test-1.2.23/lib/learn_test/jasmine/jasmine.js:1520:16
run@file:///Users/JustinThomas/.rvm/rubies/ruby-2.2.3/lib/ruby/gems/2.2.0/gems/learn-test-1.2.23/lib/learn_test/jasmine/jasmine.js:1496:28
execute@file:///Users/JustinThomas/.rvm/rubies/ruby-2.2.3/lib/ruby/gems/2.2.0/gems/learn-test-1.2.23/lib/learn_test/jasmine/jasmine.js:1485:13
queueRunnerFactory@file:///Users/JustinThomas/.rvm/rubies/ruby-2.2.3/lib/ruby/gems/2.2.0/gems/learn-test-1.2.23/lib/learn_test/jasmine/jasmine.js:518:42
execute@file:///Users/JustinThomas/.rvm/rubies/ruby-2.2.3/lib/ruby/gems/2.2.0/gems/learn-test-1.2.23/lib/learn_test/jasmine/jasmine.js:1694:21
file:///Users/JustinThomas/.rvm/rubies/ruby-2.2.3/lib/ruby/gems/2.2.0/gems/learn-test-1.2.23/lib/learn_test/jasmine/jasmine.js:1708:44
attemptAsync@file:///Users/JustinThomas/.rvm/rubies/ruby-2.2.3/lib/ruby/gems/2.2.0/gems/learn-test-1.2.23/lib/learn_test/jasmine/jasmine.js:1520:16
run@file:///Users/JustinThomas/.rvm/rubies/ruby-2.2.3/lib/ruby/gems/2.2.0/gems/learn-test-1.2.23/lib/learn_test/jasmine/jasmine.js:1496:28
execute@file:///Users/JustinThomas/.rvm/rubies/ruby-2.2.3/lib/ruby/gems/2.2.0/gems/learn-test-1.2.23/lib/learn_test/jasmine/jasmine.js:1485:13
queueRunnerFactory@file:///Users/JustinThomas/.rvm/rubies/ruby-2.2.3/lib/ruby/gems/2.2.0/gems/learn-test-1.2.23/lib/learn_test/jasmine/jasmine.js:518:42
execute@file:///Users/JustinThomas/.rvm/rubies/ruby-2.2.3/lib/ruby/gems/2.2.0/gems/learn-test-1.2.23/lib/learn_test/jasmine/jasmine.js:1694:21
file:///Users/JustinThomas/.rvm/rubies/ruby-2.2.3/lib/ruby/gems/2.2.0/gems/learn-test-1.2.23/lib/learn_test/jasmine/jasmine.js:541:83
attemptAsync@file:///Users/JustinThomas/.rvm/rubies/ruby-2.2.3/lib/ruby/gems/2.2.0/gems/learn-test-1.2.23/lib/learn_test/jasmine/jasmine.js:1520:16
run@file:///Users/JustinThomas/.rvm/rubies/ruby-2.2.3/lib/ruby/gems/2.2.0/gems/learn-test-1.2.23/lib/learn_test/jasmine/jasmine.js:1496:28
execute@file:///Users/JustinThomas/.rvm/rubies/ruby-2.2.3/lib/ruby/gems/2.2.0/gems/learn-test-1.2.23/lib/learn_test/jasmine/jasmine.js:1485:13
queueRunnerFactory@file:///Users/JustinThomas/.rvm/rubies/ruby-2.2.3/lib/ruby/gems/2.2.0/gems/learn-test-1.2.23/lib/learn_test/jasmine/jasmine.js:518:42
execute@file:///Users/JustinThomas/.rvm/rubies/ruby-2.2.3/lib/ruby/gems/2.2.0/gems/learn-test-1.2.23/lib/learn_test/jasmine/jasmine.js:548:25
onload@file:///Users/JustinThomas/.rvm/rubies/ruby-2.2.3/lib/ruby/gems/2.2.0/gems/learn-test-1.2.23/lib/learn_test/jasmine/boot.js:172:16			</failure>
		</testcase>
		<testcase classname="Tic Tac Toe Functionality" name="#checkWinner calls on &amp;apos;message&amp;apos; and passes it the string &amp;apos;Player X Won!&amp;apos; when player X wins vertically" time="0.001">
			<failure type="" message="ReferenceError: Can&amp;apos;t find variable: attachListeners in file:///Users/JustinThomas/Development/code/js-tictactoe-rails-api-v-000/spec/tictactoe.spec.js (line 90)">
file:///Users/JustinThomas/Development/code/js-tictactoe-rails-api-v-000/spec/tictactoe.spec.js:90:22
attemptSync@file:///Users/JustinThomas/.rvm/rubies/ruby-2.2.3/lib/ruby/gems/2.2.0/gems/learn-test-1.2.23/lib/learn_test/jasmine/jasmine.js:1510:16
run@file:///Users/JustinThomas/.rvm/rubies/ruby-2.2.3/lib/ruby/gems/2.2.0/gems/learn-test-1.2.23/lib/learn_test/jasmine/jasmine.js:1498:20
execute@file:///Users/JustinThomas/.rvm/rubies/ruby-2.2.3/lib/ruby/gems/2.2.0/gems/learn-test-1.2.23/lib/learn_test/jasmine/jasmine.js:1485:13
queueRunnerFactory@file:///Users/JustinThomas/.rvm/rubies/ruby-2.2.3/lib/ruby/gems/2.2.0/gems/learn-test-1.2.23/lib/learn_test/jasmine/jasmine.js:518:42
execute@file:///Users/JustinThomas/.rvm/rubies/ruby-2.2.3/lib/ruby/gems/2.2.0/gems/learn-test-1.2.23/lib/learn_test/jasmine/jasmine.js:306:28
file:///Users/JustinThomas/.rvm/rubies/ruby-2.2.3/lib/ruby/gems/2.2.0/gems/learn-test-1.2.23/lib/learn_test/jasmine/jasmine.js:1708:44
attemptAsync@file:///Users/JustinThomas/.rvm/rubies/ruby-2.2.3/lib/ruby/gems/2.2.0/gems/learn-test-1.2.23/lib/learn_test/jasmine/jasmine.js:1520:16
run@file:///Users/JustinThomas/.rvm/rubies/ruby-2.2.3/lib/ruby/gems/2.2.0/gems/learn-test-1.2.23/lib/learn_test/jasmine/jasmine.js:1496:28
next@file:///Users/JustinThomas/.rvm/rubies/ruby-2.2.3/lib/ruby/gems/2.2.0/gems/learn-test-1.2.23/lib/learn_test/jasmine/jasmine.js:1517:40
complete@file:///Users/JustinThomas/.rvm/rubies/ruby-2.2.3/lib/ruby/gems/2.2.0/gems/learn-test-1.2.23/lib/learn_test/jasmine/jasmine.js:333:19
clearStack@file:///Users/JustinThomas/.rvm/rubies/ruby-2.2.3/lib/ruby/gems/2.2.0/gems/learn-test-1.2.23/lib/learn_test/jasmine/jasmine.js:506:11
run@file:///Users/JustinThomas/.rvm/rubies/ruby-2.2.3/lib/ruby/gems/2.2.0/gems/learn-test-1.2.23/lib/learn_test/jasmine/jasmine.js:1505:22
execute@file:///Users/JustinThomas/.rvm/rubies/ruby-2.2.3/lib/ruby/gems/2.2.0/gems/learn-test-1.2.23/lib/learn_test/jasmine/jasmine.js:1485:13
queueRunnerFactory@file:///Users/JustinThomas/.rvm/rubies/ruby-2.2.3/lib/ruby/gems/2.2.0/gems/learn-test-1.2.23/lib/learn_test/jasmine/jasmine.js:518:42
execute@file:///Users/JustinThomas/.rvm/rubies/ruby-2.2.3/lib/ruby/gems/2.2.0/gems/learn-test-1.2.23/lib/learn_test/jasmine/jasmine.js:306:28
file:///Users/JustinThomas/.rvm/rubies/ruby-2.2.3/lib/ruby/gems/2.2.0/gems/learn-test-1.2.23/lib/learn_test/jasmine/jasmine.js:1708:44
attemptAsync@file:///Users/JustinThomas/.rvm/rubies/ruby-2.2.3/lib/ruby/gems/2.2.0/gems/learn-test-1.2.23/lib/learn_test/jasmine/jasmine.js:1520:16
run@file:///Users/JustinThomas/.rvm/rubies/ruby-2.2.3/lib/ruby/gems/2.2.0/gems/learn-test-1.2.23/lib/learn_test/jasmine/jasmine.js:1496:28
execute@file:///Users/JustinThomas/.rvm/rubies/ruby-2.2.3/lib/ruby/gems/2.2.0/gems/learn-test-1.2.23/lib/learn_test/jasmine/jasmine.js:1485:13
queueRunnerFactory@file:///Users/JustinThomas/.rvm/rubies/ruby-2.2.3/lib/ruby/gems/2.2.0/gems/learn-test-1.2.23/lib/learn_test/jasmine/jasmine.js:518:42
execute@file:///Users/JustinThomas/.rvm/rubies/ruby-2.2.3/lib/ruby/gems/2.2.0/gems/learn-test-1.2.23/lib/learn_test/jasmine/jasmine.js:1694:21
file:///Users/JustinThomas/.rvm/rubies/ruby-2.2.3/lib/ruby/gems/2.2.0/gems/learn-test-1.2.23/lib/learn_test/jasmine/jasmine.js:1708:44
attemptAsync@file:///Users/JustinThomas/.rvm/rubies/ruby-2.2.3/lib/ruby/gems/2.2.0/gems/learn-test-1.2.23/lib/learn_test/jasmine/jasmine.js:1520:16
run@file:///Users/JustinThomas/.rvm/rubies/ruby-2.2.3/lib/ruby/gems/2.2.0/gems/learn-test-1.2.23/lib/learn_test/jasmine/jasmine.js:1496:28
next@file:///Users/JustinThomas/.rvm/rubies/ruby-2.2.3/lib/ruby/gems/2.2.0/gems/learn-test-1.2.23/lib/learn_test/jasmine/jasmine.js:1517:40
complete@file:///Users/JustinThomas/.rvm/rubies/ruby-2.2.3/lib/ruby/gems/2.2.0/gems/learn-test-1.2.23/lib/learn_test/jasmine/jasmine.js:1703:19
clearStack@file:///Users/JustinThomas/.rvm/rubies/ruby-2.2.3/lib/ruby/gems/2.2.0/gems/learn-test-1.2.23/lib/learn_test/jasmine/jasmine.js:506:11
run@file:///Users/JustinThomas/.rvm/rubies/ruby-2.2.3/lib/ruby/gems/2.2.0/gems/learn-test-1.2.23/lib/learn_test/jasmine/jasmine.js:1505:22
next@file:///Users/JustinThomas/.rvm/rubies/ruby-2.2.3/lib/ruby/gems/2.2.0/gems/learn-test-1.2.23/lib/learn_test/jasmine/jasmine.js:1517:40
complete@file:///Users/JustinThomas/.rvm/rubies/ruby-2.2.3/lib/ruby/gems/2.2.0/gems/learn-test-1.2.23/lib/learn_test/jasmine/jasmine.js:333:19
clearStack@file:///Users/JustinThomas/.rvm/rubies/ruby-2.2.3/lib/ruby/gems/2.2.0/gems/learn-test-1.2.23/lib/learn_test/jasmine/jasmine.js:506:11
run@file:///Users/JustinThomas/.rvm/rubies/ruby-2.2.3/lib/ruby/gems/2.2.0/gems/learn-test-1.2.23/lib/learn_test/jasmine/jasmine.js:1505:22
execute@file:///Users/JustinThomas/.rvm/rubies/ruby-2.2.3/lib/ruby/gems/2.2.0/gems/learn-test-1.2.23/lib/learn_test/jasmine/jasmine.js:1485:13
queueRunnerFactory@file:///Users/JustinThomas/.rvm/rubies/ruby-2.2.3/lib/ruby/gems/2.2.0/gems/learn-test-1.2.23/lib/learn_test/jasmine/jasmine.js:518:42
execute@file:///Users/JustinThomas/.rvm/rubies/ruby-2.2.3/lib/ruby/gems/2.2.0/gems/learn-test-1.2.23/lib/learn_test/jasmine/jasmine.js:306:28
file:///Users/JustinThomas/.rvm/rubies/ruby-2.2.3/lib/ruby/gems/2.2.0/gems/learn-test-1.2.23/lib/learn_test/jasmine/jasmine.js:1708:44
attemptAsync@file:///Users/JustinThomas/.rvm/rubies/ruby-2.2.3/lib/ruby/gems/2.2.0/gems/learn-test-1.2.23/lib/learn_test/jasmine/jasmine.js:1520:16
run@file:///Users/JustinThomas/.rvm/rubies/ruby-2.2.3/lib/ruby/gems/2.2.0/gems/learn-test-1.2.23/lib/learn_test/jasmine/jasmine.js:1496:28
execute@file:///Users/JustinThomas/.rvm/rubies/ruby-2.2.3/lib/ruby/gems/2.2.0/gems/learn-test-1.2.23/lib/learn_test/jasmine/jasmine.js:1485:13
queueRunnerFactory@file:///Users/JustinThomas/.rvm/rubies/ruby-2.2.3/lib/ruby/gems/2.2.0/gems/learn-test-1.2.23/lib/learn_test/jasmine/jasmine.js:518:42
execute@file:///Users/JustinThomas/.rvm/rubies/ruby-2.2.3/lib/ruby/gems/2.2.0/gems/learn-test-1.2.23/lib/learn_test/jasmine/jasmine.js:1694:21
file:///Users/JustinThomas/.rvm/rubies/ruby-2.2.3/lib/ruby/gems/2.2.0/gems/learn-test-1.2.23/lib/learn_test/jasmine/jasmine.js:1708:44
attemptAsync@file:///Users/JustinThomas/.rvm/rubies/ruby-2.2.3/lib/ruby/gems/2.2.0/gems/learn-test-1.2.23/lib/learn_test/jasmine/jasmine.js:1520:16
run@file:///Users/JustinThomas/.rvm/rubies/ruby-2.2.3/lib/ruby/gems/2.2.0/gems/learn-test-1.2.23/lib/learn_test/jasmine/jasmine.js:1496:28
next@file:///Users/JustinThomas/.rvm/rubies/ruby-2.2.3/lib/ruby/gems/2.2.0/gems/learn-test-1.2.23/lib/learn_test/jasmine/jasmine.js:1517:40
complete@file:///Users/JustinThomas/.rvm/rubies/ruby-2.2.3/lib/ruby/gems/2.2.0/gems/learn-test-1.2.23/lib/learn_test/jasmine/jasmine.js:1703:19
clearStack@file:///Users/JustinThomas/.rvm/rubies/ruby-2.2.3/lib/ruby/gems/2.2.0/gems/learn-test-1.2.23/lib/learn_test/jasmine/jasmine.js:506:11
run@file:///Users/JustinThomas/.rvm/rubies/ruby-2.2.3/lib/ruby/gems/2.2.0/gems/learn-test-1.2.23/lib/learn_test/jasmine/jasmine.js:1505:22
next@file:///Users/JustinThomas/.rvm/rubies/ruby-2.2.3/lib/ruby/gems/2.2.0/gems/learn-test-1.2.23/lib/learn_test/jasmine/jasmine.js:1517:40
complete@file:///Users/JustinThomas/.rvm/rubies/ruby-2.2.3/lib/ruby/gems/2.2.0/gems/learn-test-1.2.23/lib/learn_test/jasmine/jasmine.js:333:19
clearStack@file:///Users/JustinThomas/.rvm/rubies/ruby-2.2.3/lib/ruby/gems/2.2.0/gems/learn-test-1.2.23/lib/learn_test/jasmine/jasmine.js:506:11
run@file:///Users/JustinThomas/.rvm/rubies/ruby-2.2.3/lib/ruby/gems/2.2.0/gems/learn-test-1.2.23/lib/learn_test/jasmine/jasmine.js:1505:22
execute@file:///Users/JustinThomas/.rvm/rubies/ruby-2.2.3/lib/ruby/gems/2.2.0/gems/learn-test-1.2.23/lib/learn_test/jasmine/jasmine.js:1485:13
queueRunnerFactory@file:///Users/JustinThomas/.rvm/rubies/ruby-2.2.3/lib/ruby/gems/2.2.0/gems/learn-test-1.2.23/lib/learn_test/jasmine/jasmine.js:518:42
execute@file:///Users/JustinThomas/.rvm/rubies/ruby-2.2.3/lib/ruby/gems/2.2.0/gems/learn-test-1.2.23/lib/learn_test/jasmine/jasmine.js:306:28
file:///Users/JustinThomas/.rvm/rubies/ruby-2.2.3/lib/ruby/gems/2.2.0/gems/learn-test-1.2.23/lib/learn_test/jasmine/jasmine.js:1708:44
attemptAsync@file:///Users/JustinThomas/.rvm/rubies/ruby-2.2.3/lib/ruby/gems/2.2.0/gems/learn-test-1.2.23/lib/learn_test/jasmine/jasmine.js:1520:16
run@file:///Users/JustinThomas/.rvm/rubies/ruby-2.2.3/lib/ruby/gems/2.2.0/gems/learn-test-1.2.23/lib/learn_test/jasmine/jasmine.js:1496:28
next@file:///Users/JustinThomas/.rvm/rubies/ruby-2.2.3/lib/ruby/gems/2.2.0/gems/learn-test-1.2.23/lib/learn_test/jasmine/jasmine.js:1517:40
complete@file:///Users/JustinThomas/.rvm/rubies/ruby-2.2.3/lib/ruby/gems/2.2.0/gems/learn-test-1.2.23/lib/learn_test/jasmine/jasmine.js:333:19
clearStack@file:///Users/JustinThomas/.rvm/rubies/ruby-2.2.3/lib/ruby/gems/2.2.0/gems/learn-test-1.2.23/lib/learn_test/jasmine/jasmine.js:506:11
run@file:///Users/JustinThomas/.rvm/rubies/ruby-2.2.3/lib/ruby/gems/2.2.0/gems/learn-test-1.2.23/lib/learn_test/jasmine/jasmine.js:1505:22
execute@file:///Users/JustinThomas/.rvm/rubies/ruby-2.2.3/lib/ruby/gems/2.2.0/gems/learn-test-1.2.23/lib/learn_test/jasmine/jasmine.js:1485:13
queueRunnerFactory@file:///Users/JustinThomas/.rvm/rubies/ruby-2.2.3/lib/ruby/gems/2.2.0/gems/learn-test-1.2.23/lib/learn_test/jasmine/jasmine.js:518:42
execute@file:///Users/JustinThomas/.rvm/rubies/ruby-2.2.3/lib/ruby/gems/2.2.0/gems/learn-test-1.2.23/lib/learn_test/jasmine/jasmine.js:306:28
file:///Users/JustinThomas/.rvm/rubies/ruby-2.2.3/lib/ruby/gems/2.2.0/gems/learn-test-1.2.23/lib/learn_test/jasmine/jasmine.js:1708:44
attemptAsync@file:///Users/JustinThomas/.rvm/rubies/ruby-2.2.3/lib/ruby/gems/2.2.0/gems/learn-test-1.2.23/lib/learn_test/jasmine/jasmine.js:1520:16
run@file:///Users/JustinThomas/.rvm/rubies/ruby-2.2.3/lib/ruby/gems/2.2.0/gems/learn-test-1.2.23/lib/learn_test/jasmine/jasmine.js:1496:28
execute@file:///Users/JustinThomas/.rvm/rubies/ruby-2.2.3/lib/ruby/gems/2.2.0/gems/learn-test-1.2.23/lib/learn_test/jasmine/jasmine.js:1485:13
queueRunnerFactory@file:///Users/JustinThomas/.rvm/rubies/ruby-2.2.3/lib/ruby/gems/2.2.0/gems/learn-test-1.2.23/lib/learn_test/jasmine/jasmine.js:518:42
execute@file:///Users/JustinThomas/.rvm/rubies/ruby-2.2.3/lib/ruby/gems/2.2.0/gems/learn-test-1.2.23/lib/learn_test/jasmine/jasmine.js:1694:21
file:///Users/JustinThomas/.rvm/rubies/ruby-2.2.3/lib/ruby/gems/2.2.0/gems/learn-test-1.2.23/lib/learn_test/jasmine/jasmine.js:1708:44
attemptAsync@file:///Users/JustinThomas/.rvm/rubies/ruby-2.2.3/lib/ruby/gems/2.2.0/gems/learn-test-1.2.23/lib/learn_test/jasmine/jasmine.js:1520:16
run@file:///Users/JustinThomas/.rvm/rubies/ruby-2.2.3/lib/ruby/gems/2.2.0/gems/learn-test-1.2.23/lib/learn_test/jasmine/jasmine.js:1496:28
next@file:///Users/JustinThomas/.rvm/rubies/ruby-2.2.3/lib/ruby/gems/2.2.0/gems/learn-test-1.2.23/lib/learn_test/jasmine/jasmine.js:1517:40
complete@file:///Users/JustinThomas/.rvm/rubies/ruby-2.2.3/lib/ruby/gems/2.2.0/gems/learn-test-1.2.23/lib/learn_test/jasmine/jasmine.js:1703:19
clearStack@file:///Users/JustinThomas/.rvm/rubies/ruby-2.2.3/lib/ruby/gems/2.2.0/gems/learn-test-1.2.23/lib/learn_test/jasmine/jasmine.js:506:11
run@file:///Users/JustinThomas/.rvm/rubies/ruby-2.2.3/lib/ruby/gems/2.2.0/gems/learn-test-1.2.23/lib/learn_test/jasmine/jasmine.js:1505:22
next@file:///Users/JustinThomas/.rvm/rubies/ruby-2.2.3/lib/ruby/gems/2.2.0/gems/learn-test-1.2.23/lib/learn_test/jasmine/jasmine.js:1517:40
complete@file:///Users/JustinThomas/.rvm/rubies/ruby-2.2.3/lib/ruby/gems/2.2.0/gems/learn-test-1.2.23/lib/learn_test/jasmine/jasmine.js:333:19
clearStack@file:///Users/JustinThomas/.rvm/rubies/ruby-2.2.3/lib/ruby/gems/2.2.0/gems/learn-test-1.2.23/lib/learn_test/jasmine/jasmine.js:506:11
run@file:///Users/JustinThomas/.rvm/rubies/ruby-2.2.3/lib/ruby/gems/2.2.0/gems/learn-test-1.2.23/lib/learn_test/jasmine/jasmine.js:1505:22
execute@file:///Users/JustinThomas/.rvm/rubies/ruby-2.2.3/lib/ruby/gems/2.2.0/gems/learn-test-1.2.23/lib/learn_test/jasmine/jasmine.js:1485:13
queueRunnerFactory@file:///Users/JustinThomas/.rvm/rubies/ruby-2.2.3/lib/ruby/gems/2.2.0/gems/learn-test-1.2.23/lib/learn_test/jasmine/jasmine.js:518:42
execute@file:///Users/JustinThomas/.rvm/rubies/ruby-2.2.3/lib/ruby/gems/2.2.0/gems/learn-test-1.2.23/lib/learn_test/jasmine/jasmine.js:306:28
file:///Users/JustinThomas/.rvm/rubies/ruby-2.2.3/lib/ruby/gems/2.2.0/gems/learn-test-1.2.23/lib/learn_test/jasmine/jasmine.js:1708:44
attemptAsync@file:///Users/JustinThomas/.rvm/rubies/ruby-2.2.3/lib/ruby/gems/2.2.0/gems/learn-test-1.2.23/lib/learn_test/jasmine/jasmine.js:1520:16
run@file:///Users/JustinThomas/.rvm/rubies/ruby-2.2.3/lib/ruby/gems/2.2.0/gems/learn-test-1.2.23/lib/learn_test/jasmine/jasmine.js:1496:28
next@file:///Users/JustinThomas/.rvm/rubies/ruby-2.2.3/lib/ruby/gems/2.2.0/gems/learn-test-1.2.23/lib/learn_test/jasmine/jasmine.js:1517:40
complete@file:///Users/JustinThomas/.rvm/rubies/ruby-2.2.3/lib/ruby/gems/2.2.0/gems/learn-test-1.2.23/lib/learn_test/jasmine/jasmine.js:333:19
clearStack@file:///Users/JustinThomas/.rvm/rubies/ruby-2.2.3/lib/ruby/gems/2.2.0/gems/learn-test-1.2.23/lib/learn_test/jasmine/jasmine.js:506:11
run@file:///Users/JustinThomas/.rvm/rubies/ruby-2.2.3/lib/ruby/gems/2.2.0/gems/learn-test-1.2.23/lib/learn_test/jasmine/jasmine.js:1505:22
execute@file:///Users/JustinThomas/.rvm/rubies/ruby-2.2.3/lib/ruby/gems/2.2.0/gems/learn-test-1.2.23/lib/learn_test/jasmine/jasmine.js:1485:13
queueRunnerFactory@file:///Users/JustinThomas/.rvm/rubies/ruby-2.2.3/lib/ruby/gems/2.2.0/gems/learn-test-1.2.23/lib/learn_test/jasmine/jasmine.js:518:42
execute@file:///Users/JustinThomas/.rvm/rubies/ruby-2.2.3/lib/ruby/gems/2.2.0/gems/learn-test-1.2.23/lib/learn_test/jasmine/jasmine.js:306:28
file:///Users/JustinThomas/.rvm/rubies/ruby-2.2.3/lib/ruby/gems/2.2.0/gems/learn-test-1.2.23/lib/learn_test/jasmine/jasmine.js:1708:44
attemptAsync@file:///Users/JustinThomas/.rvm/rubies/ruby-2.2.3/lib/ruby/gems/2.2.0/gems/learn-test-1.2.23/lib/learn_test/jasmine/jasmine.js:1520:16
run@file:///Users/JustinThomas/.rvm/rubies/ruby-2.2.3/lib/ruby/gems/2.2.0/gems/learn-test-1.2.23/lib/learn_test/jasmine/jasmine.js:1496:28
execute@file:///Users/JustinThomas/.rvm/rubies/ruby-2.2.3/lib/ruby/gems/2.2.0/gems/learn-test-1.2.23/lib/learn_test/jasmine/jasmine.js:1485:13
queueRunnerFactory@file:///Users/JustinThomas/.rvm/rubies/ruby-2.2.3/lib/ruby/gems/2.2.0/gems/learn-test-1.2.23/lib/learn_test/jasmine/jasmine.js:518:42
execute@file:///Users/JustinThomas/.rvm/rubies/ruby-2.2.3/lib/ruby/gems/2.2.0/gems/learn-test-1.2.23/lib/learn_test/jasmine/jasmine.js:1694:21
file:///Users/JustinThomas/.rvm/rubies/ruby-2.2.3/lib/ruby/gems/2.2.0/gems/learn-test-1.2.23/lib/learn_test/jasmine/jasmine.js:1708:44
attemptAsync@file:///Users/JustinThomas/.rvm/rubies/ruby-2.2.3/lib/ruby/gems/2.2.0/gems/learn-test-1.2.23/lib/learn_test/jasmine/jasmine.js:1520:16
run@file:///Users/JustinThomas/.rvm/rubies/ruby-2.2.3/lib/ruby/gems/2.2.0/gems/learn-test-1.2.23/lib/learn_test/jasmine/jasmine.js:1496:28
next@file:///Users/JustinThomas/.rvm/rubies/ruby-2.2.3/lib/ruby/gems/2.2.0/gems/learn-test-1.2.23/lib/learn_test/jasmine/jasmine.js:1517:40
complete@file:///Users/JustinThomas/.rvm/rubies/ruby-2.2.3/lib/ruby/gems/2.2.0/gems/learn-test-1.2.23/lib/learn_test/jasmine/jasmine.js:1703:19
clearStack@file:///Users/JustinThomas/.rvm/rubies/ruby-2.2.3/lib/ruby/gems/2.2.0/gems/learn-test-1.2.23/lib/learn_test/jasmine/jasmine.js:506:11
run@file:///Users/JustinThomas/.rvm/rubies/ruby-2.2.3/lib/ruby/gems/2.2.0/gems/learn-test-1.2.23/lib/learn_test/jasmine/jasmine.js:1505:22
next@file:///Users/JustinThomas/.rvm/rubies/ruby-2.2.3/lib/ruby/gems/2.2.0/gems/learn-test-1.2.23/lib/learn_test/jasmine/jasmine.js:1517:40
complete@file:///Users/JustinThomas/.rvm/rubies/ruby-2.2.3/lib/ruby/gems/2.2.0/gems/learn-test-1.2.23/lib/learn_test/jasmine/jasmine.js:333:19
clearStack@file:///Users/JustinThomas/.rvm/rubies/ruby-2.2.3/lib/ruby/gems/2.2.0/gems/learn-test-1.2.23/lib/learn_test/jasmine/jasmine.js:506:11
run@file:///Users/JustinThomas/.rvm/rubies/ruby-2.2.3/lib/ruby/gems/2.2.0/gems/learn-test-1.2.23/lib/learn_test/jasmine/jasmine.js:1505:22
execute@file:///Users/JustinThomas/.rvm/rubies/ruby-2.2.3/lib/ruby/gems/2.2.0/gems/learn-test-1.2.23/lib/learn_test/jasmine/jasmine.js:1485:13
queueRunnerFactory@file:///Users/JustinThomas/.rvm/rubies/ruby-2.2.3/lib/ruby/gems/2.2.0/gems/learn-test-1.2.23/lib/learn_test/jasmine/jasmine.js:518:42
execute@file:///Users/JustinThomas/.rvm/rubies/ruby-2.2.3/lib/ruby/gems/2.2.0/gems/learn-test-1.2.23/lib/learn_test/jasmine/jasmine.js:306:28
file:///Users/JustinThomas/.rvm/rubies/ruby-2.2.3/lib/ruby/gems/2.2.0/gems/learn-test-1.2.23/lib/learn_test/jasmine/jasmine.js:1708:44
attemptAsync@file:///Users/JustinThomas/.rvm/rubies/ruby-2.2.3/lib/ruby/gems/2.2.0/gems/learn-test-1.2.23/lib/learn_test/jasmine/jasmine.js:1520:16
run@file:///Users/JustinThomas/.rvm/rubies/ruby-2.2.3/lib/ruby/gems/2.2.0/gems/learn-test-1.2.23/lib/learn_test/jasmine/jasmine.js:1496:28
execute@file:///Users/JustinThomas/.rvm/rubies/ruby-2.2.3/lib/ruby/gems/2.2.0/gems/learn-test-1.2.23/lib/learn_test/jasmine/jasmine.js:1485:13
queueRunnerFactory@file:///Users/JustinThomas/.rvm/rubies/ruby-2.2.3/lib/ruby/gems/2.2.0/gems/learn-test-1.2.23/lib/learn_test/jasmine/jasmine.js:518:42
execute@file:///Users/JustinThomas/.rvm/rubies/ruby-2.2.3/lib/ruby/gems/2.2.0/gems/learn-test-1.2.23/lib/learn_test/jasmine/jasmine.js:1694:21
file:///Users/JustinThomas/.rvm/rubies/ruby-2.2.3/lib/ruby/gems/2.2.0/gems/learn-test-1.2.23/lib/learn_test/jasmine/jasmine.js:1708:44
attemptAsync@file:///Users/JustinThomas/.rvm/rubies/ruby-2.2.3/lib/ruby/gems/2.2.0/gems/learn-test-1.2.23/lib/learn_test/jasmine/jasmine.js:1520:16
run@file:///Users/JustinThomas/.rvm/rubies/ruby-2.2.3/lib/ruby/gems/2.2.0/gems/learn-test-1.2.23/lib/learn_test/jasmine/jasmine.js:1496:28
next@file:///Users/JustinThomas/.rvm/rubies/ruby-2.2.3/lib/ruby/gems/2.2.0/gems/learn-test-1.2.23/lib/learn_test/jasmine/jasmine.js:1517:40
complete@file:///Users/JustinThomas/.rvm/rubies/ruby-2.2.3/lib/ruby/gems/2.2.0/gems/learn-test-1.2.23/lib/learn_test/jasmine/jasmine.js:1703:19
clearStack@file:///Users/JustinThomas/.rvm/rubies/ruby-2.2.3/lib/ruby/gems/2.2.0/gems/learn-test-1.2.23/lib/learn_test/jasmine/jasmine.js:506:11
run@file:///Users/JustinThomas/.rvm/rubies/ruby-2.2.3/lib/ruby/gems/2.2.0/gems/learn-test-1.2.23/lib/learn_test/jasmine/jasmine.js:1505:22
next@file:///Users/JustinThomas/.rvm/rubies/ruby-2.2.3/lib/ruby/gems/2.2.0/gems/learn-test-1.2.23/lib/learn_test/jasmine/jasmine.js:1517:40
complete@file:///Users/JustinThomas/.rvm/rubies/ruby-2.2.3/lib/ruby/gems/2.2.0/gems/learn-test-1.2.23/lib/learn_test/jasmine/jasmine.js:333:19
clearStack@file:///Users/JustinThomas/.rvm/rubies/ruby-2.2.3/lib/ruby/gems/2.2.0/gems/learn-test-1.2.23/lib/learn_test/jasmine/jasmine.js:506:11
run@file:///Users/JustinThomas/.rvm/rubies/ruby-2.2.3/lib/ruby/gems/2.2.0/gems/learn-test-1.2.23/lib/learn_test/jasmine/jasmine.js:1505:22
execute@file:///Users/JustinThomas/.rvm/rubies/ruby-2.2.3/lib/ruby/gems/2.2.0/gems/learn-test-1.2.23/lib/learn_test/jasmine/jasmine.js:1485:13
queueRunnerFactory@file:///Users/JustinThomas/.rvm/rubies/ruby-2.2.3/lib/ruby/gems/2.2.0/gems/learn-test-1.2.23/lib/learn_test/jasmine/jasmine.js:518:42
execute@file:///Users/JustinThomas/.rvm/rubies/ruby-2.2.3/lib/ruby/gems/2.2.0/gems/learn-test-1.2.23/lib/learn_test/jasmine/jasmine.js:306:28
file:///Users/JustinThomas/.rvm/rubies/ruby-2.2.3/lib/ruby/gems/2.2.0/gems/learn-test-1.2.23/lib/learn_test/jasmine/jasmine.js:1708:44
attemptAsync@file:///Users/JustinThomas/.rvm/rubies/ruby-2.2.3/lib/ruby/gems/2.2.0/gems/learn-test-1.2.23/lib/learn_test/jasmine/jasmine.js:1520:16
run@file:///Users/JustinThomas/.rvm/rubies/ruby-2.2.3/lib/ruby/gems/2.2.0/gems/learn-test-1.2.23/lib/learn_test/jasmine/jasmine.js:1496:28
execute@file:///Users/JustinThomas/.rvm/rubies/ruby-2.2.3/lib/ruby/gems/2.2.0/gems/learn-test-1.2.23/lib/learn_test/jasmine/jasmine.js:1485:13
queueRunnerFactory@file:///Users/JustinThomas/.rvm/rubies/ruby-2.2.3/lib/ruby/gems/2.2.0/gems/learn-test-1.2.23/lib/learn_test/jasmine/jasmine.js:518:42
execute@file:///Users/JustinThomas/.rvm/rubies/ruby-2.2.3/lib/ruby/gems/2.2.0/gems/learn-test-1.2.23/lib/learn_test/jasmine/jasmine.js:1694:21
file:///Users/JustinThomas/.rvm/rubies/ruby-2.2.3/lib/ruby/gems/2.2.0/gems/learn-test-1.2.23/lib/learn_test/jasmine/jasmine.js:1708:44
attemptAsync@file:///Users/JustinThomas/.rvm/rubies/ruby-2.2.3/lib/ruby/gems/2.2.0/gems/learn-test-1.2.23/lib/learn_test/jasmine/jasmine.js:1520:16
run@file:///Users/JustinThomas/.rvm/rubies/ruby-2.2.3/lib/ruby/gems/2.2.0/gems/learn-test-1.2.23/lib/learn_test/jasmine/jasmine.js:1496:28
execute@file:///Users/JustinThomas/.rvm/rubies/ruby-2.2.3/lib/ruby/gems/2.2.0/gems/learn-test-1.2.23/lib/learn_test/jasmine/jasmine.js:1485:13
queueRunnerFactory@file:///Users/JustinThomas/.rvm/rubies/ruby-2.2.3/lib/ruby/gems/2.2.0/gems/learn-test-1.2.23/lib/learn_test/jasmine/jasmine.js:518:42
execute@file:///Users/JustinThomas/.rvm/rubies/ruby-2.2.3/lib/ruby/gems/2.2.0/gems/learn-test-1.2.23/lib/learn_test/jasmine/jasmine.js:1694:21
file:///Users/JustinThomas/.rvm/rubies/ruby-2.2.3/lib/ruby/gems/2.2.0/gems/learn-test-1.2.23/lib/learn_test/jasmine/jasmine.js:1708:44
attemptAsync@file:///Users/JustinThomas/.rvm/rubies/ruby-2.2.3/lib/ruby/gems/2.2.0/gems/learn-test-1.2.23/lib/learn_test/jasmine/jasmine.js:1520:16
run@file:///Users/JustinThomas/.rvm/rubies/ruby-2.2.3/lib/ruby/gems/2.2.0/gems/learn-test-1.2.23/lib/learn_test/jasmine/jasmine.js:1496:28
execute@file:///Users/JustinThomas/.rvm/rubies/ruby-2.2.3/lib/ruby/gems/2.2.0/gems/learn-test-1.2.23/lib/learn_test/jasmine/jasmine.js:1485:13
queueRunnerFactory@file:///Users/JustinThomas/.rvm/rubies/ruby-2.2.3/lib/ruby/gems/2.2.0/gems/learn-test-1.2.23/lib/learn_test/jasmine/jasmine.js:518:42
execute@file:///Users/JustinThomas/.rvm/rubies/ruby-2.2.3/lib/ruby/gems/2.2.0/gems/learn-test-1.2.23/lib/learn_test/jasmine/jasmine.js:1694:21
file:///Users/JustinThomas/.rvm/rubies/ruby-2.2.3/lib/ruby/gems/2.2.0/gems/learn-test-1.2.23/lib/learn_test/jasmine/jasmine.js:541:83
attemptAsync@file:///Users/JustinThomas/.rvm/rubies/ruby-2.2.3/lib/ruby/gems/2.2.0/gems/learn-test-1.2.23/lib/learn_test/jasmine/jasmine.js:1520:16
run@file:///Users/JustinThomas/.rvm/rubies/ruby-2.2.3/lib/ruby/gems/2.2.0/gems/learn-test-1.2.23/lib/learn_test/jasmine/jasmine.js:1496:28
execute@file:///Users/JustinThomas/.rvm/rubies/ruby-2.2.3/lib/ruby/gems/2.2.0/gems/learn-test-1.2.23/lib/learn_test/jasmine/jasmine.js:1485:13
queueRunnerFactory@file:///Users/JustinThomas/.rvm/rubies/ruby-2.2.3/lib/ruby/gems/2.2.0/gems/learn-test-1.2.23/lib/learn_test/jasmine/jasmine.js:518:42
execute@file:///Users/JustinThomas/.rvm/rubies/ruby-2.2.3/lib/ruby/gems/2.2.0/gems/learn-test-1.2.23/lib/learn_test/jasmine/jasmine.js:548:25
onload@file:///Users/JustinThomas/.rvm/rubies/ruby-2.2.3/lib/ruby/gems/2.2.0/gems/learn-test-1.2.23/lib/learn_test/jasmine/boot.js:172:16			</failure>
		</testcase>
		<testcase classname="Tic Tac Toe Functionality" name="#checkWinner calls on &amp;apos;message&amp;apos; and passes it the string &amp;apos;Player X Won!&amp;apos; when player X wins diagonally" time="0.002">
			<failure type="" message="ReferenceError: Can&amp;apos;t find variable: attachListeners in file:///Users/JustinThomas/Development/code/js-tictactoe-rails-api-v-000/spec/tictactoe.spec.js (line 105)">
file:///Users/JustinThomas/Development/code/js-tictactoe-rails-api-v-000/spec/tictactoe.spec.js:105:22
attemptSync@file:///Users/JustinThomas/.rvm/rubies/ruby-2.2.3/lib/ruby/gems/2.2.0/gems/learn-test-1.2.23/lib/learn_test/jasmine/jasmine.js:1510:16
run@file:///Users/JustinThomas/.rvm/rubies/ruby-2.2.3/lib/ruby/gems/2.2.0/gems/learn-test-1.2.23/lib/learn_test/jasmine/jasmine.js:1498:20
execute@file:///Users/JustinThomas/.rvm/rubies/ruby-2.2.3/lib/ruby/gems/2.2.0/gems/learn-test-1.2.23/lib/learn_test/jasmine/jasmine.js:1485:13
queueRunnerFactory@file:///Users/JustinThomas/.rvm/rubies/ruby-2.2.3/lib/ruby/gems/2.2.0/gems/learn-test-1.2.23/lib/learn_test/jasmine/jasmine.js:518:42
execute@file:///Users/JustinThomas/.rvm/rubies/ruby-2.2.3/lib/ruby/gems/2.2.0/gems/learn-test-1.2.23/lib/learn_test/jasmine/jasmine.js:306:28
file:///Users/JustinThomas/.rvm/rubies/ruby-2.2.3/lib/ruby/gems/2.2.0/gems/learn-test-1.2.23/lib/learn_test/jasmine/jasmine.js:1708:44
attemptAsync@file:///Users/JustinThomas/.rvm/rubies/ruby-2.2.3/lib/ruby/gems/2.2.0/gems/learn-test-1.2.23/lib/learn_test/jasmine/jasmine.js:1520:16
run@file:///Users/JustinThomas/.rvm/rubies/ruby-2.2.3/lib/ruby/gems/2.2.0/gems/learn-test-1.2.23/lib/learn_test/jasmine/jasmine.js:1496:28
next@file:///Users/JustinThomas/.rvm/rubies/ruby-2.2.3/lib/ruby/gems/2.2.0/gems/learn-test-1.2.23/lib/learn_test/jasmine/jasmine.js:1517:40
complete@file:///Users/JustinThomas/.rvm/rubies/ruby-2.2.3/lib/ruby/gems/2.2.0/gems/learn-test-1.2.23/lib/learn_test/jasmine/jasmine.js:333:19
clearStack@file:///Users/JustinThomas/.rvm/rubies/ruby-2.2.3/lib/ruby/gems/2.2.0/gems/learn-test-1.2.23/lib/learn_test/jasmine/jasmine.js:506:11
run@file:///Users/JustinThomas/.rvm/rubies/ruby-2.2.3/lib/ruby/gems/2.2.0/gems/learn-test-1.2.23/lib/learn_test/jasmine/jasmine.js:1505:22
execute@file:///Users/JustinThomas/.rvm/rubies/ruby-2.2.3/lib/ruby/gems/2.2.0/gems/learn-test-1.2.23/lib/learn_test/jasmine/jasmine.js:1485:13
queueRunnerFactory@file:///Users/JustinThomas/.rvm/rubies/ruby-2.2.3/lib/ruby/gems/2.2.0/gems/learn-test-1.2.23/lib/learn_test/jasmine/jasmine.js:518:42
execute@file:///Users/JustinThomas/.rvm/rubies/ruby-2.2.3/lib/ruby/gems/2.2.0/gems/learn-test-1.2.23/lib/learn_test/jasmine/jasmine.js:306:28
file:///Users/JustinThomas/.rvm/rubies/ruby-2.2.3/lib/ruby/gems/2.2.0/gems/learn-test-1.2.23/lib/learn_test/jasmine/jasmine.js:1708:44
attemptAsync@file:///Users/JustinThomas/.rvm/rubies/ruby-2.2.3/lib/ruby/gems/2.2.0/gems/learn-test-1.2.23/lib/learn_test/jasmine/jasmine.js:1520:16
run@file:///Users/JustinThomas/.rvm/rubies/ruby-2.2.3/lib/ruby/gems/2.2.0/gems/learn-test-1.2.23/lib/learn_test/jasmine/jasmine.js:1496:28
next@file:///Users/JustinThomas/.rvm/rubies/ruby-2.2.3/lib/ruby/gems/2.2.0/gems/learn-test-1.2.23/lib/learn_test/jasmine/jasmine.js:1517:40
complete@file:///Users/JustinThomas/.rvm/rubies/ruby-2.2.3/lib/ruby/gems/2.2.0/gems/learn-test-1.2.23/lib/learn_test/jasmine/jasmine.js:333:19
clearStack@file:///Users/JustinThomas/.rvm/rubies/ruby-2.2.3/lib/ruby/gems/2.2.0/gems/learn-test-1.2.23/lib/learn_test/jasmine/jasmine.js:506:11
run@file:///Users/JustinThomas/.rvm/rubies/ruby-2.2.3/lib/ruby/gems/2.2.0/gems/learn-test-1.2.23/lib/learn_test/jasmine/jasmine.js:1505:22
execute@file:///Users/JustinThomas/.rvm/rubies/ruby-2.2.3/lib/ruby/gems/2.2.0/gems/learn-test-1.2.23/lib/learn_test/jasmine/jasmine.js:1485:13
queueRunnerFactory@file:///Users/JustinThomas/.rvm/rubies/ruby-2.2.3/lib/ruby/gems/2.2.0/gems/learn-test-1.2.23/lib/learn_test/jasmine/jasmine.js:518:42
execute@file:///Users/JustinThomas/.rvm/rubies/ruby-2.2.3/lib/ruby/gems/2.2.0/gems/learn-test-1.2.23/lib/learn_test/jasmine/jasmine.js:306:28
file:///Users/JustinThomas/.rvm/rubies/ruby-2.2.3/lib/ruby/gems/2.2.0/gems/learn-test-1.2.23/lib/learn_test/jasmine/jasmine.js:1708:44
attemptAsync@file:///Users/JustinThomas/.rvm/rubies/ruby-2.2.3/lib/ruby/gems/2.2.0/gems/learn-test-1.2.23/lib/learn_test/jasmine/jasmine.js:1520:16
run@file:///Users/JustinThomas/.rvm/rubies/ruby-2.2.3/lib/ruby/gems/2.2.0/gems/learn-test-1.2.23/lib/learn_test/jasmine/jasmine.js:1496:28
execute@file:///Users/JustinThomas/.rvm/rubies/ruby-2.2.3/lib/ruby/gems/2.2.0/gems/learn-test-1.2.23/lib/learn_test/jasmine/jasmine.js:1485:13
queueRunnerFactory@file:///Users/JustinThomas/.rvm/rubies/ruby-2.2.3/lib/ruby/gems/2.2.0/gems/learn-test-1.2.23/lib/learn_test/jasmine/jasmine.js:518:42
execute@file:///Users/JustinThomas/.rvm/rubies/ruby-2.2.3/lib/ruby/gems/2.2.0/gems/learn-test-1.2.23/lib/learn_test/jasmine/jasmine.js:1694:21
file:///Users/JustinThomas/.rvm/rubies/ruby-2.2.3/lib/ruby/gems/2.2.0/gems/learn-test-1.2.23/lib/learn_test/jasmine/jasmine.js:1708:44
attemptAsync@file:///Users/JustinThomas/.rvm/rubies/ruby-2.2.3/lib/ruby/gems/2.2.0/gems/learn-test-1.2.23/lib/learn_test/jasmine/jasmine.js:1520:16
run@file:///Users/JustinThomas/.rvm/rubies/ruby-2.2.3/lib/ruby/gems/2.2.0/gems/learn-test-1.2.23/lib/learn_test/jasmine/jasmine.js:1496:28
next@file:///Users/JustinThomas/.rvm/rubies/ruby-2.2.3/lib/ruby/gems/2.2.0/gems/learn-test-1.2.23/lib/learn_test/jasmine/jasmine.js:1517:40
complete@file:///Users/JustinThomas/.rvm/rubies/ruby-2.2.3/lib/ruby/gems/2.2.0/gems/learn-test-1.2.23/lib/learn_test/jasmine/jasmine.js:1703:19
clearStack@file:///Users/JustinThomas/.rvm/rubies/ruby-2.2.3/lib/ruby/gems/2.2.0/gems/learn-test-1.2.23/lib/learn_test/jasmine/jasmine.js:506:11
run@file:///Users/JustinThomas/.rvm/rubies/ruby-2.2.3/lib/ruby/gems/2.2.0/gems/learn-test-1.2.23/lib/learn_test/jasmine/jasmine.js:1505:22
next@file:///Users/JustinThomas/.rvm/rubies/ruby-2.2.3/lib/ruby/gems/2.2.0/gems/learn-test-1.2.23/lib/learn_test/jasmine/jasmine.js:1517:40
complete@file:///Users/JustinThomas/.rvm/rubies/ruby-2.2.3/lib/ruby/gems/2.2.0/gems/learn-test-1.2.23/lib/learn_test/jasmine/jasmine.js:333:19
clearStack@file:///Users/JustinThomas/.rvm/rubies/ruby-2.2.3/lib/ruby/gems/2.2.0/gems/learn-test-1.2.23/lib/learn_test/jasmine/jasmine.js:506:11
run@file:///Users/JustinThomas/.rvm/rubies/ruby-2.2.3/lib/ruby/gems/2.2.0/gems/learn-test-1.2.23/lib/learn_test/jasmine/jasmine.js:1505:22
execute@file:///Users/JustinThomas/.rvm/rubies/ruby-2.2.3/lib/ruby/gems/2.2.0/gems/learn-test-1.2.23/lib/learn_test/jasmine/jasmine.js:1485:13
queueRunnerFactory@file:///Users/JustinThomas/.rvm/rubies/ruby-2.2.3/lib/ruby/gems/2.2.0/gems/learn-test-1.2.23/lib/learn_test/jasmine/jasmine.js:518:42
execute@file:///Users/JustinThomas/.rvm/rubies/ruby-2.2.3/lib/ruby/gems/2.2.0/gems/learn-test-1.2.23/lib/learn_test/jasmine/jasmine.js:306:28
file:///Users/JustinThomas/.rvm/rubies/ruby-2.2.3/lib/ruby/gems/2.2.0/gems/learn-test-1.2.23/lib/learn_test/jasmine/jasmine.js:1708:44
attemptAsync@file:///Users/JustinThomas/.rvm/rubies/ruby-2.2.3/lib/ruby/gems/2.2.0/gems/learn-test-1.2.23/lib/learn_test/jasmine/jasmine.js:1520:16
run@file:///Users/JustinThomas/.rvm/rubies/ruby-2.2.3/lib/ruby/gems/2.2.0/gems/learn-test-1.2.23/lib/learn_test/jasmine/jasmine.js:1496:28
execute@file:///Users/JustinThomas/.rvm/rubies/ruby-2.2.3/lib/ruby/gems/2.2.0/gems/learn-test-1.2.23/lib/learn_test/jasmine/jasmine.js:1485:13
queueRunnerFactory@file:///Users/JustinThomas/.rvm/rubies/ruby-2.2.3/lib/ruby/gems/2.2.0/gems/learn-test-1.2.23/lib/learn_test/jasmine/jasmine.js:518:42
execute@file:///Users/JustinThomas/.rvm/rubies/ruby-2.2.3/lib/ruby/gems/2.2.0/gems/learn-test-1.2.23/lib/learn_test/jasmine/jasmine.js:1694:21
file:///Users/JustinThomas/.rvm/rubies/ruby-2.2.3/lib/ruby/gems/2.2.0/gems/learn-test-1.2.23/lib/learn_test/jasmine/jasmine.js:1708:44
attemptAsync@file:///Users/JustinThomas/.rvm/rubies/ruby-2.2.3/lib/ruby/gems/2.2.0/gems/learn-test-1.2.23/lib/learn_test/jasmine/jasmine.js:1520:16
run@file:///Users/JustinThomas/.rvm/rubies/ruby-2.2.3/lib/ruby/gems/2.2.0/gems/learn-test-1.2.23/lib/learn_test/jasmine/jasmine.js:1496:28
next@file:///Users/JustinThomas/.rvm/rubies/ruby-2.2.3/lib/ruby/gems/2.2.0/gems/learn-test-1.2.23/lib/learn_test/jasmine/jasmine.js:1517:40
complete@file:///Users/JustinThomas/.rvm/rubies/ruby-2.2.3/lib/ruby/gems/2.2.0/gems/learn-test-1.2.23/lib/learn_test/jasmine/jasmine.js:1703:19
clearStack@file:///Users/JustinThomas/.rvm/rubies/ruby-2.2.3/lib/ruby/gems/2.2.0/gems/learn-test-1.2.23/lib/learn_test/jasmine/jasmine.js:506:11
run@file:///Users/JustinThomas/.rvm/rubies/ruby-2.2.3/lib/ruby/gems/2.2.0/gems/learn-test-1.2.23/lib/learn_test/jasmine/jasmine.js:1505:22
next@file:///Users/JustinThomas/.rvm/rubies/ruby-2.2.3/lib/ruby/gems/2.2.0/gems/learn-test-1.2.23/lib/learn_test/jasmine/jasmine.js:1517:40
complete@file:///Users/JustinThomas/.rvm/rubies/ruby-2.2.3/lib/ruby/gems/2.2.0/gems/learn-test-1.2.23/lib/learn_test/jasmine/jasmine.js:333:19
clearStack@file:///Users/JustinThomas/.rvm/rubies/ruby-2.2.3/lib/ruby/gems/2.2.0/gems/learn-test-1.2.23/lib/learn_test/jasmine/jasmine.js:506:11
run@file:///Users/JustinThomas/.rvm/rubies/ruby-2.2.3/lib/ruby/gems/2.2.0/gems/learn-test-1.2.23/lib/learn_test/jasmine/jasmine.js:1505:22
execute@file:///Users/JustinThomas/.rvm/rubies/ruby-2.2.3/lib/ruby/gems/2.2.0/gems/learn-test-1.2.23/lib/learn_test/jasmine/jasmine.js:1485:13
queueRunnerFactory@file:///Users/JustinThomas/.rvm/rubies/ruby-2.2.3/lib/ruby/gems/2.2.0/gems/learn-test-1.2.23/lib/learn_test/jasmine/jasmine.js:518:42
execute@file:///Users/JustinThomas/.rvm/rubies/ruby-2.2.3/lib/ruby/gems/2.2.0/gems/learn-test-1.2.23/lib/learn_test/jasmine/jasmine.js:306:28
file:///Users/JustinThomas/.rvm/rubies/ruby-2.2.3/lib/ruby/gems/2.2.0/gems/learn-test-1.2.23/lib/learn_test/jasmine/jasmine.js:1708:44
attemptAsync@file:///Users/JustinThomas/.rvm/rubies/ruby-2.2.3/lib/ruby/gems/2.2.0/gems/learn-test-1.2.23/lib/learn_test/jasmine/jasmine.js:1520:16
run@file:///Users/JustinThomas/.rvm/rubies/ruby-2.2.3/lib/ruby/gems/2.2.0/gems/learn-test-1.2.23/lib/learn_test/jasmine/jasmine.js:1496:28
next@file:///Users/JustinThomas/.rvm/rubies/ruby-2.2.3/lib/ruby/gems/2.2.0/gems/learn-test-1.2.23/lib/learn_test/jasmine/jasmine.js:1517:40
complete@file:///Users/JustinThomas/.rvm/rubies/ruby-2.2.3/lib/ruby/gems/2.2.0/gems/learn-test-1.2.23/lib/learn_test/jasmine/jasmine.js:333:19
clearStack@file:///Users/JustinThomas/.rvm/rubies/ruby-2.2.3/lib/ruby/gems/2.2.0/gems/learn-test-1.2.23/lib/learn_test/jasmine/jasmine.js:506:11
run@file:///Users/JustinThomas/.rvm/rubies/ruby-2.2.3/lib/ruby/gems/2.2.0/gems/learn-test-1.2.23/lib/learn_test/jasmine/jasmine.js:1505:22
execute@file:///Users/JustinThomas/.rvm/rubies/ruby-2.2.3/lib/ruby/gems/2.2.0/gems/learn-test-1.2.23/lib/learn_test/jasmine/jasmine.js:1485:13
queueRunnerFactory@file:///Users/JustinThomas/.rvm/rubies/ruby-2.2.3/lib/ruby/gems/2.2.0/gems/learn-test-1.2.23/lib/learn_test/jasmine/jasmine.js:518:42
execute@file:///Users/JustinThomas/.rvm/rubies/ruby-2.2.3/lib/ruby/gems/2.2.0/gems/learn-test-1.2.23/lib/learn_test/jasmine/jasmine.js:306:28
file:///Users/JustinThomas/.rvm/rubies/ruby-2.2.3/lib/ruby/gems/2.2.0/gems/learn-test-1.2.23/lib/learn_test/jasmine/jasmine.js:1708:44
attemptAsync@file:///Users/JustinThomas/.rvm/rubies/ruby-2.2.3/lib/ruby/gems/2.2.0/gems/learn-test-1.2.23/lib/learn_test/jasmine/jasmine.js:1520:16
run@file:///Users/JustinThomas/.rvm/rubies/ruby-2.2.3/lib/ruby/gems/2.2.0/gems/learn-test-1.2.23/lib/learn_test/jasmine/jasmine.js:1496:28
execute@file:///Users/JustinThomas/.rvm/rubies/ruby-2.2.3/lib/ruby/gems/2.2.0/gems/learn-test-1.2.23/lib/learn_test/jasmine/jasmine.js:1485:13
queueRunnerFactory@file:///Users/JustinThomas/.rvm/rubies/ruby-2.2.3/lib/ruby/gems/2.2.0/gems/learn-test-1.2.23/lib/learn_test/jasmine/jasmine.js:518:42
execute@file:///Users/JustinThomas/.rvm/rubies/ruby-2.2.3/lib/ruby/gems/2.2.0/gems/learn-test-1.2.23/lib/learn_test/jasmine/jasmine.js:1694:21
file:///Users/JustinThomas/.rvm/rubies/ruby-2.2.3/lib/ruby/gems/2.2.0/gems/learn-test-1.2.23/lib/learn_test/jasmine/jasmine.js:1708:44
attemptAsync@file:///Users/JustinThomas/.rvm/rubies/ruby-2.2.3/lib/ruby/gems/2.2.0/gems/learn-test-1.2.23/lib/learn_test/jasmine/jasmine.js:1520:16
run@file:///Users/JustinThomas/.rvm/rubies/ruby-2.2.3/lib/ruby/gems/2.2.0/gems/learn-test-1.2.23/lib/learn_test/jasmine/jasmine.js:1496:28
next@file:///Users/JustinThomas/.rvm/rubies/ruby-2.2.3/lib/ruby/gems/2.2.0/gems/learn-test-1.2.23/lib/learn_test/jasmine/jasmine.js:1517:40
complete@file:///Users/JustinThomas/.rvm/rubies/ruby-2.2.3/lib/ruby/gems/2.2.0/gems/learn-test-1.2.23/lib/learn_test/jasmine/jasmine.js:1703:19
clearStack@file:///Users/JustinThomas/.rvm/rubies/ruby-2.2.3/lib/ruby/gems/2.2.0/gems/learn-test-1.2.23/lib/learn_test/jasmine/jasmine.js:506:11
run@file:///Users/JustinThomas/.rvm/rubies/ruby-2.2.3/lib/ruby/gems/2.2.0/gems/learn-test-1.2.23/lib/learn_test/jasmine/jasmine.js:1505:22
next@file:///Users/JustinThomas/.rvm/rubies/ruby-2.2.3/lib/ruby/gems/2.2.0/gems/learn-test-1.2.23/lib/learn_test/jasmine/jasmine.js:1517:40
complete@file:///Users/JustinThomas/.rvm/rubies/ruby-2.2.3/lib/ruby/gems/2.2.0/gems/learn-test-1.2.23/lib/learn_test/jasmine/jasmine.js:333:19
clearStack@file:///Users/JustinThomas/.rvm/rubies/ruby-2.2.3/lib/ruby/gems/2.2.0/gems/learn-test-1.2.23/lib/learn_test/jasmine/jasmine.js:506:11
run@file:///Users/JustinThomas/.rvm/rubies/ruby-2.2.3/lib/ruby/gems/2.2.0/gems/learn-test-1.2.23/lib/learn_test/jasmine/jasmine.js:1505:22
execute@file:///Users/JustinThomas/.rvm/rubies/ruby-2.2.3/lib/ruby/gems/2.2.0/gems/learn-test-1.2.23/lib/learn_test/jasmine/jasmine.js:1485:13
queueRunnerFactory@file:///Users/JustinThomas/.rvm/rubies/ruby-2.2.3/lib/ruby/gems/2.2.0/gems/learn-test-1.2.23/lib/learn_test/jasmine/jasmine.js:518:42
execute@file:///Users/JustinThomas/.rvm/rubies/ruby-2.2.3/lib/ruby/gems/2.2.0/gems/learn-test-1.2.23/lib/learn_test/jasmine/jasmine.js:306:28
file:///Users/JustinThomas/.rvm/rubies/ruby-2.2.3/lib/ruby/gems/2.2.0/gems/learn-test-1.2.23/lib/learn_test/jasmine/jasmine.js:1708:44
attemptAsync@file:///Users/JustinThomas/.rvm/rubies/ruby-2.2.3/lib/ruby/gems/2.2.0/gems/learn-test-1.2.23/lib/learn_test/jasmine/jasmine.js:1520:16
run@file:///Users/JustinThomas/.rvm/rubies/ruby-2.2.3/lib/ruby/gems/2.2.0/gems/learn-test-1.2.23/lib/learn_test/jasmine/jasmine.js:1496:28
next@file:///Users/JustinThomas/.rvm/rubies/ruby-2.2.3/lib/ruby/gems/2.2.0/gems/learn-test-1.2.23/lib/learn_test/jasmine/jasmine.js:1517:40
complete@file:///Users/JustinThomas/.rvm/rubies/ruby-2.2.3/lib/ruby/gems/2.2.0/gems/learn-test-1.2.23/lib/learn_test/jasmine/jasmine.js:333:19
clearStack@file:///Users/JustinThomas/.rvm/rubies/ruby-2.2.3/lib/ruby/gems/2.2.0/gems/learn-test-1.2.23/lib/learn_test/jasmine/jasmine.js:506:11
run@file:///Users/JustinThomas/.rvm/rubies/ruby-2.2.3/lib/ruby/gems/2.2.0/gems/learn-test-1.2.23/lib/learn_test/jasmine/jasmine.js:1505:22
execute@file:///Users/JustinThomas/.rvm/rubies/ruby-2.2.3/lib/ruby/gems/2.2.0/gems/learn-test-1.2.23/lib/learn_test/jasmine/jasmine.js:1485:13
queueRunnerFactory@file:///Users/JustinThomas/.rvm/rubies/ruby-2.2.3/lib/ruby/gems/2.2.0/gems/learn-test-1.2.23/lib/learn_test/jasmine/jasmine.js:518:42
execute@file:///Users/JustinThomas/.rvm/rubies/ruby-2.2.3/lib/ruby/gems/2.2.0/gems/learn-test-1.2.23/lib/learn_test/jasmine/jasmine.js:306:28
file:///Users/JustinThomas/.rvm/rubies/ruby-2.2.3/lib/ruby/gems/2.2.0/gems/learn-test-1.2.23/lib/learn_test/jasmine/jasmine.js:1708:44
attemptAsync@file:///Users/JustinThomas/.rvm/rubies/ruby-2.2.3/lib/ruby/gems/2.2.0/gems/learn-test-1.2.23/lib/learn_test/jasmine/jasmine.js:1520:16
run@file:///Users/JustinThomas/.rvm/rubies/ruby-2.2.3/lib/ruby/gems/2.2.0/gems/learn-test-1.2.23/lib/learn_test/jasmine/jasmine.js:1496:28
execute@file:///Users/JustinThomas/.rvm/rubies/ruby-2.2.3/lib/ruby/gems/2.2.0/gems/learn-test-1.2.23/lib/learn_test/jasmine/jasmine.js:1485:13
queueRunnerFactory@file:///Users/JustinThomas/.rvm/rubies/ruby-2.2.3/lib/ruby/gems/2.2.0/gems/learn-test-1.2.23/lib/learn_test/jasmine/jasmine.js:518:42
execute@file:///Users/JustinThomas/.rvm/rubies/ruby-2.2.3/lib/ruby/gems/2.2.0/gems/learn-test-1.2.23/lib/learn_test/jasmine/jasmine.js:1694:21
file:///Users/JustinThomas/.rvm/rubies/ruby-2.2.3/lib/ruby/gems/2.2.0/gems/learn-test-1.2.23/lib/learn_test/jasmine/jasmine.js:1708:44
attemptAsync@file:///Users/JustinThomas/.rvm/rubies/ruby-2.2.3/lib/ruby/gems/2.2.0/gems/learn-test-1.2.23/lib/learn_test/jasmine/jasmine.js:1520:16
run@file:///Users/JustinThomas/.rvm/rubies/ruby-2.2.3/lib/ruby/gems/2.2.0/gems/learn-test-1.2.23/lib/learn_test/jasmine/jasmine.js:1496:28
next@file:///Users/JustinThomas/.rvm/rubies/ruby-2.2.3/lib/ruby/gems/2.2.0/gems/learn-test-1.2.23/lib/learn_test/jasmine/jasmine.js:1517:40
complete@file:///Users/JustinThomas/.rvm/rubies/ruby-2.2.3/lib/ruby/gems/2.2.0/gems/learn-test-1.2.23/lib/learn_test/jasmine/jasmine.js:1703:19
clearStack@file:///Users/JustinThomas/.rvm/rubies/ruby-2.2.3/lib/ruby/gems/2.2.0/gems/learn-test-1.2.23/lib/learn_test/jasmine/jasmine.js:506:11
run@file:///Users/JustinThomas/.rvm/rubies/ruby-2.2.3/lib/ruby/gems/2.2.0/gems/learn-test-1.2.23/lib/learn_test/jasmine/jasmine.js:1505:22
next@file:///Users/JustinThomas/.rvm/rubies/ruby-2.2.3/lib/ruby/gems/2.2.0/gems/learn-test-1.2.23/lib/learn_test/jasmine/jasmine.js:1517:40
complete@file:///Users/JustinThomas/.rvm/rubies/ruby-2.2.3/lib/ruby/gems/2.2.0/gems/learn-test-1.2.23/lib/learn_test/jasmine/jasmine.js:333:19
clearStack@file:///Users/JustinThomas/.rvm/rubies/ruby-2.2.3/lib/ruby/gems/2.2.0/gems/learn-test-1.2.23/lib/learn_test/jasmine/jasmine.js:506:11
run@file:///Users/JustinThomas/.rvm/rubies/ruby-2.2.3/lib/ruby/gems/2.2.0/gems/learn-test-1.2.23/lib/learn_test/jasmine/jasmine.js:1505:22
execute@file:///Users/JustinThomas/.rvm/rubies/ruby-2.2.3/lib/ruby/gems/2.2.0/gems/learn-test-1.2.23/lib/learn_test/jasmine/jasmine.js:1485:13
queueRunnerFactory@file:///Users/JustinThomas/.rvm/rubies/ruby-2.2.3/lib/ruby/gems/2.2.0/gems/learn-test-1.2.23/lib/learn_test/jasmine/jasmine.js:518:42
execute@file:///Users/JustinThomas/.rvm/rubies/ruby-2.2.3/lib/ruby/gems/2.2.0/gems/learn-test-1.2.23/lib/learn_test/jasmine/jasmine.js:306:28
file:///Users/JustinThomas/.rvm/rubies/ruby-2.2.3/lib/ruby/gems/2.2.0/gems/learn-test-1.2.23/lib/learn_test/jasmine/jasmine.js:1708:44
attemptAsync@file:///Users/JustinThomas/.rvm/rubies/ruby-2.2.3/lib/ruby/gems/2.2.0/gems/learn-test-1.2.23/lib/learn_test/jasmine/jasmine.js:1520:16
run@file:///Users/JustinThomas/.rvm/rubies/ruby-2.2.3/lib/ruby/gems/2.2.0/gems/learn-test-1.2.23/lib/learn_test/jasmine/jasmine.js:1496:28
execute@file:///Users/JustinThomas/.rvm/rubies/ruby-2.2.3/lib/ruby/gems/2.2.0/gems/learn-test-1.2.23/lib/learn_test/jasmine/jasmine.js:1485:13
queueRunnerFactory@file:///Users/JustinThomas/.rvm/rubies/ruby-2.2.3/lib/ruby/gems/2.2.0/gems/learn-test-1.2.23/lib/learn_test/jasmine/jasmine.js:518:42
execute@file:///Users/JustinThomas/.rvm/rubies/ruby-2.2.3/lib/ruby/gems/2.2.0/gems/learn-test-1.2.23/lib/learn_test/jasmine/jasmine.js:1694:21
file:///Users/JustinThomas/.rvm/rubies/ruby-2.2.3/lib/ruby/gems/2.2.0/gems/learn-test-1.2.23/lib/learn_test/jasmine/jasmine.js:1708:44
attemptAsync@file:///Users/JustinThomas/.rvm/rubies/ruby-2.2.3/lib/ruby/gems/2.2.0/gems/learn-test-1.2.23/lib/learn_test/jasmine/jasmine.js:1520:16
run@file:///Users/JustinThomas/.rvm/rubies/ruby-2.2.3/lib/ruby/gems/2.2.0/gems/learn-test-1.2.23/lib/learn_test/jasmine/jasmine.js:1496:28
next@file:///Users/JustinThomas/.rvm/rubies/ruby-2.2.3/lib/ruby/gems/2.2.0/gems/learn-test-1.2.23/lib/learn_test/jasmine/jasmine.js:1517:40
complete@file:///Users/JustinThomas/.rvm/rubies/ruby-2.2.3/lib/ruby/gems/2.2.0/gems/learn-test-1.2.23/lib/learn_test/jasmine/jasmine.js:1703:19
clearStack@file:///Users/JustinThomas/.rvm/rubies/ruby-2.2.3/lib/ruby/gems/2.2.0/gems/learn-test-1.2.23/lib/learn_test/jasmine/jasmine.js:506:11
run@file:///Users/JustinThomas/.rvm/rubies/ruby-2.2.3/lib/ruby/gems/2.2.0/gems/learn-test-1.2.23/lib/learn_test/jasmine/jasmine.js:1505:22
next@file:///Users/JustinThomas/.rvm/rubies/ruby-2.2.3/lib/ruby/gems/2.2.0/gems/learn-test-1.2.23/lib/learn_test/jasmine/jasmine.js:1517:40
complete@file:///Users/JustinThomas/.rvm/rubies/ruby-2.2.3/lib/ruby/gems/2.2.0/gems/learn-test-1.2.23/lib/learn_test/jasmine/jasmine.js:333:19
clearStack@file:///Users/JustinThomas/.rvm/rubies/ruby-2.2.3/lib/ruby/gems/2.2.0/gems/learn-test-1.2.23/lib/learn_test/jasmine/jasmine.js:506:11
run@file:///Users/JustinThomas/.rvm/rubies/ruby-2.2.3/lib/ruby/gems/2.2.0/gems/learn-test-1.2.23/lib/learn_test/jasmine/jasmine.js:1505:22
execute@file:///Users/JustinThomas/.rvm/rubies/ruby-2.2.3/lib/ruby/gems/2.2.0/gems/learn-test-1.2.23/lib/learn_test/jasmine/jasmine.js:1485:13
queueRunnerFactory@file:///Users/JustinThomas/.rvm/rubies/ruby-2.2.3/lib/ruby/gems/2.2.0/gems/learn-test-1.2.23/lib/learn_test/jasmine/jasmine.js:518:42
execute@file:///Users/JustinThomas/.rvm/rubies/ruby-2.2.3/lib/ruby/gems/2.2.0/gems/learn-test-1.2.23/lib/learn_test/jasmine/jasmine.js:306:28
file:///Users/JustinThomas/.rvm/rubies/ruby-2.2.3/lib/ruby/gems/2.2.0/gems/learn-test-1.2.23/lib/learn_test/jasmine/jasmine.js:1708:44
attemptAsync@file:///Users/JustinThomas/.rvm/rubies/ruby-2.2.3/lib/ruby/gems/2.2.0/gems/learn-test-1.2.23/lib/learn_test/jasmine/jasmine.js:1520:16
run@file:///Users/JustinThomas/.rvm/rubies/ruby-2.2.3/lib/ruby/gems/2.2.0/gems/learn-test-1.2.23/lib/learn_test/jasmine/jasmine.js:1496:28
execute@file:///Users/JustinThomas/.rvm/rubies/ruby-2.2.3/lib/ruby/gems/2.2.0/gems/learn-test-1.2.23/lib/learn_test/jasmine/jasmine.js:1485:13
queueRunnerFactory@file:///Users/JustinThomas/.rvm/rubies/ruby-2.2.3/lib/ruby/gems/2.2.0/gems/learn-test-1.2.23/lib/learn_test/jasmine/jasmine.js:518:42
execute@file:///Users/JustinThomas/.rvm/rubies/ruby-2.2.3/lib/ruby/gems/2.2.0/gems/learn-test-1.2.23/lib/learn_test/jasmine/jasmine.js:1694:21
file:///Users/JustinThomas/.rvm/rubies/ruby-2.2.3/lib/ruby/gems/2.2.0/gems/learn-test-1.2.23/lib/learn_test/jasmine/jasmine.js:1708:44
attemptAsync@file:///Users/JustinThomas/.rvm/rubies/ruby-2.2.3/lib/ruby/gems/2.2.0/gems/learn-test-1.2.23/lib/learn_test/jasmine/jasmine.js:1520:16
run@file:///Users/JustinThomas/.rvm/rubies/ruby-2.2.3/lib/ruby/gems/2.2.0/gems/learn-test-1.2.23/lib/learn_test/jasmine/jasmine.js:1496:28
execute@file:///Users/JustinThomas/.rvm/rubies/ruby-2.2.3/lib/ruby/gems/2.2.0/gems/learn-test-1.2.23/lib/learn_test/jasmine/jasmine.js:1485:13
queueRunnerFactory@file:///Users/JustinThomas/.rvm/rubies/ruby-2.2.3/lib/ruby/gems/2.2.0/gems/learn-test-1.2.23/lib/learn_test/jasmine/jasmine.js:518:42
execute@file:///Users/JustinThomas/.rvm/rubies/ruby-2.2.3/lib/ruby/gems/2.2.0/gems/learn-test-1.2.23/lib/learn_test/jasmine/jasmine.js:1694:21
file:///Users/JustinThomas/.rvm/rubies/ruby-2.2.3/lib/ruby/gems/2.2.0/gems/learn-test-1.2.23/lib/learn_test/jasmine/jasmine.js:1708:44
attemptAsync@file:///Users/JustinThomas/.rvm/rubies/ruby-2.2.3/lib/ruby/gems/2.2.0/gems/learn-test-1.2.23/lib/learn_test/jasmine/jasmine.js:1520:16
run@file:///Users/JustinThomas/.rvm/rubies/ruby-2.2.3/lib/ruby/gems/2.2.0/gems/learn-test-1.2.23/lib/learn_test/jasmine/jasmine.js:1496:28
execute@file:///Users/JustinThomas/.rvm/rubies/ruby-2.2.3/lib/ruby/gems/2.2.0/gems/learn-test-1.2.23/lib/learn_test/jasmine/jasmine.js:1485:13
queueRunnerFactory@file:///Users/JustinThomas/.rvm/rubies/ruby-2.2.3/lib/ruby/gems/2.2.0/gems/learn-test-1.2.23/lib/learn_test/jasmine/jasmine.js:518:42
execute@file:///Users/JustinThomas/.rvm/rubies/ruby-2.2.3/lib/ruby/gems/2.2.0/gems/learn-test-1.2.23/lib/learn_test/jasmine/jasmine.js:1694:21
file:///Users/JustinThomas/.rvm/rubies/ruby-2.2.3/lib/ruby/gems/2.2.0/gems/learn-test-1.2.23/lib/learn_test/jasmine/jasmine.js:541:83
attemptAsync@file:///Users/JustinThomas/.rvm/rubies/ruby-2.2.3/lib/ruby/gems/2.2.0/gems/learn-test-1.2.23/lib/learn_test/jasmine/jasmine.js:1520:16
run@file:///Users/JustinThomas/.rvm/rubies/ruby-2.2.3/lib/ruby/gems/2.2.0/gems/learn-test-1.2.23/lib/learn_test/jasmine/jasmine.js:1496:28
execute@file:///Users/JustinThomas/.rvm/rubies/ruby-2.2.3/lib/ruby/gems/2.2.0/gems/learn-test-1.2.23/lib/learn_test/jasmine/jasmine.js:1485:13
queueRunnerFactory@file:///Users/JustinThomas/.rvm/rubies/ruby-2.2.3/lib/ruby/gems/2.2.0/gems/learn-test-1.2.23/lib/learn_test/jasmine/jasmine.js:518:42
execute@file:///Users/JustinThomas/.rvm/rubies/ruby-2.2.3/lib/ruby/gems/2.2.0/gems/learn-test-1.2.23/lib/learn_test/jasmine/jasmine.js:548:25
onload@file:///Users/JustinThomas/.rvm/rubies/ruby-2.2.3/lib/ruby/gems/2.2.0/gems/learn-test-1.2.23/lib/learn_test/jasmine/boot.js:172:16			</failure>
		</testcase>
		<testcase classname="Tic Tac Toe Functionality" name="when there is a tie calls on &amp;apos;message&amp;apos; and passes it the string &amp;apos;Tie game&amp;apos; when there is a tie" time="0.002">
			<failure type="" message="ReferenceError: Can&amp;apos;t find variable: attachListeners in file:///Users/JustinThomas/Development/code/js-tictactoe-rails-api-v-000/spec/tictactoe.spec.js (line 122)">
file:///Users/JustinThomas/Development/code/js-tictactoe-rails-api-v-000/spec/tictactoe.spec.js:122:22
attemptSync@file:///Users/JustinThomas/.rvm/rubies/ruby-2.2.3/lib/ruby/gems/2.2.0/gems/learn-test-1.2.23/lib/learn_test/jasmine/jasmine.js:1510:16
run@file:///Users/JustinThomas/.rvm/rubies/ruby-2.2.3/lib/ruby/gems/2.2.0/gems/learn-test-1.2.23/lib/learn_test/jasmine/jasmine.js:1498:20
execute@file:///Users/JustinThomas/.rvm/rubies/ruby-2.2.3/lib/ruby/gems/2.2.0/gems/learn-test-1.2.23/lib/learn_test/jasmine/jasmine.js:1485:13
queueRunnerFactory@file:///Users/JustinThomas/.rvm/rubies/ruby-2.2.3/lib/ruby/gems/2.2.0/gems/learn-test-1.2.23/lib/learn_test/jasmine/jasmine.js:518:42
execute@file:///Users/JustinThomas/.rvm/rubies/ruby-2.2.3/lib/ruby/gems/2.2.0/gems/learn-test-1.2.23/lib/learn_test/jasmine/jasmine.js:306:28
file:///Users/JustinThomas/.rvm/rubies/ruby-2.2.3/lib/ruby/gems/2.2.0/gems/learn-test-1.2.23/lib/learn_test/jasmine/jasmine.js:1708:44
attemptAsync@file:///Users/JustinThomas/.rvm/rubies/ruby-2.2.3/lib/ruby/gems/2.2.0/gems/learn-test-1.2.23/lib/learn_test/jasmine/jasmine.js:1520:16
run@file:///Users/JustinThomas/.rvm/rubies/ruby-2.2.3/lib/ruby/gems/2.2.0/gems/learn-test-1.2.23/lib/learn_test/jasmine/jasmine.js:1496:28
execute@file:///Users/JustinThomas/.rvm/rubies/ruby-2.2.3/lib/ruby/gems/2.2.0/gems/learn-test-1.2.23/lib/learn_test/jasmine/jasmine.js:1485:13
queueRunnerFactory@file:///Users/JustinThomas/.rvm/rubies/ruby-2.2.3/lib/ruby/gems/2.2.0/gems/learn-test-1.2.23/lib/learn_test/jasmine/jasmine.js:518:42
execute@file:///Users/JustinThomas/.rvm/rubies/ruby-2.2.3/lib/ruby/gems/2.2.0/gems/learn-test-1.2.23/lib/learn_test/jasmine/jasmine.js:1694:21
file:///Users/JustinThomas/.rvm/rubies/ruby-2.2.3/lib/ruby/gems/2.2.0/gems/learn-test-1.2.23/lib/learn_test/jasmine/jasmine.js:1708:44
attemptAsync@file:///Users/JustinThomas/.rvm/rubies/ruby-2.2.3/lib/ruby/gems/2.2.0/gems/learn-test-1.2.23/lib/learn_test/jasmine/jasmine.js:1520:16
run@file:///Users/JustinThomas/.rvm/rubies/ruby-2.2.3/lib/ruby/gems/2.2.0/gems/learn-test-1.2.23/lib/learn_test/jasmine/jasmine.js:1496:28
next@file:///Users/JustinThomas/.rvm/rubies/ruby-2.2.3/lib/ruby/gems/2.2.0/gems/learn-test-1.2.23/lib/learn_test/jasmine/jasmine.js:1517:40
complete@file:///Users/JustinThomas/.rvm/rubies/ruby-2.2.3/lib/ruby/gems/2.2.0/gems/learn-test-1.2.23/lib/learn_test/jasmine/jasmine.js:1703:19
clearStack@file:///Users/JustinThomas/.rvm/rubies/ruby-2.2.3/lib/ruby/gems/2.2.0/gems/learn-test-1.2.23/lib/learn_test/jasmine/jasmine.js:506:11
run@file:///Users/JustinThomas/.rvm/rubies/ruby-2.2.3/lib/ruby/gems/2.2.0/gems/learn-test-1.2.23/lib/learn_test/jasmine/jasmine.js:1505:22
next@file:///Users/JustinThomas/.rvm/rubies/ruby-2.2.3/lib/ruby/gems/2.2.0/gems/learn-test-1.2.23/lib/learn_test/jasmine/jasmine.js:1517:40
complete@file:///Users/JustinThomas/.rvm/rubies/ruby-2.2.3/lib/ruby/gems/2.2.0/gems/learn-test-1.2.23/lib/learn_test/jasmine/jasmine.js:333:19
clearStack@file:///Users/JustinThomas/.rvm/rubies/ruby-2.2.3/lib/ruby/gems/2.2.0/gems/learn-test-1.2.23/lib/learn_test/jasmine/jasmine.js:506:11
run@file:///Users/JustinThomas/.rvm/rubies/ruby-2.2.3/lib/ruby/gems/2.2.0/gems/learn-test-1.2.23/lib/learn_test/jasmine/jasmine.js:1505:22
execute@file:///Users/JustinThomas/.rvm/rubies/ruby-2.2.3/lib/ruby/gems/2.2.0/gems/learn-test-1.2.23/lib/learn_test/jasmine/jasmine.js:1485:13
queueRunnerFactory@file:///Users/JustinThomas/.rvm/rubies/ruby-2.2.3/lib/ruby/gems/2.2.0/gems/learn-test-1.2.23/lib/learn_test/jasmine/jasmine.js:518:42
execute@file:///Users/JustinThomas/.rvm/rubies/ruby-2.2.3/lib/ruby/gems/2.2.0/gems/learn-test-1.2.23/lib/learn_test/jasmine/jasmine.js:306:28
file:///Users/JustinThomas/.rvm/rubies/ruby-2.2.3/lib/ruby/gems/2.2.0/gems/learn-test-1.2.23/lib/learn_test/jasmine/jasmine.js:1708:44
attemptAsync@file:///Users/JustinThomas/.rvm/rubies/ruby-2.2.3/lib/ruby/gems/2.2.0/gems/learn-test-1.2.23/lib/learn_test/jasmine/jasmine.js:1520:16
run@file:///Users/JustinThomas/.rvm/rubies/ruby-2.2.3/lib/ruby/gems/2.2.0/gems/learn-test-1.2.23/lib/learn_test/jasmine/jasmine.js:1496:28
next@file:///Users/JustinThomas/.rvm/rubies/ruby-2.2.3/lib/ruby/gems/2.2.0/gems/learn-test-1.2.23/lib/learn_test/jasmine/jasmine.js:1517:40
complete@file:///Users/JustinThomas/.rvm/rubies/ruby-2.2.3/lib/ruby/gems/2.2.0/gems/learn-test-1.2.23/lib/learn_test/jasmine/jasmine.js:333:19
clearStack@file:///Users/JustinThomas/.rvm/rubies/ruby-2.2.3/lib/ruby/gems/2.2.0/gems/learn-test-1.2.23/lib/learn_test/jasmine/jasmine.js:506:11
run@file:///Users/JustinThomas/.rvm/rubies/ruby-2.2.3/lib/ruby/gems/2.2.0/gems/learn-test-1.2.23/lib/learn_test/jasmine/jasmine.js:1505:22
execute@file:///Users/JustinThomas/.rvm/rubies/ruby-2.2.3/lib/ruby/gems/2.2.0/gems/learn-test-1.2.23/lib/learn_test/jasmine/jasmine.js:1485:13
queueRunnerFactory@file:///Users/JustinThomas/.rvm/rubies/ruby-2.2.3/lib/ruby/gems/2.2.0/gems/learn-test-1.2.23/lib/learn_test/jasmine/jasmine.js:518:42
execute@file:///Users/JustinThomas/.rvm/rubies/ruby-2.2.3/lib/ruby/gems/2.2.0/gems/learn-test-1.2.23/lib/learn_test/jasmine/jasmine.js:306:28
file:///Users/JustinThomas/.rvm/rubies/ruby-2.2.3/lib/ruby/gems/2.2.0/gems/learn-test-1.2.23/lib/learn_test/jasmine/jasmine.js:1708:44
attemptAsync@file:///Users/JustinThomas/.rvm/rubies/ruby-2.2.3/lib/ruby/gems/2.2.0/gems/learn-test-1.2.23/lib/learn_test/jasmine/jasmine.js:1520:16
run@file:///Users/JustinThomas/.rvm/rubies/ruby-2.2.3/lib/ruby/gems/2.2.0/gems/learn-test-1.2.23/lib/learn_test/jasmine/jasmine.js:1496:28
next@file:///Users/JustinThomas/.rvm/rubies/ruby-2.2.3/lib/ruby/gems/2.2.0/gems/learn-test-1.2.23/lib/learn_test/jasmine/jasmine.js:1517:40
complete@file:///Users/JustinThomas/.rvm/rubies/ruby-2.2.3/lib/ruby/gems/2.2.0/gems/learn-test-1.2.23/lib/learn_test/jasmine/jasmine.js:333:19
clearStack@file:///Users/JustinThomas/.rvm/rubies/ruby-2.2.3/lib/ruby/gems/2.2.0/gems/learn-test-1.2.23/lib/learn_test/jasmine/jasmine.js:506:11
run@file:///Users/JustinThomas/.rvm/rubies/ruby-2.2.3/lib/ruby/gems/2.2.0/gems/learn-test-1.2.23/lib/learn_test/jasmine/jasmine.js:1505:22
execute@file:///Users/JustinThomas/.rvm/rubies/ruby-2.2.3/lib/ruby/gems/2.2.0/gems/learn-test-1.2.23/lib/learn_test/jasmine/jasmine.js:1485:13
queueRunnerFactory@file:///Users/JustinThomas/.rvm/rubies/ruby-2.2.3/lib/ruby/gems/2.2.0/gems/learn-test-1.2.23/lib/learn_test/jasmine/jasmine.js:518:42
execute@file:///Users/JustinThomas/.rvm/rubies/ruby-2.2.3/lib/ruby/gems/2.2.0/gems/learn-test-1.2.23/lib/learn_test/jasmine/jasmine.js:306:28
file:///Users/JustinThomas/.rvm/rubies/ruby-2.2.3/lib/ruby/gems/2.2.0/gems/learn-test-1.2.23/lib/learn_test/jasmine/jasmine.js:1708:44
attemptAsync@file:///Users/JustinThomas/.rvm/rubies/ruby-2.2.3/lib/ruby/gems/2.2.0/gems/learn-test-1.2.23/lib/learn_test/jasmine/jasmine.js:1520:16
run@file:///Users/JustinThomas/.rvm/rubies/ruby-2.2.3/lib/ruby/gems/2.2.0/gems/learn-test-1.2.23/lib/learn_test/jasmine/jasmine.js:1496:28
execute@file:///Users/JustinThomas/.rvm/rubies/ruby-2.2.3/lib/ruby/gems/2.2.0/gems/learn-test-1.2.23/lib/learn_test/jasmine/jasmine.js:1485:13
queueRunnerFactory@file:///Users/JustinThomas/.rvm/rubies/ruby-2.2.3/lib/ruby/gems/2.2.0/gems/learn-test-1.2.23/lib/learn_test/jasmine/jasmine.js:518:42
execute@file:///Users/JustinThomas/.rvm/rubies/ruby-2.2.3/lib/ruby/gems/2.2.0/gems/learn-test-1.2.23/lib/learn_test/jasmine/jasmine.js:1694:21
file:///Users/JustinThomas/.rvm/rubies/ruby-2.2.3/lib/ruby/gems/2.2.0/gems/learn-test-1.2.23/lib/learn_test/jasmine/jasmine.js:1708:44
attemptAsync@file:///Users/JustinThomas/.rvm/rubies/ruby-2.2.3/lib/ruby/gems/2.2.0/gems/learn-test-1.2.23/lib/learn_test/jasmine/jasmine.js:1520:16
run@file:///Users/JustinThomas/.rvm/rubies/ruby-2.2.3/lib/ruby/gems/2.2.0/gems/learn-test-1.2.23/lib/learn_test/jasmine/jasmine.js:1496:28
next@file:///Users/JustinThomas/.rvm/rubies/ruby-2.2.3/lib/ruby/gems/2.2.0/gems/learn-test-1.2.23/lib/learn_test/jasmine/jasmine.js:1517:40
complete@file:///Users/JustinThomas/.rvm/rubies/ruby-2.2.3/lib/ruby/gems/2.2.0/gems/learn-test-1.2.23/lib/learn_test/jasmine/jasmine.js:1703:19
clearStack@file:///Users/JustinThomas/.rvm/rubies/ruby-2.2.3/lib/ruby/gems/2.2.0/gems/learn-test-1.2.23/lib/learn_test/jasmine/jasmine.js:506:11
run@file:///Users/JustinThomas/.rvm/rubies/ruby-2.2.3/lib/ruby/gems/2.2.0/gems/learn-test-1.2.23/lib/learn_test/jasmine/jasmine.js:1505:22
next@file:///Users/JustinThomas/.rvm/rubies/ruby-2.2.3/lib/ruby/gems/2.2.0/gems/learn-test-1.2.23/lib/learn_test/jasmine/jasmine.js:1517:40
complete@file:///Users/JustinThomas/.rvm/rubies/ruby-2.2.3/lib/ruby/gems/2.2.0/gems/learn-test-1.2.23/lib/learn_test/jasmine/jasmine.js:333:19
clearStack@file:///Users/JustinThomas/.rvm/rubies/ruby-2.2.3/lib/ruby/gems/2.2.0/gems/learn-test-1.2.23/lib/learn_test/jasmine/jasmine.js:506:11
run@file:///Users/JustinThomas/.rvm/rubies/ruby-2.2.3/lib/ruby/gems/2.2.0/gems/learn-test-1.2.23/lib/learn_test/jasmine/jasmine.js:1505:22
execute@file:///Users/JustinThomas/.rvm/rubies/ruby-2.2.3/lib/ruby/gems/2.2.0/gems/learn-test-1.2.23/lib/learn_test/jasmine/jasmine.js:1485:13
queueRunnerFactory@file:///Users/JustinThomas/.rvm/rubies/ruby-2.2.3/lib/ruby/gems/2.2.0/gems/learn-test-1.2.23/lib/learn_test/jasmine/jasmine.js:518:42
execute@file:///Users/JustinThomas/.rvm/rubies/ruby-2.2.3/lib/ruby/gems/2.2.0/gems/learn-test-1.2.23/lib/learn_test/jasmine/jasmine.js:306:28
file:///Users/JustinThomas/.rvm/rubies/ruby-2.2.3/lib/ruby/gems/2.2.0/gems/learn-test-1.2.23/lib/learn_test/jasmine/jasmine.js:1708:44
attemptAsync@file:///Users/JustinThomas/.rvm/rubies/ruby-2.2.3/lib/ruby/gems/2.2.0/gems/learn-test-1.2.23/lib/learn_test/jasmine/jasmine.js:1520:16
run@file:///Users/JustinThomas/.rvm/rubies/ruby-2.2.3/lib/ruby/gems/2.2.0/gems/learn-test-1.2.23/lib/learn_test/jasmine/jasmine.js:1496:28
execute@file:///Users/JustinThomas/.rvm/rubies/ruby-2.2.3/lib/ruby/gems/2.2.0/gems/learn-test-1.2.23/lib/learn_test/jasmine/jasmine.js:1485:13
queueRunnerFactory@file:///Users/JustinThomas/.rvm/rubies/ruby-2.2.3/lib/ruby/gems/2.2.0/gems/learn-test-1.2.23/lib/learn_test/jasmine/jasmine.js:518:42
execute@file:///Users/JustinThomas/.rvm/rubies/ruby-2.2.3/lib/ruby/gems/2.2.0/gems/learn-test-1.2.23/lib/learn_test/jasmine/jasmine.js:1694:21
file:///Users/JustinThomas/.rvm/rubies/ruby-2.2.3/lib/ruby/gems/2.2.0/gems/learn-test-1.2.23/lib/learn_test/jasmine/jasmine.js:1708:44
attemptAsync@file:///Users/JustinThomas/.rvm/rubies/ruby-2.2.3/lib/ruby/gems/2.2.0/gems/learn-test-1.2.23/lib/learn_test/jasmine/jasmine.js:1520:16
run@file:///Users/JustinThomas/.rvm/rubies/ruby-2.2.3/lib/ruby/gems/2.2.0/gems/learn-test-1.2.23/lib/learn_test/jasmine/jasmine.js:1496:28
next@file:///Users/JustinThomas/.rvm/rubies/ruby-2.2.3/lib/ruby/gems/2.2.0/gems/learn-test-1.2.23/lib/learn_test/jasmine/jasmine.js:1517:40
complete@file:///Users/JustinThomas/.rvm/rubies/ruby-2.2.3/lib/ruby/gems/2.2.0/gems/learn-test-1.2.23/lib/learn_test/jasmine/jasmine.js:1703:19
clearStack@file:///Users/JustinThomas/.rvm/rubies/ruby-2.2.3/lib/ruby/gems/2.2.0/gems/learn-test-1.2.23/lib/learn_test/jasmine/jasmine.js:506:11
run@file:///Users/JustinThomas/.rvm/rubies/ruby-2.2.3/lib/ruby/gems/2.2.0/gems/learn-test-1.2.23/lib/learn_test/jasmine/jasmine.js:1505:22
next@file:///Users/JustinThomas/.rvm/rubies/ruby-2.2.3/lib/ruby/gems/2.2.0/gems/learn-test-1.2.23/lib/learn_test/jasmine/jasmine.js:1517:40
complete@file:///Users/JustinThomas/.rvm/rubies/ruby-2.2.3/lib/ruby/gems/2.2.0/gems/learn-test-1.2.23/lib/learn_test/jasmine/jasmine.js:333:19
clearStack@file:///Users/JustinThomas/.rvm/rubies/ruby-2.2.3/lib/ruby/gems/2.2.0/gems/learn-test-1.2.23/lib/learn_test/jasmine/jasmine.js:506:11
run@file:///Users/JustinThomas/.rvm/rubies/ruby-2.2.3/lib/ruby/gems/2.2.0/gems/learn-test-1.2.23/lib/learn_test/jasmine/jasmine.js:1505:22
execute@file:///Users/JustinThomas/.rvm/rubies/ruby-2.2.3/lib/ruby/gems/2.2.0/gems/learn-test-1.2.23/lib/learn_test/jasmine/jasmine.js:1485:13
queueRunnerFactory@file:///Users/JustinThomas/.rvm/rubies/ruby-2.2.3/lib/ruby/gems/2.2.0/gems/learn-test-1.2.23/lib/learn_test/jasmine/jasmine.js:518:42
execute@file:///Users/JustinThomas/.rvm/rubies/ruby-2.2.3/lib/ruby/gems/2.2.0/gems/learn-test-1.2.23/lib/learn_test/jasmine/jasmine.js:306:28
file:///Users/JustinThomas/.rvm/rubies/ruby-2.2.3/lib/ruby/gems/2.2.0/gems/learn-test-1.2.23/lib/learn_test/jasmine/jasmine.js:1708:44
attemptAsync@file:///Users/JustinThomas/.rvm/rubies/ruby-2.2.3/lib/ruby/gems/2.2.0/gems/learn-test-1.2.23/lib/learn_test/jasmine/jasmine.js:1520:16
run@file:///Users/JustinThomas/.rvm/rubies/ruby-2.2.3/lib/ruby/gems/2.2.0/gems/learn-test-1.2.23/lib/learn_test/jasmine/jasmine.js:1496:28
next@file:///Users/JustinThomas/.rvm/rubies/ruby-2.2.3/lib/ruby/gems/2.2.0/gems/learn-test-1.2.23/lib/learn_test/jasmine/jasmine.js:1517:40
complete@file:///Users/JustinThomas/.rvm/rubies/ruby-2.2.3/lib/ruby/gems/2.2.0/gems/learn-test-1.2.23/lib/learn_test/jasmine/jasmine.js:333:19
clearStack@file:///Users/JustinThomas/.rvm/rubies/ruby-2.2.3/lib/ruby/gems/2.2.0/gems/learn-test-1.2.23/lib/learn_test/jasmine/jasmine.js:506:11
run@file:///Users/JustinThomas/.rvm/rubies/ruby-2.2.3/lib/ruby/gems/2.2.0/gems/learn-test-1.2.23/lib/learn_test/jasmine/jasmine.js:1505:22
execute@file:///Users/JustinThomas/.rvm/rubies/ruby-2.2.3/lib/ruby/gems/2.2.0/gems/learn-test-1.2.23/lib/learn_test/jasmine/jasmine.js:1485:13
queueRunnerFactory@file:///Users/JustinThomas/.rvm/rubies/ruby-2.2.3/lib/ruby/gems/2.2.0/gems/learn-test-1.2.23/lib/learn_test/jasmine/jasmine.js:518:42
execute@file:///Users/JustinThomas/.rvm/rubies/ruby-2.2.3/lib/ruby/gems/2.2.0/gems/learn-test-1.2.23/lib/learn_test/jasmine/jasmine.js:306:28
file:///Users/JustinThomas/.rvm/rubies/ruby-2.2.3/lib/ruby/gems/2.2.0/gems/learn-test-1.2.23/lib/learn_test/jasmine/jasmine.js:1708:44
attemptAsync@file:///Users/JustinThomas/.rvm/rubies/ruby-2.2.3/lib/ruby/gems/2.2.0/gems/learn-test-1.2.23/lib/learn_test/jasmine/jasmine.js:1520:16
run@file:///Users/JustinThomas/.rvm/rubies/ruby-2.2.3/lib/ruby/gems/2.2.0/gems/learn-test-1.2.23/lib/learn_test/jasmine/jasmine.js:1496:28
execute@file:///Users/JustinThomas/.rvm/rubies/ruby-2.2.3/lib/ruby/gems/2.2.0/gems/learn-test-1.2.23/lib/learn_test/jasmine/jasmine.js:1485:13
queueRunnerFactory@file:///Users/JustinThomas/.rvm/rubies/ruby-2.2.3/lib/ruby/gems/2.2.0/gems/learn-test-1.2.23/lib/learn_test/jasmine/jasmine.js:518:42
execute@file:///Users/JustinThomas/.rvm/rubies/ruby-2.2.3/lib/ruby/gems/2.2.0/gems/learn-test-1.2.23/lib/learn_test/jasmine/jasmine.js:1694:21
file:///Users/JustinThomas/.rvm/rubies/ruby-2.2.3/lib/ruby/gems/2.2.0/gems/learn-test-1.2.23/lib/learn_test/jasmine/jasmine.js:1708:44
attemptAsync@file:///Users/JustinThomas/.rvm/rubies/ruby-2.2.3/lib/ruby/gems/2.2.0/gems/learn-test-1.2.23/lib/learn_test/jasmine/jasmine.js:1520:16
run@file:///Users/JustinThomas/.rvm/rubies/ruby-2.2.3/lib/ruby/gems/2.2.0/gems/learn-test-1.2.23/lib/learn_test/jasmine/jasmine.js:1496:28
next@file:///Users/JustinThomas/.rvm/rubies/ruby-2.2.3/lib/ruby/gems/2.2.0/gems/learn-test-1.2.23/lib/learn_test/jasmine/jasmine.js:1517:40
complete@file:///Users/JustinThomas/.rvm/rubies/ruby-2.2.3/lib/ruby/gems/2.2.0/gems/learn-test-1.2.23/lib/learn_test/jasmine/jasmine.js:1703:19
clearStack@file:///Users/JustinThomas/.rvm/rubies/ruby-2.2.3/lib/ruby/gems/2.2.0/gems/learn-test-1.2.23/lib/learn_test/jasmine/jasmine.js:506:11
run@file:///Users/JustinThomas/.rvm/rubies/ruby-2.2.3/lib/ruby/gems/2.2.0/gems/learn-test-1.2.23/lib/learn_test/jasmine/jasmine.js:1505:22
next@file:///Users/JustinThomas/.rvm/rubies/ruby-2.2.3/lib/ruby/gems/2.2.0/gems/learn-test-1.2.23/lib/learn_test/jasmine/jasmine.js:1517:40
complete@file:///Users/JustinThomas/.rvm/rubies/ruby-2.2.3/lib/ruby/gems/2.2.0/gems/learn-test-1.2.23/lib/learn_test/jasmine/jasmine.js:333:19
clearStack@file:///Users/JustinThomas/.rvm/rubies/ruby-2.2.3/lib/ruby/gems/2.2.0/gems/learn-test-1.2.23/lib/learn_test/jasmine/jasmine.js:506:11
run@file:///Users/JustinThomas/.rvm/rubies/ruby-2.2.3/lib/ruby/gems/2.2.0/gems/learn-test-1.2.23/lib/learn_test/jasmine/jasmine.js:1505:22
execute@file:///Users/JustinThomas/.rvm/rubies/ruby-2.2.3/lib/ruby/gems/2.2.0/gems/learn-test-1.2.23/lib/learn_test/jasmine/jasmine.js:1485:13
queueRunnerFactory@file:///Users/JustinThomas/.rvm/rubies/ruby-2.2.3/lib/ruby/gems/2.2.0/gems/learn-test-1.2.23/lib/learn_test/jasmine/jasmine.js:518:42
execute@file:///Users/JustinThomas/.rvm/rubies/ruby-2.2.3/lib/ruby/gems/2.2.0/gems/learn-test-1.2.23/lib/learn_test/jasmine/jasmine.js:306:28
file:///Users/JustinThomas/.rvm/rubies/ruby-2.2.3/lib/ruby/gems/2.2.0/gems/learn-test-1.2.23/lib/learn_test/jasmine/jasmine.js:1708:44
attemptAsync@file:///Users/JustinThomas/.rvm/rubies/ruby-2.2.3/lib/ruby/gems/2.2.0/gems/learn-test-1.2.23/lib/learn_test/jasmine/jasmine.js:1520:16
run@file:///Users/JustinThomas/.rvm/rubies/ruby-2.2.3/lib/ruby/gems/2.2.0/gems/learn-test-1.2.23/lib/learn_test/jasmine/jasmine.js:1496:28
next@file:///Users/JustinThomas/.rvm/rubies/ruby-2.2.3/lib/ruby/gems/2.2.0/gems/learn-test-1.2.23/lib/learn_test/jasmine/jasmine.js:1517:40
complete@file:///Users/JustinThomas/.rvm/rubies/ruby-2.2.3/lib/ruby/gems/2.2.0/gems/learn-test-1.2.23/lib/learn_test/jasmine/jasmine.js:333:19
clearStack@file:///Users/JustinThomas/.rvm/rubies/ruby-2.2.3/lib/ruby/gems/2.2.0/gems/learn-test-1.2.23/lib/learn_test/jasmine/jasmine.js:506:11
run@file:///Users/JustinThomas/.rvm/rubies/ruby-2.2.3/lib/ruby/gems/2.2.0/gems/learn-test-1.2.23/lib/learn_test/jasmine/jasmine.js:1505:22
execute@file:///Users/JustinThomas/.rvm/rubies/ruby-2.2.3/lib/ruby/gems/2.2.0/gems/learn-test-1.2.23/lib/learn_test/jasmine/jasmine.js:1485:13
queueRunnerFactory@file:///Users/JustinThomas/.rvm/rubies/ruby-2.2.3/lib/ruby/gems/2.2.0/gems/learn-test-1.2.23/lib/learn_test/jasmine/jasmine.js:518:42
execute@file:///Users/JustinThomas/.rvm/rubies/ruby-2.2.3/lib/ruby/gems/2.2.0/gems/learn-test-1.2.23/lib/learn_test/jasmine/jasmine.js:306:28
file:///Users/JustinThomas/.rvm/rubies/ruby-2.2.3/lib/ruby/gems/2.2.0/gems/learn-test-1.2.23/lib/learn_test/jasmine/jasmine.js:1708:44
attemptAsync@file:///Users/JustinThomas/.rvm/rubies/ruby-2.2.3/lib/ruby/gems/2.2.0/gems/learn-test-1.2.23/lib/learn_test/jasmine/jasmine.js:1520:16
run@file:///Users/JustinThomas/.rvm/rubies/ruby-2.2.3/lib/ruby/gems/2.2.0/gems/learn-test-1.2.23/lib/learn_test/jasmine/jasmine.js:1496:28
execute@file:///Users/JustinThomas/.rvm/rubies/ruby-2.2.3/lib/ruby/gems/2.2.0/gems/learn-test-1.2.23/lib/learn_test/jasmine/jasmine.js:1485:13
queueRunnerFactory@file:///Users/JustinThomas/.rvm/rubies/ruby-2.2.3/lib/ruby/gems/2.2.0/gems/learn-test-1.2.23/lib/learn_test/jasmine/jasmine.js:518:42
execute@file:///Users/JustinThomas/.rvm/rubies/ruby-2.2.3/lib/ruby/gems/2.2.0/gems/learn-test-1.2.23/lib/learn_test/jasmine/jasmine.js:1694:21
file:///Users/JustinThomas/.rvm/rubies/ruby-2.2.3/lib/ruby/gems/2.2.0/gems/learn-test-1.2.23/lib/learn_test/jasmine/jasmine.js:1708:44
attemptAsync@file:///Users/JustinThomas/.rvm/rubies/ruby-2.2.3/lib/ruby/gems/2.2.0/gems/learn-test-1.2.23/lib/learn_test/jasmine/jasmine.js:1520:16
run@file:///Users/JustinThomas/.rvm/rubies/ruby-2.2.3/lib/ruby/gems/2.2.0/gems/learn-test-1.2.23/lib/learn_test/jasmine/jasmine.js:1496:28
next@file:///Users/JustinThomas/.rvm/rubies/ruby-2.2.3/lib/ruby/gems/2.2.0/gems/learn-test-1.2.23/lib/learn_test/jasmine/jasmine.js:1517:40
complete@file:///Users/JustinThomas/.rvm/rubies/ruby-2.2.3/lib/ruby/gems/2.2.0/gems/learn-test-1.2.23/lib/learn_test/jasmine/jasmine.js:1703:19
clearStack@file:///Users/JustinThomas/.rvm/rubies/ruby-2.2.3/lib/ruby/gems/2.2.0/gems/learn-test-1.2.23/lib/learn_test/jasmine/jasmine.js:506:11
run@file:///Users/JustinThomas/.rvm/rubies/ruby-2.2.3/lib/ruby/gems/2.2.0/gems/learn-test-1.2.23/lib/learn_test/jasmine/jasmine.js:1505:22
next@file:///Users/JustinThomas/.rvm/rubies/ruby-2.2.3/lib/ruby/gems/2.2.0/gems/learn-test-1.2.23/lib/learn_test/jasmine/jasmine.js:1517:40
complete@file:///Users/JustinThomas/.rvm/rubies/ruby-2.2.3/lib/ruby/gems/2.2.0/gems/learn-test-1.2.23/lib/learn_test/jasmine/jasmine.js:333:19
clearStack@file:///Users/JustinThomas/.rvm/rubies/ruby-2.2.3/lib/ruby/gems/2.2.0/gems/learn-test-1.2.23/lib/learn_test/jasmine/jasmine.js:506:11
run@file:///Users/JustinThomas/.rvm/rubies/ruby-2.2.3/lib/ruby/gems/2.2.0/gems/learn-test-1.2.23/lib/learn_test/jasmine/jasmine.js:1505:22
execute@file:///Users/JustinThomas/.rvm/rubies/ruby-2.2.3/lib/ruby/gems/2.2.0/gems/learn-test-1.2.23/lib/learn_test/jasmine/jasmine.js:1485:13
queueRunnerFactory@file:///Users/JustinThomas/.rvm/rubies/ruby-2.2.3/lib/ruby/gems/2.2.0/gems/learn-test-1.2.23/lib/learn_test/jasmine/jasmine.js:518:42
execute@file:///Users/JustinThomas/.rvm/rubies/ruby-2.2.3/lib/ruby/gems/2.2.0/gems/learn-test-1.2.23/lib/learn_test/jasmine/jasmine.js:306:28
file:///Users/JustinThomas/.rvm/rubies/ruby-2.2.3/lib/ruby/gems/2.2.0/gems/learn-test-1.2.23/lib/learn_test/jasmine/jasmine.js:1708:44
attemptAsync@file:///Users/JustinThomas/.rvm/rubies/ruby-2.2.3/lib/ruby/gems/2.2.0/gems/learn-test-1.2.23/lib/learn_test/jasmine/jasmine.js:1520:16
run@file:///Users/JustinThomas/.rvm/rubies/ruby-2.2.3/lib/ruby/gems/2.2.0/gems/learn-test-1.2.23/lib/learn_test/jasmine/jasmine.js:1496:28
execute@file:///Users/JustinThomas/.rvm/rubies/ruby-2.2.3/lib/ruby/gems/2.2.0/gems/learn-test-1.2.23/lib/learn_test/jasmine/jasmine.js:1485:13
queueRunnerFactory@file:///Users/JustinThomas/.rvm/rubies/ruby-2.2.3/lib/ruby/gems/2.2.0/gems/learn-test-1.2.23/lib/learn_test/jasmine/jasmine.js:518:42
execute@file:///Users/JustinThomas/.rvm/rubies/ruby-2.2.3/lib/ruby/gems/2.2.0/gems/learn-test-1.2.23/lib/learn_test/jasmine/jasmine.js:1694:21
file:///Users/JustinThomas/.rvm/rubies/ruby-2.2.3/lib/ruby/gems/2.2.0/gems/learn-test-1.2.23/lib/learn_test/jasmine/jasmine.js:1708:44
attemptAsync@file:///Users/JustinThomas/.rvm/rubies/ruby-2.2.3/lib/ruby/gems/2.2.0/gems/learn-test-1.2.23/lib/learn_test/jasmine/jasmine.js:1520:16
run@file:///Users/JustinThomas/.rvm/rubies/ruby-2.2.3/lib/ruby/gems/2.2.0/gems/learn-test-1.2.23/lib/learn_test/jasmine/jasmine.js:1496:28
next@file:///Users/JustinThomas/.rvm/rubies/ruby-2.2.3/lib/ruby/gems/2.2.0/gems/learn-test-1.2.23/lib/learn_test/jasmine/jasmine.js:1517:40
complete@file:///Users/JustinThomas/.rvm/rubies/ruby-2.2.3/lib/ruby/gems/2.2.0/gems/learn-test-1.2.23/lib/learn_test/jasmine/jasmine.js:1703:19
clearStack@file:///Users/JustinThomas/.rvm/rubies/ruby-2.2.3/lib/ruby/gems/2.2.0/gems/learn-test-1.2.23/lib/learn_test/jasmine/jasmine.js:506:11
run@file:///Users/JustinThomas/.rvm/rubies/ruby-2.2.3/lib/ruby/gems/2.2.0/gems/learn-test-1.2.23/lib/learn_test/jasmine/jasmine.js:1505:22
next@file:///Users/JustinThomas/.rvm/rubies/ruby-2.2.3/lib/ruby/gems/2.2.0/gems/learn-test-1.2.23/lib/learn_test/jasmine/jasmine.js:1517:40
complete@file:///Users/JustinThomas/.rvm/rubies/ruby-2.2.3/lib/ruby/gems/2.2.0/gems/learn-test-1.2.23/lib/learn_test/jasmine/jasmine.js:333:19
clearStack@file:///Users/JustinThomas/.rvm/rubies/ruby-2.2.3/lib/ruby/gems/2.2.0/gems/learn-test-1.2.23/lib/learn_test/jasmine/jasmine.js:506:11
run@file:///Users/JustinThomas/.rvm/rubies/ruby-2.2.3/lib/ruby/gems/2.2.0/gems/learn-test-1.2.23/lib/learn_test/jasmine/jasmine.js:1505:22
execute@file:///Users/JustinThomas/.rvm/rubies/ruby-2.2.3/lib/ruby/gems/2.2.0/gems/learn-test-1.2.23/lib/learn_test/jasmine/jasmine.js:1485:13
queueRunnerFactory@file:///Users/JustinThomas/.rvm/rubies/ruby-2.2.3/lib/ruby/gems/2.2.0/gems/learn-test-1.2.23/lib/learn_test/jasmine/jasmine.js:518:42
execute@file:///Users/JustinThomas/.rvm/rubies/ruby-2.2.3/lib/ruby/gems/2.2.0/gems/learn-test-1.2.23/lib/learn_test/jasmine/jasmine.js:306:28
file:///Users/JustinThomas/.rvm/rubies/ruby-2.2.3/lib/ruby/gems/2.2.0/gems/learn-test-1.2.23/lib/learn_test/jasmine/jasmine.js:1708:44
attemptAsync@file:///Users/JustinThomas/.rvm/rubies/ruby-2.2.3/lib/ruby/gems/2.2.0/gems/learn-test-1.2.23/lib/learn_test/jasmine/jasmine.js:1520:16
run@file:///Users/JustinThomas/.rvm/rubies/ruby-2.2.3/lib/ruby/gems/2.2.0/gems/learn-test-1.2.23/lib/learn_test/jasmine/jasmine.js:1496:28
execute@file:///Users/JustinThomas/.rvm/rubies/ruby-2.2.3/lib/ruby/gems/2.2.0/gems/learn-test-1.2.23/lib/learn_test/jasmine/jasmine.js:1485:13
queueRunnerFactory@file:///Users/JustinThomas/.rvm/rubies/ruby-2.2.3/lib/ruby/gems/2.2.0/gems/learn-test-1.2.23/lib/learn_test/jasmine/jasmine.js:518:42
execute@file:///Users/JustinThomas/.rvm/rubies/ruby-2.2.3/lib/ruby/gems/2.2.0/gems/learn-test-1.2.23/lib/learn_test/jasmine/jasmine.js:1694:21
file:///Users/JustinThomas/.rvm/rubies/ruby-2.2.3/lib/ruby/gems/2.2.0/gems/learn-test-1.2.23/lib/learn_test/jasmine/jasmine.js:1708:44
attemptAsync@file:///Users/JustinThomas/.rvm/rubies/ruby-2.2.3/lib/ruby/gems/2.2.0/gems/learn-test-1.2.23/lib/learn_test/jasmine/jasmine.js:1520:16
run@file:///Users/JustinThomas/.rvm/rubies/ruby-2.2.3/lib/ruby/gems/2.2.0/gems/learn-test-1.2.23/lib/learn_test/jasmine/jasmine.js:1496:28
execute@file:///Users/JustinThomas/.rvm/rubies/ruby-2.2.3/lib/ruby/gems/2.2.0/gems/learn-test-1.2.23/lib/learn_test/jasmine/jasmine.js:1485:13
queueRunnerFactory@file:///Users/JustinThomas/.rvm/rubies/ruby-2.2.3/lib/ruby/gems/2.2.0/gems/learn-test-1.2.23/lib/learn_test/jasmine/jasmine.js:518:42
execute@file:///Users/JustinThomas/.rvm/rubies/ruby-2.2.3/lib/ruby/gems/2.2.0/gems/learn-test-1.2.23/lib/learn_test/jasmine/jasmine.js:1694:21
file:///Users/JustinThomas/.rvm/rubies/ruby-2.2.3/lib/ruby/gems/2.2.0/gems/learn-test-1.2.23/lib/learn_test/jasmine/jasmine.js:1708:44
attemptAsync@file:///Users/JustinThomas/.rvm/rubies/ruby-2.2.3/lib/ruby/gems/2.2.0/gems/learn-test-1.2.23/lib/learn_test/jasmine/jasmine.js:1520:16
run@file:///Users/JustinThomas/.rvm/rubies/ruby-2.2.3/lib/ruby/gems/2.2.0/gems/learn-test-1.2.23/lib/learn_test/jasmine/jasmine.js:1496:28
execute@file:///Users/JustinThomas/.rvm/rubies/ruby-2.2.3/lib/ruby/gems/2.2.0/gems/learn-test-1.2.23/lib/learn_test/jasmine/jasmine.js:1485:13
queueRunnerFactory@file:///Users/JustinThomas/.rvm/rubies/ruby-2.2.3/lib/ruby/gems/2.2.0/gems/learn-test-1.2.23/lib/learn_test/jasmine/jasmine.js:518:42
execute@file:///Users/JustinThomas/.rvm/rubies/ruby-2.2.3/lib/ruby/gems/2.2.0/gems/learn-test-1.2.23/lib/learn_test/jasmine/jasmine.js:1694:21
file:///Users/JustinThomas/.rvm/rubies/ruby-2.2.3/lib/ruby/gems/2.2.0/gems/learn-test-1.2.23/lib/learn_test/jasmine/jasmine.js:541:83
attemptAsync@file:///Users/JustinThomas/.rvm/rubies/ruby-2.2.3/lib/ruby/gems/2.2.0/gems/learn-test-1.2.23/lib/learn_test/jasmine/jasmine.js:1520:16
run@file:///Users/JustinThomas/.rvm/rubies/ruby-2.2.3/lib/ruby/gems/2.2.0/gems/learn-test-1.2.23/lib/learn_test/jasmine/jasmine.js:1496:28
execute@file:///Users/JustinThomas/.rvm/rubies/ruby-2.2.3/lib/ruby/gems/2.2.0/gems/learn-test-1.2.23/lib/learn_test/jasmine/jasmine.js:1485:13
queueRunnerFactory@file:///Users/JustinThomas/.rvm/rubies/ruby-2.2.3/lib/ruby/gems/2.2.0/gems/learn-test-1.2.23/lib/learn_test/jasmine/jasmine.js:518:42
execute@file:///Users/JustinThomas/.rvm/rubies/ruby-2.2.3/lib/ruby/gems/2.2.0/gems/learn-test-1.2.23/lib/learn_test/jasmine/jasmine.js:548:25
onload@file:///Users/JustinThomas/.rvm/rubies/ruby-2.2.3/lib/ruby/gems/2.2.0/gems/learn-test-1.2.23/lib/learn_test/jasmine/boot.js:172:16			</failure>
		</testcase>
		<testcase classname="Tic Tac Toe Functionality" name="resetting the board resets the board and sets turn to zero when there is a winner" time="0.001">
			<failure type="" message="ReferenceError: Can&amp;apos;t find variable: attachListeners in file:///Users/JustinThomas/Development/code/js-tictactoe-rails-api-v-000/spec/tictactoe.spec.js (line 144)">
file:///Users/JustinThomas/Development/code/js-tictactoe-rails-api-v-000/spec/tictactoe.spec.js:144:22
attemptSync@file:///Users/JustinThomas/.rvm/rubies/ruby-2.2.3/lib/ruby/gems/2.2.0/gems/learn-test-1.2.23/lib/learn_test/jasmine/jasmine.js:1510:16
run@file:///Users/JustinThomas/.rvm/rubies/ruby-2.2.3/lib/ruby/gems/2.2.0/gems/learn-test-1.2.23/lib/learn_test/jasmine/jasmine.js:1498:20
execute@file:///Users/JustinThomas/.rvm/rubies/ruby-2.2.3/lib/ruby/gems/2.2.0/gems/learn-test-1.2.23/lib/learn_test/jasmine/jasmine.js:1485:13
queueRunnerFactory@file:///Users/JustinThomas/.rvm/rubies/ruby-2.2.3/lib/ruby/gems/2.2.0/gems/learn-test-1.2.23/lib/learn_test/jasmine/jasmine.js:518:42
execute@file:///Users/JustinThomas/.rvm/rubies/ruby-2.2.3/lib/ruby/gems/2.2.0/gems/learn-test-1.2.23/lib/learn_test/jasmine/jasmine.js:306:28
file:///Users/JustinThomas/.rvm/rubies/ruby-2.2.3/lib/ruby/gems/2.2.0/gems/learn-test-1.2.23/lib/learn_test/jasmine/jasmine.js:1708:44
attemptAsync@file:///Users/JustinThomas/.rvm/rubies/ruby-2.2.3/lib/ruby/gems/2.2.0/gems/learn-test-1.2.23/lib/learn_test/jasmine/jasmine.js:1520:16
run@file:///Users/JustinThomas/.rvm/rubies/ruby-2.2.3/lib/ruby/gems/2.2.0/gems/learn-test-1.2.23/lib/learn_test/jasmine/jasmine.js:1496:28
execute@file:///Users/JustinThomas/.rvm/rubies/ruby-2.2.3/lib/ruby/gems/2.2.0/gems/learn-test-1.2.23/lib/learn_test/jasmine/jasmine.js:1485:13
queueRunnerFactory@file:///Users/JustinThomas/.rvm/rubies/ruby-2.2.3/lib/ruby/gems/2.2.0/gems/learn-test-1.2.23/lib/learn_test/jasmine/jasmine.js:518:42
execute@file:///Users/JustinThomas/.rvm/rubies/ruby-2.2.3/lib/ruby/gems/2.2.0/gems/learn-test-1.2.23/lib/learn_test/jasmine/jasmine.js:1694:21
file:///Users/JustinThomas/.rvm/rubies/ruby-2.2.3/lib/ruby/gems/2.2.0/gems/learn-test-1.2.23/lib/learn_test/jasmine/jasmine.js:1708:44
attemptAsync@file:///Users/JustinThomas/.rvm/rubies/ruby-2.2.3/lib/ruby/gems/2.2.0/gems/learn-test-1.2.23/lib/learn_test/jasmine/jasmine.js:1520:16
run@file:///Users/JustinThomas/.rvm/rubies/ruby-2.2.3/lib/ruby/gems/2.2.0/gems/learn-test-1.2.23/lib/learn_test/jasmine/jasmine.js:1496:28
next@file:///Users/JustinThomas/.rvm/rubies/ruby-2.2.3/lib/ruby/gems/2.2.0/gems/learn-test-1.2.23/lib/learn_test/jasmine/jasmine.js:1517:40
complete@file:///Users/JustinThomas/.rvm/rubies/ruby-2.2.3/lib/ruby/gems/2.2.0/gems/learn-test-1.2.23/lib/learn_test/jasmine/jasmine.js:1703:19
clearStack@file:///Users/JustinThomas/.rvm/rubies/ruby-2.2.3/lib/ruby/gems/2.2.0/gems/learn-test-1.2.23/lib/learn_test/jasmine/jasmine.js:506:11
run@file:///Users/JustinThomas/.rvm/rubies/ruby-2.2.3/lib/ruby/gems/2.2.0/gems/learn-test-1.2.23/lib/learn_test/jasmine/jasmine.js:1505:22
next@file:///Users/JustinThomas/.rvm/rubies/ruby-2.2.3/lib/ruby/gems/2.2.0/gems/learn-test-1.2.23/lib/learn_test/jasmine/jasmine.js:1517:40
complete@file:///Users/JustinThomas/.rvm/rubies/ruby-2.2.3/lib/ruby/gems/2.2.0/gems/learn-test-1.2.23/lib/learn_test/jasmine/jasmine.js:333:19
clearStack@file:///Users/JustinThomas/.rvm/rubies/ruby-2.2.3/lib/ruby/gems/2.2.0/gems/learn-test-1.2.23/lib/learn_test/jasmine/jasmine.js:506:11
run@file:///Users/JustinThomas/.rvm/rubies/ruby-2.2.3/lib/ruby/gems/2.2.0/gems/learn-test-1.2.23/lib/learn_test/jasmine/jasmine.js:1505:22
execute@file:///Users/JustinThomas/.rvm/rubies/ruby-2.2.3/lib/ruby/gems/2.2.0/gems/learn-test-1.2.23/lib/learn_test/jasmine/jasmine.js:1485:13
queueRunnerFactory@file:///Users/JustinThomas/.rvm/rubies/ruby-2.2.3/lib/ruby/gems/2.2.0/gems/learn-test-1.2.23/lib/learn_test/jasmine/jasmine.js:518:42
execute@file:///Users/JustinThomas/.rvm/rubies/ruby-2.2.3/lib/ruby/gems/2.2.0/gems/learn-test-1.2.23/lib/learn_test/jasmine/jasmine.js:306:28
file:///Users/JustinThomas/.rvm/rubies/ruby-2.2.3/lib/ruby/gems/2.2.0/gems/learn-test-1.2.23/lib/learn_test/jasmine/jasmine.js:1708:44
attemptAsync@file:///Users/JustinThomas/.rvm/rubies/ruby-2.2.3/lib/ruby/gems/2.2.0/gems/learn-test-1.2.23/lib/learn_test/jasmine/jasmine.js:1520:16
run@file:///Users/JustinThomas/.rvm/rubies/ruby-2.2.3/lib/ruby/gems/2.2.0/gems/learn-test-1.2.23/lib/learn_test/jasmine/jasmine.js:1496:28
execute@file:///Users/JustinThomas/.rvm/rubies/ruby-2.2.3/lib/ruby/gems/2.2.0/gems/learn-test-1.2.23/lib/learn_test/jasmine/jasmine.js:1485:13
queueRunnerFactory@file:///Users/JustinThomas/.rvm/rubies/ruby-2.2.3/lib/ruby/gems/2.2.0/gems/learn-test-1.2.23/lib/learn_test/jasmine/jasmine.js:518:42
execute@file:///Users/JustinThomas/.rvm/rubies/ruby-2.2.3/lib/ruby/gems/2.2.0/gems/learn-test-1.2.23/lib/learn_test/jasmine/jasmine.js:1694:21
file:///Users/JustinThomas/.rvm/rubies/ruby-2.2.3/lib/ruby/gems/2.2.0/gems/learn-test-1.2.23/lib/learn_test/jasmine/jasmine.js:1708:44
attemptAsync@file:///Users/JustinThomas/.rvm/rubies/ruby-2.2.3/lib/ruby/gems/2.2.0/gems/learn-test-1.2.23/lib/learn_test/jasmine/jasmine.js:1520:16
run@file:///Users/JustinThomas/.rvm/rubies/ruby-2.2.3/lib/ruby/gems/2.2.0/gems/learn-test-1.2.23/lib/learn_test/jasmine/jasmine.js:1496:28
next@file:///Users/JustinThomas/.rvm/rubies/ruby-2.2.3/lib/ruby/gems/2.2.0/gems/learn-test-1.2.23/lib/learn_test/jasmine/jasmine.js:1517:40
complete@file:///Users/JustinThomas/.rvm/rubies/ruby-2.2.3/lib/ruby/gems/2.2.0/gems/learn-test-1.2.23/lib/learn_test/jasmine/jasmine.js:1703:19
clearStack@file:///Users/JustinThomas/.rvm/rubies/ruby-2.2.3/lib/ruby/gems/2.2.0/gems/learn-test-1.2.23/lib/learn_test/jasmine/jasmine.js:506:11
run@file:///Users/JustinThomas/.rvm/rubies/ruby-2.2.3/lib/ruby/gems/2.2.0/gems/learn-test-1.2.23/lib/learn_test/jasmine/jasmine.js:1505:22
next@file:///Users/JustinThomas/.rvm/rubies/ruby-2.2.3/lib/ruby/gems/2.2.0/gems/learn-test-1.2.23/lib/learn_test/jasmine/jasmine.js:1517:40
complete@file:///Users/JustinThomas/.rvm/rubies/ruby-2.2.3/lib/ruby/gems/2.2.0/gems/learn-test-1.2.23/lib/learn_test/jasmine/jasmine.js:333:19
clearStack@file:///Users/JustinThomas/.rvm/rubies/ruby-2.2.3/lib/ruby/gems/2.2.0/gems/learn-test-1.2.23/lib/learn_test/jasmine/jasmine.js:506:11
run@file:///Users/JustinThomas/.rvm/rubies/ruby-2.2.3/lib/ruby/gems/2.2.0/gems/learn-test-1.2.23/lib/learn_test/jasmine/jasmine.js:1505:22
execute@file:///Users/JustinThomas/.rvm/rubies/ruby-2.2.3/lib/ruby/gems/2.2.0/gems/learn-test-1.2.23/lib/learn_test/jasmine/jasmine.js:1485:13
queueRunnerFactory@file:///Users/JustinThomas/.rvm/rubies/ruby-2.2.3/lib/ruby/gems/2.2.0/gems/learn-test-1.2.23/lib/learn_test/jasmine/jasmine.js:518:42
execute@file:///Users/JustinThomas/.rvm/rubies/ruby-2.2.3/lib/ruby/gems/2.2.0/gems/learn-test-1.2.23/lib/learn_test/jasmine/jasmine.js:306:28
file:///Users/JustinThomas/.rvm/rubies/ruby-2.2.3/lib/ruby/gems/2.2.0/gems/learn-test-1.2.23/lib/learn_test/jasmine/jasmine.js:1708:44
attemptAsync@file:///Users/JustinThomas/.rvm/rubies/ruby-2.2.3/lib/ruby/gems/2.2.0/gems/learn-test-1.2.23/lib/learn_test/jasmine/jasmine.js:1520:16
run@file:///Users/JustinThomas/.rvm/rubies/ruby-2.2.3/lib/ruby/gems/2.2.0/gems/learn-test-1.2.23/lib/learn_test/jasmine/jasmine.js:1496:28
next@file:///Users/JustinThomas/.rvm/rubies/ruby-2.2.3/lib/ruby/gems/2.2.0/gems/learn-test-1.2.23/lib/learn_test/jasmine/jasmine.js:1517:40
complete@file:///Users/JustinThomas/.rvm/rubies/ruby-2.2.3/lib/ruby/gems/2.2.0/gems/learn-test-1.2.23/lib/learn_test/jasmine/jasmine.js:333:19
clearStack@file:///Users/JustinThomas/.rvm/rubies/ruby-2.2.3/lib/ruby/gems/2.2.0/gems/learn-test-1.2.23/lib/learn_test/jasmine/jasmine.js:506:11
run@file:///Users/JustinThomas/.rvm/rubies/ruby-2.2.3/lib/ruby/gems/2.2.0/gems/learn-test-1.2.23/lib/learn_test/jasmine/jasmine.js:1505:22
execute@file:///Users/JustinThomas/.rvm/rubies/ruby-2.2.3/lib/ruby/gems/2.2.0/gems/learn-test-1.2.23/lib/learn_test/jasmine/jasmine.js:1485:13
queueRunnerFactory@file:///Users/JustinThomas/.rvm/rubies/ruby-2.2.3/lib/ruby/gems/2.2.0/gems/learn-test-1.2.23/lib/learn_test/jasmine/jasmine.js:518:42
execute@file:///Users/JustinThomas/.rvm/rubies/ruby-2.2.3/lib/ruby/gems/2.2.0/gems/learn-test-1.2.23/lib/learn_test/jasmine/jasmine.js:306:28
file:///Users/JustinThomas/.rvm/rubies/ruby-2.2.3/lib/ruby/gems/2.2.0/gems/learn-test-1.2.23/lib/learn_test/jasmine/jasmine.js:1708:44
attemptAsync@file:///Users/JustinThomas/.rvm/rubies/ruby-2.2.3/lib/ruby/gems/2.2.0/gems/learn-test-1.2.23/lib/learn_test/jasmine/jasmine.js:1520:16
run@file:///Users/JustinThomas/.rvm/rubies/ruby-2.2.3/lib/ruby/gems/2.2.0/gems/learn-test-1.2.23/lib/learn_test/jasmine/jasmine.js:1496:28
next@file:///Users/JustinThomas/.rvm/rubies/ruby-2.2.3/lib/ruby/gems/2.2.0/gems/learn-test-1.2.23/lib/learn_test/jasmine/jasmine.js:1517:40
complete@file:///Users/JustinThomas/.rvm/rubies/ruby-2.2.3/lib/ruby/gems/2.2.0/gems/learn-test-1.2.23/lib/learn_test/jasmine/jasmine.js:333:19
clearStack@file:///Users/JustinThomas/.rvm/rubies/ruby-2.2.3/lib/ruby/gems/2.2.0/gems/learn-test-1.2.23/lib/learn_test/jasmine/jasmine.js:506:11
run@file:///Users/JustinThomas/.rvm/rubies/ruby-2.2.3/lib/ruby/gems/2.2.0/gems/learn-test-1.2.23/lib/learn_test/jasmine/jasmine.js:1505:22
execute@file:///Users/JustinThomas/.rvm/rubies/ruby-2.2.3/lib/ruby/gems/2.2.0/gems/learn-test-1.2.23/lib/learn_test/jasmine/jasmine.js:1485:13
queueRunnerFactory@file:///Users/JustinThomas/.rvm/rubies/ruby-2.2.3/lib/ruby/gems/2.2.0/gems/learn-test-1.2.23/lib/learn_test/jasmine/jasmine.js:518:42
execute@file:///Users/JustinThomas/.rvm/rubies/ruby-2.2.3/lib/ruby/gems/2.2.0/gems/learn-test-1.2.23/lib/learn_test/jasmine/jasmine.js:306:28
file:///Users/JustinThomas/.rvm/rubies/ruby-2.2.3/lib/ruby/gems/2.2.0/gems/learn-test-1.2.23/lib/learn_test/jasmine/jasmine.js:1708:44
attemptAsync@file:///Users/JustinThomas/.rvm/rubies/ruby-2.2.3/lib/ruby/gems/2.2.0/gems/learn-test-1.2.23/lib/learn_test/jasmine/jasmine.js:1520:16
run@file:///Users/JustinThomas/.rvm/rubies/ruby-2.2.3/lib/ruby/gems/2.2.0/gems/learn-test-1.2.23/lib/learn_test/jasmine/jasmine.js:1496:28
execute@file:///Users/JustinThomas/.rvm/rubies/ruby-2.2.3/lib/ruby/gems/2.2.0/gems/learn-test-1.2.23/lib/learn_test/jasmine/jasmine.js:1485:13
queueRunnerFactory@file:///Users/JustinThomas/.rvm/rubies/ruby-2.2.3/lib/ruby/gems/2.2.0/gems/learn-test-1.2.23/lib/learn_test/jasmine/jasmine.js:518:42
execute@file:///Users/JustinThomas/.rvm/rubies/ruby-2.2.3/lib/ruby/gems/2.2.0/gems/learn-test-1.2.23/lib/learn_test/jasmine/jasmine.js:1694:21
file:///Users/JustinThomas/.rvm/rubies/ruby-2.2.3/lib/ruby/gems/2.2.0/gems/learn-test-1.2.23/lib/learn_test/jasmine/jasmine.js:1708:44
attemptAsync@file:///Users/JustinThomas/.rvm/rubies/ruby-2.2.3/lib/ruby/gems/2.2.0/gems/learn-test-1.2.23/lib/learn_test/jasmine/jasmine.js:1520:16
run@file:///Users/JustinThomas/.rvm/rubies/ruby-2.2.3/lib/ruby/gems/2.2.0/gems/learn-test-1.2.23/lib/learn_test/jasmine/jasmine.js:1496:28
next@file:///Users/JustinThomas/.rvm/rubies/ruby-2.2.3/lib/ruby/gems/2.2.0/gems/learn-test-1.2.23/lib/learn_test/jasmine/jasmine.js:1517:40
complete@file:///Users/JustinThomas/.rvm/rubies/ruby-2.2.3/lib/ruby/gems/2.2.0/gems/learn-test-1.2.23/lib/learn_test/jasmine/jasmine.js:1703:19
clearStack@file:///Users/JustinThomas/.rvm/rubies/ruby-2.2.3/lib/ruby/gems/2.2.0/gems/learn-test-1.2.23/lib/learn_test/jasmine/jasmine.js:506:11
run@file:///Users/JustinThomas/.rvm/rubies/ruby-2.2.3/lib/ruby/gems/2.2.0/gems/learn-test-1.2.23/lib/learn_test/jasmine/jasmine.js:1505:22
next@file:///Users/JustinThomas/.rvm/rubies/ruby-2.2.3/lib/ruby/gems/2.2.0/gems/learn-test-1.2.23/lib/learn_test/jasmine/jasmine.js:1517:40
complete@file:///Users/JustinThomas/.rvm/rubies/ruby-2.2.3/lib/ruby/gems/2.2.0/gems/learn-test-1.2.23/lib/learn_test/jasmine/jasmine.js:333:19
clearStack@file:///Users/JustinThomas/.rvm/rubies/ruby-2.2.3/lib/ruby/gems/2.2.0/gems/learn-test-1.2.23/lib/learn_test/jasmine/jasmine.js:506:11
run@file:///Users/JustinThomas/.rvm/rubies/ruby-2.2.3/lib/ruby/gems/2.2.0/gems/learn-test-1.2.23/lib/learn_test/jasmine/jasmine.js:1505:22
execute@file:///Users/JustinThomas/.rvm/rubies/ruby-2.2.3/lib/ruby/gems/2.2.0/gems/learn-test-1.2.23/lib/learn_test/jasmine/jasmine.js:1485:13
queueRunnerFactory@file:///Users/JustinThomas/.rvm/rubies/ruby-2.2.3/lib/ruby/gems/2.2.0/gems/learn-test-1.2.23/lib/learn_test/jasmine/jasmine.js:518:42
execute@file:///Users/JustinThomas/.rvm/rubies/ruby-2.2.3/lib/ruby/gems/2.2.0/gems/learn-test-1.2.23/lib/learn_test/jasmine/jasmine.js:306:28
file:///Users/JustinThomas/.rvm/rubies/ruby-2.2.3/lib/ruby/gems/2.2.0/gems/learn-test-1.2.23/lib/learn_test/jasmine/jasmine.js:1708:44
attemptAsync@file:///Users/JustinThomas/.rvm/rubies/ruby-2.2.3/lib/ruby/gems/2.2.0/gems/learn-test-1.2.23/lib/learn_test/jasmine/jasmine.js:1520:16
run@file:///Users/JustinThomas/.rvm/rubies/ruby-2.2.3/lib/ruby/gems/2.2.0/gems/learn-test-1.2.23/lib/learn_test/jasmine/jasmine.js:1496:28
execute@file:///Users/JustinThomas/.rvm/rubies/ruby-2.2.3/lib/ruby/gems/2.2.0/gems/learn-test-1.2.23/lib/learn_test/jasmine/jasmine.js:1485:13
queueRunnerFactory@file:///Users/JustinThomas/.rvm/rubies/ruby-2.2.3/lib/ruby/gems/2.2.0/gems/learn-test-1.2.23/lib/learn_test/jasmine/jasmine.js:518:42
execute@file:///Users/JustinThomas/.rvm/rubies/ruby-2.2.3/lib/ruby/gems/2.2.0/gems/learn-test-1.2.23/lib/learn_test/jasmine/jasmine.js:1694:21
file:///Users/JustinThomas/.rvm/rubies/ruby-2.2.3/lib/ruby/gems/2.2.0/gems/learn-test-1.2.23/lib/learn_test/jasmine/jasmine.js:1708:44
attemptAsync@file:///Users/JustinThomas/.rvm/rubies/ruby-2.2.3/lib/ruby/gems/2.2.0/gems/learn-test-1.2.23/lib/learn_test/jasmine/jasmine.js:1520:16
run@file:///Users/JustinThomas/.rvm/rubies/ruby-2.2.3/lib/ruby/gems/2.2.0/gems/learn-test-1.2.23/lib/learn_test/jasmine/jasmine.js:1496:28
next@file:///Users/JustinThomas/.rvm/rubies/ruby-2.2.3/lib/ruby/gems/2.2.0/gems/learn-test-1.2.23/lib/learn_test/jasmine/jasmine.js:1517:40
complete@file:///Users/JustinThomas/.rvm/rubies/ruby-2.2.3/lib/ruby/gems/2.2.0/gems/learn-test-1.2.23/lib/learn_test/jasmine/jasmine.js:1703:19
clearStack@file:///Users/JustinThomas/.rvm/rubies/ruby-2.2.3/lib/ruby/gems/2.2.0/gems/learn-test-1.2.23/lib/learn_test/jasmine/jasmine.js:506:11
run@file:///Users/JustinThomas/.rvm/rubies/ruby-2.2.3/lib/ruby/gems/2.2.0/gems/learn-test-1.2.23/lib/learn_test/jasmine/jasmine.js:1505:22
next@file:///Users/JustinThomas/.rvm/rubies/ruby-2.2.3/lib/ruby/gems/2.2.0/gems/learn-test-1.2.23/lib/learn_test/jasmine/jasmine.js:1517:40
complete@file:///Users/JustinThomas/.rvm/rubies/ruby-2.2.3/lib/ruby/gems/2.2.0/gems/learn-test-1.2.23/lib/learn_test/jasmine/jasmine.js:333:19
clearStack@file:///Users/JustinThomas/.rvm/rubies/ruby-2.2.3/lib/ruby/gems/2.2.0/gems/learn-test-1.2.23/lib/learn_test/jasmine/jasmine.js:506:11
run@file:///Users/JustinThomas/.rvm/rubies/ruby-2.2.3/lib/ruby/gems/2.2.0/gems/learn-test-1.2.23/lib/learn_test/jasmine/jasmine.js:1505:22
execute@file:///Users/JustinThomas/.rvm/rubies/ruby-2.2.3/lib/ruby/gems/2.2.0/gems/learn-test-1.2.23/lib/learn_test/jasmine/jasmine.js:1485:13
queueRunnerFactory@file:///Users/JustinThomas/.rvm/rubies/ruby-2.2.3/lib/ruby/gems/2.2.0/gems/learn-test-1.2.23/lib/learn_test/jasmine/jasmine.js:518:42
execute@file:///Users/JustinThomas/.rvm/rubies/ruby-2.2.3/lib/ruby/gems/2.2.0/gems/learn-test-1.2.23/lib/learn_test/jasmine/jasmine.js:306:28
file:///Users/JustinThomas/.rvm/rubies/ruby-2.2.3/lib/ruby/gems/2.2.0/gems/learn-test-1.2.23/lib/learn_test/jasmine/jasmine.js:1708:44
attemptAsync@file:///Users/JustinThomas/.rvm/rubies/ruby-2.2.3/lib/ruby/gems/2.2.0/gems/learn-test-1.2.23/lib/learn_test/jasmine/jasmine.js:1520:16
run@file:///Users/JustinThomas/.rvm/rubies/ruby-2.2.3/lib/ruby/gems/2.2.0/gems/learn-test-1.2.23/lib/learn_test/jasmine/jasmine.js:1496:28
next@file:///Users/JustinThomas/.rvm/rubies/ruby-2.2.3/lib/ruby/gems/2.2.0/gems/learn-test-1.2.23/lib/learn_test/jasmine/jasmine.js:1517:40
complete@file:///Users/JustinThomas/.rvm/rubies/ruby-2.2.3/lib/ruby/gems/2.2.0/gems/learn-test-1.2.23/lib/learn_test/jasmine/jasmine.js:333:19
clearStack@file:///Users/JustinThomas/.rvm/rubies/ruby-2.2.3/lib/ruby/gems/2.2.0/gems/learn-test-1.2.23/lib/learn_test/jasmine/jasmine.js:506:11
run@file:///Users/JustinThomas/.rvm/rubies/ruby-2.2.3/lib/ruby/gems/2.2.0/gems/learn-test-1.2.23/lib/learn_test/jasmine/jasmine.js:1505:22
execute@file:///Users/JustinThomas/.rvm/rubies/ruby-2.2.3/lib/ruby/gems/2.2.0/gems/learn-test-1.2.23/lib/learn_test/jasmine/jasmine.js:1485:13
queueRunnerFactory@file:///Users/JustinThomas/.rvm/rubies/ruby-2.2.3/lib/ruby/gems/2.2.0/gems/learn-test-1.2.23/lib/learn_test/jasmine/jasmine.js:518:42
execute@file:///Users/JustinThomas/.rvm/rubies/ruby-2.2.3/lib/ruby/gems/2.2.0/gems/learn-test-1.2.23/lib/learn_test/jasmine/jasmine.js:306:28
file:///Users/JustinThomas/.rvm/rubies/ruby-2.2.3/lib/ruby/gems/2.2.0/gems/learn-test-1.2.23/lib/learn_test/jasmine/jasmine.js:1708:44
attemptAsync@file:///Users/JustinThomas/.rvm/rubies/ruby-2.2.3/lib/ruby/gems/2.2.0/gems/learn-test-1.2.23/lib/learn_test/jasmine/jasmine.js:1520:16
run@file:///Users/JustinThomas/.rvm/rubies/ruby-2.2.3/lib/ruby/gems/2.2.0/gems/learn-test-1.2.23/lib/learn_test/jasmine/jasmine.js:1496:28
execute@file:///Users/JustinThomas/.rvm/rubies/ruby-2.2.3/lib/ruby/gems/2.2.0/gems/learn-test-1.2.23/lib/learn_test/jasmine/jasmine.js:1485:13
queueRunnerFactory@file:///Users/JustinThomas/.rvm/rubies/ruby-2.2.3/lib/ruby/gems/2.2.0/gems/learn-test-1.2.23/lib/learn_test/jasmine/jasmine.js:518:42
execute@file:///Users/JustinThomas/.rvm/rubies/ruby-2.2.3/lib/ruby/gems/2.2.0/gems/learn-test-1.2.23/lib/learn_test/jasmine/jasmine.js:1694:21
file:///Users/JustinThomas/.rvm/rubies/ruby-2.2.3/lib/ruby/gems/2.2.0/gems/learn-test-1.2.23/lib/learn_test/jasmine/jasmine.js:1708:44
attemptAsync@file:///Users/JustinThomas/.rvm/rubies/ruby-2.2.3/lib/ruby/gems/2.2.0/gems/learn-test-1.2.23/lib/learn_test/jasmine/jasmine.js:1520:16
run@file:///Users/JustinThomas/.rvm/rubies/ruby-2.2.3/lib/ruby/gems/2.2.0/gems/learn-test-1.2.23/lib/learn_test/jasmine/jasmine.js:1496:28
next@file:///Users/JustinThomas/.rvm/rubies/ruby-2.2.3/lib/ruby/gems/2.2.0/gems/learn-test-1.2.23/lib/learn_test/jasmine/jasmine.js:1517:40
complete@file:///Users/JustinThomas/.rvm/rubies/ruby-2.2.3/lib/ruby/gems/2.2.0/gems/learn-test-1.2.23/lib/learn_test/jasmine/jasmine.js:1703:19
clearStack@file:///Users/JustinThomas/.rvm/rubies/ruby-2.2.3/lib/ruby/gems/2.2.0/gems/learn-test-1.2.23/lib/learn_test/jasmine/jasmine.js:506:11
run@file:///Users/JustinThomas/.rvm/rubies/ruby-2.2.3/lib/ruby/gems/2.2.0/gems/learn-test-1.2.23/lib/learn_test/jasmine/jasmine.js:1505:22
next@file:///Users/JustinThomas/.rvm/rubies/ruby-2.2.3/lib/ruby/gems/2.2.0/gems/learn-test-1.2.23/lib/learn_test/jasmine/jasmine.js:1517:40
complete@file:///Users/JustinThomas/.rvm/rubies/ruby-2.2.3/lib/ruby/gems/2.2.0/gems/learn-test-1.2.23/lib/learn_test/jasmine/jasmine.js:333:19
clearStack@file:///Users/JustinThomas/.rvm/rubies/ruby-2.2.3/lib/ruby/gems/2.2.0/gems/learn-test-1.2.23/lib/learn_test/jasmine/jasmine.js:506:11
run@file:///Users/JustinThomas/.rvm/rubies/ruby-2.2.3/lib/ruby/gems/2.2.0/gems/learn-test-1.2.23/lib/learn_test/jasmine/jasmine.js:1505:22
execute@file:///Users/JustinThomas/.rvm/rubies/ruby-2.2.3/lib/ruby/gems/2.2.0/gems/learn-test-1.2.23/lib/learn_test/jasmine/jasmine.js:1485:13
queueRunnerFactory@file:///Users/JustinThomas/.rvm/rubies/ruby-2.2.3/lib/ruby/gems/2.2.0/gems/learn-test-1.2.23/lib/learn_test/jasmine/jasmine.js:518:42
execute@file:///Users/JustinThomas/.rvm/rubies/ruby-2.2.3/lib/ruby/gems/2.2.0/gems/learn-test-1.2.23/lib/learn_test/jasmine/jasmine.js:306:28
file:///Users/JustinThomas/.rvm/rubies/ruby-2.2.3/lib/ruby/gems/2.2.0/gems/learn-test-1.2.23/lib/learn_test/jasmine/jasmine.js:1708:44
attemptAsync@file:///Users/JustinThomas/.rvm/rubies/ruby-2.2.3/lib/ruby/gems/2.2.0/gems/learn-test-1.2.23/lib/learn_test/jasmine/jasmine.js:1520:16
run@file:///Users/JustinThomas/.rvm/rubies/ruby-2.2.3/lib/ruby/gems/2.2.0/gems/learn-test-1.2.23/lib/learn_test/jasmine/jasmine.js:1496:28
next@file:///Users/JustinThomas/.rvm/rubies/ruby-2.2.3/lib/ruby/gems/2.2.0/gems/learn-test-1.2.23/lib/learn_test/jasmine/jasmine.js:1517:40
complete@file:///Users/JustinThomas/.rvm/rubies/ruby-2.2.3/lib/ruby/gems/2.2.0/gems/learn-test-1.2.23/lib/learn_test/jasmine/jasmine.js:333:19
clearStack@file:///Users/JustinThomas/.rvm/rubies/ruby-2.2.3/lib/ruby/gems/2.2.0/gems/learn-test-1.2.23/lib/learn_test/jasmine/jasmine.js:506:11
run@file:///Users/JustinThomas/.rvm/rubies/ruby-2.2.3/lib/ruby/gems/2.2.0/gems/learn-test-1.2.23/lib/learn_test/jasmine/jasmine.js:1505:22
execute@file:///Users/JustinThomas/.rvm/rubies/ruby-2.2.3/lib/ruby/gems/2.2.0/gems/learn-test-1.2.23/lib/learn_test/jasmine/jasmine.js:1485:13
queueRunnerFactory@file:///Users/JustinThomas/.rvm/rubies/ruby-2.2.3/lib/ruby/gems/2.2.0/gems/learn-test-1.2.23/lib/learn_test/jasmine/jasmine.js:518:42
execute@file:///Users/JustinThomas/.rvm/rubies/ruby-2.2.3/lib/ruby/gems/2.2.0/gems/learn-test-1.2.23/lib/learn_test/jasmine/jasmine.js:306:28
file:///Users/JustinThomas/.rvm/rubies/ruby-2.2.3/lib/ruby/gems/2.2.0/gems/learn-test-1.2.23/lib/learn_test/jasmine/jasmine.js:1708:44
attemptAsync@file:///Users/JustinThomas/.rvm/rubies/ruby-2.2.3/lib/ruby/gems/2.2.0/gems/learn-test-1.2.23/lib/learn_test/jasmine/jasmine.js:1520:16
run@file:///Users/JustinThomas/.rvm/rubies/ruby-2.2.3/lib/ruby/gems/2.2.0/gems/learn-test-1.2.23/lib/learn_test/jasmine/jasmine.js:1496:28
execute@file:///Users/JustinThomas/.rvm/rubies/ruby-2.2.3/lib/ruby/gems/2.2.0/gems/learn-test-1.2.23/lib/learn_test/jasmine/jasmine.js:1485:13
queueRunnerFactory@file:///Users/JustinThomas/.rvm/rubies/ruby-2.2.3/lib/ruby/gems/2.2.0/gems/learn-test-1.2.23/lib/learn_test/jasmine/jasmine.js:518:42
execute@file:///Users/JustinThomas/.rvm/rubies/ruby-2.2.3/lib/ruby/gems/2.2.0/gems/learn-test-1.2.23/lib/learn_test/jasmine/jasmine.js:1694:21
file:///Users/JustinThomas/.rvm/rubies/ruby-2.2.3/lib/ruby/gems/2.2.0/gems/learn-test-1.2.23/lib/learn_test/jasmine/jasmine.js:1708:44
attemptAsync@file:///Users/JustinThomas/.rvm/rubies/ruby-2.2.3/lib/ruby/gems/2.2.0/gems/learn-test-1.2.23/lib/learn_test/jasmine/jasmine.js:1520:16
run@file:///Users/JustinThomas/.rvm/rubies/ruby-2.2.3/lib/ruby/gems/2.2.0/gems/learn-test-1.2.23/lib/learn_test/jasmine/jasmine.js:1496:28
next@file:///Users/JustinThomas/.rvm/rubies/ruby-2.2.3/lib/ruby/gems/2.2.0/gems/learn-test-1.2.23/lib/learn_test/jasmine/jasmine.js:1517:40
complete@file:///Users/JustinThomas/.rvm/rubies/ruby-2.2.3/lib/ruby/gems/2.2.0/gems/learn-test-1.2.23/lib/learn_test/jasmine/jasmine.js:1703:19
clearStack@file:///Users/JustinThomas/.rvm/rubies/ruby-2.2.3/lib/ruby/gems/2.2.0/gems/learn-test-1.2.23/lib/learn_test/jasmine/jasmine.js:506:11
run@file:///Users/JustinThomas/.rvm/rubies/ruby-2.2.3/lib/ruby/gems/2.2.0/gems/learn-test-1.2.23/lib/learn_test/jasmine/jasmine.js:1505:22
next@file:///Users/JustinThomas/.rvm/rubies/ruby-2.2.3/lib/ruby/gems/2.2.0/gems/learn-test-1.2.23/lib/learn_test/jasmine/jasmine.js:1517:40
complete@file:///Users/JustinThomas/.rvm/rubies/ruby-2.2.3/lib/ruby/gems/2.2.0/gems/learn-test-1.2.23/lib/learn_test/jasmine/jasmine.js:333:19
clearStack@file:///Users/JustinThomas/.rvm/rubies/ruby-2.2.3/lib/ruby/gems/2.2.0/gems/learn-test-1.2.23/lib/learn_test/jasmine/jasmine.js:506:11
run@file:///Users/JustinThomas/.rvm/rubies/ruby-2.2.3/lib/ruby/gems/2.2.0/gems/learn-test-1.2.23/lib/learn_test/jasmine/jasmine.js:1505:22
execute@file:///Users/JustinThomas/.rvm/rubies/ruby-2.2.3/lib/ruby/gems/2.2.0/gems/learn-test-1.2.23/lib/learn_test/jasmine/jasmine.js:1485:13
queueRunnerFactory@file:///Users/JustinThomas/.rvm/rubies/ruby-2.2.3/lib/ruby/gems/2.2.0/gems/learn-test-1.2.23/lib/learn_test/jasmine/jasmine.js:518:42
execute@file:///Users/JustinThomas/.rvm/rubies/ruby-2.2.3/lib/ruby/gems/2.2.0/gems/learn-test-1.2.23/lib/learn_test/jasmine/jasmine.js:306:28
file:///Users/JustinThomas/.rvm/rubies/ruby-2.2.3/lib/ruby/gems/2.2.0/gems/learn-test-1.2.23/lib/learn_test/jasmine/jasmine.js:1708:44
attemptAsync@file:///Users/JustinThomas/.rvm/rubies/ruby-2.2.3/lib/ruby/gems/2.2.0/gems/learn-test-1.2.23/lib/learn_test/jasmine/jasmine.js:1520:16
run@file:///Users/JustinThomas/.rvm/rubies/ruby-2.2.3/lib/ruby/gems/2.2.0/gems/learn-test-1.2.23/lib/learn_test/jasmine/jasmine.js:1496:28
execute@file:///Users/JustinThomas/.rvm/rubies/ruby-2.2.3/lib/ruby/gems/2.2.0/gems/learn-test-1.2.23/lib/learn_test/jasmine/jasmine.js:1485:13
queueRunnerFactory@file:///Users/JustinThomas/.rvm/rubies/ruby-2.2.3/lib/ruby/gems/2.2.0/gems/learn-test-1.2.23/lib/learn_test/jasmine/jasmine.js:518:42
execute@file:///Users/JustinThomas/.rvm/rubies/ruby-2.2.3/lib/ruby/gems/2.2.0/gems/learn-test-1.2.23/lib/learn_test/jasmine/jasmine.js:1694:21
file:///Users/JustinThomas/.rvm/rubies/ruby-2.2.3/lib/ruby/gems/2.2.0/gems/learn-test-1.2.23/lib/learn_test/jasmine/jasmine.js:1708:44
attemptAsync@file:///Users/JustinThomas/.rvm/rubies/ruby-2.2.3/lib/ruby/gems/2.2.0/gems/learn-test-1.2.23/lib/learn_test/jasmine/jasmine.js:1520:16
run@file:///Users/JustinThomas/.rvm/rubies/ruby-2.2.3/lib/ruby/gems/2.2.0/gems/learn-test-1.2.23/lib/learn_test/jasmine/jasmine.js:1496:28
next@file:///Users/JustinThomas/.rvm/rubies/ruby-2.2.3/lib/ruby/gems/2.2.0/gems/learn-test-1.2.23/lib/learn_test/jasmine/jasmine.js:1517:40
complete@file:///Users/JustinThomas/.rvm/rubies/ruby-2.2.3/lib/ruby/gems/2.2.0/gems/learn-test-1.2.23/lib/learn_test/jasmine/jasmine.js:1703:19
clearStack@file:///Users/JustinThomas/.rvm/rubies/ruby-2.2.3/lib/ruby/gems/2.2.0/gems/learn-test-1.2.23/lib/learn_test/jasmine/jasmine.js:506:11
run@file:///Users/JustinThomas/.rvm/rubies/ruby-2.2.3/lib/ruby/gems/2.2.0/gems/learn-test-1.2.23/lib/learn_test/jasmine/jasmine.js:1505:22
next@file:///Users/JustinThomas/.rvm/rubies/ruby-2.2.3/lib/ruby/gems/2.2.0/gems/learn-test-1.2.23/lib/learn_test/jasmine/jasmine.js:1517:40
complete@file:///Users/JustinThomas/.rvm/rubies/ruby-2.2.3/lib/ruby/gems/2.2.0/gems/learn-test-1.2.23/lib/learn_test/jasmine/jasmine.js:333:19
clearStack@file:///Users/JustinThomas/.rvm/rubies/ruby-2.2.3/lib/ruby/gems/2.2.0/gems/learn-test-1.2.23/lib/learn_test/jasmine/jasmine.js:506:11
run@file:///Users/JustinThomas/.rvm/rubies/ruby-2.2.3/lib/ruby/gems/2.2.0/gems/learn-test-1.2.23/lib/learn_test/jasmine/jasmine.js:1505:22
execute@file:///Users/JustinThomas/.rvm/rubies/ruby-2.2.3/lib/ruby/gems/2.2.0/gems/learn-test-1.2.23/lib/learn_test/jasmine/jasmine.js:1485:13
queueRunnerFactory@file:///Users/JustinThomas/.rvm/rubies/ruby-2.2.3/lib/ruby/gems/2.2.0/gems/learn-test-1.2.23/lib/learn_test/jasmine/jasmine.js:518:42
execute@file:///Users/JustinThomas/.rvm/rubies/ruby-2.2.3/lib/ruby/gems/2.2.0/gems/learn-test-1.2.23/lib/learn_test/jasmine/jasmine.js:306:28
file:///Users/JustinThomas/.rvm/rubies/ruby-2.2.3/lib/ruby/gems/2.2.0/gems/learn-test-1.2.23/lib/learn_test/jasmine/jasmine.js:1708:44
attemptAsync@file:///Users/JustinThomas/.rvm/rubies/ruby-2.2.3/lib/ruby/gems/2.2.0/gems/learn-test-1.2.23/lib/learn_test/jasmine/jasmine.js:1520:16
run@file:///Users/JustinThomas/.rvm/rubies/ruby-2.2.3/lib/ruby/gems/2.2.0/gems/learn-test-1.2.23/lib/learn_test/jasmine/jasmine.js:1496:28
execute@file:///Users/JustinThomas/.rvm/rubies/ruby-2.2.3/lib/ruby/gems/2.2.0/gems/learn-test-1.2.23/lib/learn_test/jasmine/jasmine.js:1485:13
queueRunnerFactory@file:///Users/JustinThomas/.rvm/rubies/ruby-2.2.3/lib/ruby/gems/2.2.0/gems/learn-test-1.2.23/lib/learn_test/jasmine/jasmine.js:518:42
execute@file:///Users/JustinThomas/.rvm/rubies/ruby-2.2.3/lib/ruby/gems/2.2.0/gems/learn-test-1.2.23/lib/learn_test/jasmine/jasmine.js:1694:21
file:///Users/JustinThomas/.rvm/rubies/ruby-2.2.3/lib/ruby/gems/2.2.0/gems/learn-test-1.2.23/lib/learn_test/jasmine/jasmine.js:1708:44
attemptAsync@file:///Users/JustinThomas/.rvm/rubies/ruby-2.2.3/lib/ruby/gems/2.2.0/gems/learn-test-1.2.23/lib/learn_test/jasmine/jasmine.js:1520:16
run@file:///Users/JustinThomas/.rvm/rubies/ruby-2.2.3/lib/ruby/gems/2.2.0/gems/learn-test-1.2.23/lib/learn_test/jasmine/jasmine.js:1496:28
execute@file:///Users/JustinThomas/.rvm/rubies/ruby-2.2.3/lib/ruby/gems/2.2.0/gems/learn-test-1.2.23/lib/learn_test/jasmine/jasmine.js:1485:13
queueRunnerFactory@file:///Users/JustinThomas/.rvm/rubies/ruby-2.2.3/lib/ruby/gems/2.2.0/gems/learn-test-1.2.23/lib/learn_test/jasmine/jasmine.js:518:42
execute@file:///Users/JustinThomas/.rvm/rubies/ruby-2.2.3/lib/ruby/gems/2.2.0/gems/learn-test-1.2.23/lib/learn_test/jasmine/jasmine.js:1694:21
file:///Users/JustinThomas/.rvm/rubies/ruby-2.2.3/lib/ruby/gems/2.2.0/gems/learn-test-1.2.23/lib/learn_test/jasmine/jasmine.js:1708:44
attemptAsync@file:///Users/JustinThomas/.rvm/rubies/ruby-2.2.3/lib/ruby/gems/2.2.0/gems/learn-test-1.2.23/lib/learn_test/jasmine/jasmine.js:1520:16
run@file:///Users/JustinThomas/.rvm/rubies/ruby-2.2.3/lib/ruby/gems/2.2.0/gems/learn-test-1.2.23/lib/learn_test/jasmine/jasmine.js:1496:28
execute@file:///Users/JustinThomas/.rvm/rubies/ruby-2.2.3/lib/ruby/gems/2.2.0/gems/learn-test-1.2.23/lib/learn_test/jasmine/jasmine.js:1485:13
queueRunnerFactory@file:///Users/JustinThomas/.rvm/rubies/ruby-2.2.3/lib/ruby/gems/2.2.0/gems/learn-test-1.2.23/lib/learn_test/jasmine/jasmine.js:518:42
execute@file:///Users/JustinThomas/.rvm/rubies/ruby-2.2.3/lib/ruby/gems/2.2.0/gems/learn-test-1.2.23/lib/learn_test/jasmine/jasmine.js:1694:21
file:///Users/JustinThomas/.rvm/rubies/ruby-2.2.3/lib/ruby/gems/2.2.0/gems/learn-test-1.2.23/lib/learn_test/jasmine/jasmine.js:541:83
attemptAsync@file:///Users/JustinThomas/.rvm/rubies/ruby-2.2.3/lib/ruby/gems/2.2.0/gems/learn-test-1.2.23/lib/learn_test/jasmine/jasmine.js:1520:16
run@file:///Users/JustinThomas/.rvm/rubies/ruby-2.2.3/lib/ruby/gems/2.2.0/gems/learn-test-1.2.23/lib/learn_test/jasmine/jasmine.js:1496:28
execute@file:///Users/JustinThomas/.rvm/rubies/ruby-2.2.3/lib/ruby/gems/2.2.0/gems/learn-test-1.2.23/lib/learn_test/jasmine/jasmine.js:1485:13
queueRunnerFactory@file:///Users/JustinThomas/.rvm/rubies/ruby-2.2.3/lib/ruby/gems/2.2.0/gems/learn-test-1.2.23/lib/learn_test/jasmine/jasmine.js:518:42
execute@file:///Users/JustinThomas/.rvm/rubies/ruby-2.2.3/lib/ruby/gems/2.2.0/gems/learn-test-1.2.23/lib/learn_test/jasmine/jasmine.js:548:25
onload@file:///Users/JustinThomas/.rvm/rubies/ruby-2.2.3/lib/ruby/gems/2.2.0/gems/learn-test-1.2.23/lib/learn_test/jasmine/boot.js:172:16			</failure>
		</testcase>
		<testcase classname="Tic Tac Toe Functionality" name="resetting the board resets the board and sets turn to zero when there is a tie" time="0.003">
			<failure type="" message="ReferenceError: Can&amp;apos;t find variable: attachListeners in file:///Users/JustinThomas/Development/code/js-tictactoe-rails-api-v-000/spec/tictactoe.spec.js (line 166)">
file:///Users/JustinThomas/Development/code/js-tictactoe-rails-api-v-000/spec/tictactoe.spec.js:166:22
attemptSync@file:///Users/JustinThomas/.rvm/rubies/ruby-2.2.3/lib/ruby/gems/2.2.0/gems/learn-test-1.2.23/lib/learn_test/jasmine/jasmine.js:1510:16
run@file:///Users/JustinThomas/.rvm/rubies/ruby-2.2.3/lib/ruby/gems/2.2.0/gems/learn-test-1.2.23/lib/learn_test/jasmine/jasmine.js:1498:20
execute@file:///Users/JustinThomas/.rvm/rubies/ruby-2.2.3/lib/ruby/gems/2.2.0/gems/learn-test-1.2.23/lib/learn_test/jasmine/jasmine.js:1485:13
queueRunnerFactory@file:///Users/JustinThomas/.rvm/rubies/ruby-2.2.3/lib/ruby/gems/2.2.0/gems/learn-test-1.2.23/lib/learn_test/jasmine/jasmine.js:518:42
execute@file:///Users/JustinThomas/.rvm/rubies/ruby-2.2.3/lib/ruby/gems/2.2.0/gems/learn-test-1.2.23/lib/learn_test/jasmine/jasmine.js:306:28
file:///Users/JustinThomas/.rvm/rubies/ruby-2.2.3/lib/ruby/gems/2.2.0/gems/learn-test-1.2.23/lib/learn_test/jasmine/jasmine.js:1708:44
attemptAsync@file:///Users/JustinThomas/.rvm/rubies/ruby-2.2.3/lib/ruby/gems/2.2.0/gems/learn-test-1.2.23/lib/learn_test/jasmine/jasmine.js:1520:16
run@file:///Users/JustinThomas/.rvm/rubies/ruby-2.2.3/lib/ruby/gems/2.2.0/gems/learn-test-1.2.23/lib/learn_test/jasmine/jasmine.js:1496:28
next@file:///Users/JustinThomas/.rvm/rubies/ruby-2.2.3/lib/ruby/gems/2.2.0/gems/learn-test-1.2.23/lib/learn_test/jasmine/jasmine.js:1517:40
complete@file:///Users/JustinThomas/.rvm/rubies/ruby-2.2.3/lib/ruby/gems/2.2.0/gems/learn-test-1.2.23/lib/learn_test/jasmine/jasmine.js:333:19
clearStack@file:///Users/JustinThomas/.rvm/rubies/ruby-2.2.3/lib/ruby/gems/2.2.0/gems/learn-test-1.2.23/lib/learn_test/jasmine/jasmine.js:506:11
run@file:///Users/JustinThomas/.rvm/rubies/ruby-2.2.3/lib/ruby/gems/2.2.0/gems/learn-test-1.2.23/lib/learn_test/jasmine/jasmine.js:1505:22
execute@file:///Users/JustinThomas/.rvm/rubies/ruby-2.2.3/lib/ruby/gems/2.2.0/gems/learn-test-1.2.23/lib/learn_test/jasmine/jasmine.js:1485:13
queueRunnerFactory@file:///Users/JustinThomas/.rvm/rubies/ruby-2.2.3/lib/ruby/gems/2.2.0/gems/learn-test-1.2.23/lib/learn_test/jasmine/jasmine.js:518:42
execute@file:///Users/JustinThomas/.rvm/rubies/ruby-2.2.3/lib/ruby/gems/2.2.0/gems/learn-test-1.2.23/lib/learn_test/jasmine/jasmine.js:306:28
file:///Users/JustinThomas/.rvm/rubies/ruby-2.2.3/lib/ruby/gems/2.2.0/gems/learn-test-1.2.23/lib/learn_test/jasmine/jasmine.js:1708:44
attemptAsync@file:///Users/JustinThomas/.rvm/rubies/ruby-2.2.3/lib/ruby/gems/2.2.0/gems/learn-test-1.2.23/lib/learn_test/jasmine/jasmine.js:1520:16
run@file:///Users/JustinThomas/.rvm/rubies/ruby-2.2.3/lib/ruby/gems/2.2.0/gems/learn-test-1.2.23/lib/learn_test/jasmine/jasmine.js:1496:28
execute@file:///Users/JustinThomas/.rvm/rubies/ruby-2.2.3/lib/ruby/gems/2.2.0/gems/learn-test-1.2.23/lib/learn_test/jasmine/jasmine.js:1485:13
queueRunnerFactory@file:///Users/JustinThomas/.rvm/rubies/ruby-2.2.3/lib/ruby/gems/2.2.0/gems/learn-test-1.2.23/lib/learn_test/jasmine/jasmine.js:518:42
execute@file:///Users/JustinThomas/.rvm/rubies/ruby-2.2.3/lib/ruby/gems/2.2.0/gems/learn-test-1.2.23/lib/learn_test/jasmine/jasmine.js:1694:21
file:///Users/JustinThomas/.rvm/rubies/ruby-2.2.3/lib/ruby/gems/2.2.0/gems/learn-test-1.2.23/lib/learn_test/jasmine/jasmine.js:1708:44
attemptAsync@file:///Users/JustinThomas/.rvm/rubies/ruby-2.2.3/lib/ruby/gems/2.2.0/gems/learn-test-1.2.23/lib/learn_test/jasmine/jasmine.js:1520:16
run@file:///Users/JustinThomas/.rvm/rubies/ruby-2.2.3/lib/ruby/gems/2.2.0/gems/learn-test-1.2.23/lib/learn_test/jasmine/jasmine.js:1496:28
next@file:///Users/JustinThomas/.rvm/rubies/ruby-2.2.3/lib/ruby/gems/2.2.0/gems/learn-test-1.2.23/lib/learn_test/jasmine/jasmine.js:1517:40
complete@file:///Users/JustinThomas/.rvm/rubies/ruby-2.2.3/lib/ruby/gems/2.2.0/gems/learn-test-1.2.23/lib/learn_test/jasmine/jasmine.js:1703:19
clearStack@file:///Users/JustinThomas/.rvm/rubies/ruby-2.2.3/lib/ruby/gems/2.2.0/gems/learn-test-1.2.23/lib/learn_test/jasmine/jasmine.js:506:11
run@file:///Users/JustinThomas/.rvm/rubies/ruby-2.2.3/lib/ruby/gems/2.2.0/gems/learn-test-1.2.23/lib/learn_test/jasmine/jasmine.js:1505:22
next@file:///Users/JustinThomas/.rvm/rubies/ruby-2.2.3/lib/ruby/gems/2.2.0/gems/learn-test-1.2.23/lib/learn_test/jasmine/jasmine.js:1517:40
complete@file:///Users/JustinThomas/.rvm/rubies/ruby-2.2.3/lib/ruby/gems/2.2.0/gems/learn-test-1.2.23/lib/learn_test/jasmine/jasmine.js:333:19
clearStack@file:///Users/JustinThomas/.rvm/rubies/ruby-2.2.3/lib/ruby/gems/2.2.0/gems/learn-test-1.2.23/lib/learn_test/jasmine/jasmine.js:506:11
run@file:///Users/JustinThomas/.rvm/rubies/ruby-2.2.3/lib/ruby/gems/2.2.0/gems/learn-test-1.2.23/lib/learn_test/jasmine/jasmine.js:1505:22
execute@file:///Users/JustinThomas/.rvm/rubies/ruby-2.2.3/lib/ruby/gems/2.2.0/gems/learn-test-1.2.23/lib/learn_test/jasmine/jasmine.js:1485:13
queueRunnerFactory@file:///Users/JustinThomas/.rvm/rubies/ruby-2.2.3/lib/ruby/gems/2.2.0/gems/learn-test-1.2.23/lib/learn_test/jasmine/jasmine.js:518:42
execute@file:///Users/JustinThomas/.rvm/rubies/ruby-2.2.3/lib/ruby/gems/2.2.0/gems/learn-test-1.2.23/lib/learn_test/jasmine/jasmine.js:306:28
file:///Users/JustinThomas/.rvm/rubies/ruby-2.2.3/lib/ruby/gems/2.2.0/gems/learn-test-1.2.23/lib/learn_test/jasmine/jasmine.js:1708:44
attemptAsync@file:///Users/JustinThomas/.rvm/rubies/ruby-2.2.3/lib/ruby/gems/2.2.0/gems/learn-test-1.2.23/lib/learn_test/jasmine/jasmine.js:1520:16
run@file:///Users/JustinThomas/.rvm/rubies/ruby-2.2.3/lib/ruby/gems/2.2.0/gems/learn-test-1.2.23/lib/learn_test/jasmine/jasmine.js:1496:28
execute@file:///Users/JustinThomas/.rvm/rubies/ruby-2.2.3/lib/ruby/gems/2.2.0/gems/learn-test-1.2.23/lib/learn_test/jasmine/jasmine.js:1485:13
queueRunnerFactory@file:///Users/JustinThomas/.rvm/rubies/ruby-2.2.3/lib/ruby/gems/2.2.0/gems/learn-test-1.2.23/lib/learn_test/jasmine/jasmine.js:518:42
execute@file:///Users/JustinThomas/.rvm/rubies/ruby-2.2.3/lib/ruby/gems/2.2.0/gems/learn-test-1.2.23/lib/learn_test/jasmine/jasmine.js:1694:21
file:///Users/JustinThomas/.rvm/rubies/ruby-2.2.3/lib/ruby/gems/2.2.0/gems/learn-test-1.2.23/lib/learn_test/jasmine/jasmine.js:1708:44
attemptAsync@file:///Users/JustinThomas/.rvm/rubies/ruby-2.2.3/lib/ruby/gems/2.2.0/gems/learn-test-1.2.23/lib/learn_test/jasmine/jasmine.js:1520:16
run@file:///Users/JustinThomas/.rvm/rubies/ruby-2.2.3/lib/ruby/gems/2.2.0/gems/learn-test-1.2.23/lib/learn_test/jasmine/jasmine.js:1496:28
next@file:///Users/JustinThomas/.rvm/rubies/ruby-2.2.3/lib/ruby/gems/2.2.0/gems/learn-test-1.2.23/lib/learn_test/jasmine/jasmine.js:1517:40
complete@file:///Users/JustinThomas/.rvm/rubies/ruby-2.2.3/lib/ruby/gems/2.2.0/gems/learn-test-1.2.23/lib/learn_test/jasmine/jasmine.js:1703:19
clearStack@file:///Users/JustinThomas/.rvm/rubies/ruby-2.2.3/lib/ruby/gems/2.2.0/gems/learn-test-1.2.23/lib/learn_test/jasmine/jasmine.js:506:11
run@file:///Users/JustinThomas/.rvm/rubies/ruby-2.2.3/lib/ruby/gems/2.2.0/gems/learn-test-1.2.23/lib/learn_test/jasmine/jasmine.js:1505:22
next@file:///Users/JustinThomas/.rvm/rubies/ruby-2.2.3/lib/ruby/gems/2.2.0/gems/learn-test-1.2.23/lib/learn_test/jasmine/jasmine.js:1517:40
complete@file:///Users/JustinThomas/.rvm/rubies/ruby-2.2.3/lib/ruby/gems/2.2.0/gems/learn-test-1.2.23/lib/learn_test/jasmine/jasmine.js:333:19
clearStack@file:///Users/JustinThomas/.rvm/rubies/ruby-2.2.3/lib/ruby/gems/2.2.0/gems/learn-test-1.2.23/lib/learn_test/jasmine/jasmine.js:506:11
run@file:///Users/JustinThomas/.rvm/rubies/ruby-2.2.3/lib/ruby/gems/2.2.0/gems/learn-test-1.2.23/lib/learn_test/jasmine/jasmine.js:1505:22
execute@file:///Users/JustinThomas/.rvm/rubies/ruby-2.2.3/lib/ruby/gems/2.2.0/gems/learn-test-1.2.23/lib/learn_test/jasmine/jasmine.js:1485:13
queueRunnerFactory@file:///Users/JustinThomas/.rvm/rubies/ruby-2.2.3/lib/ruby/gems/2.2.0/gems/learn-test-1.2.23/lib/learn_test/jasmine/jasmine.js:518:42
execute@file:///Users/JustinThomas/.rvm/rubies/ruby-2.2.3/lib/ruby/gems/2.2.0/gems/learn-test-1.2.23/lib/learn_test/jasmine/jasmine.js:306:28
file:///Users/JustinThomas/.rvm/rubies/ruby-2.2.3/lib/ruby/gems/2.2.0/gems/learn-test-1.2.23/lib/learn_test/jasmine/jasmine.js:1708:44
attemptAsync@file:///Users/JustinThomas/.rvm/rubies/ruby-2.2.3/lib/ruby/gems/2.2.0/gems/learn-test-1.2.23/lib/learn_test/jasmine/jasmine.js:1520:16
run@file:///Users/JustinThomas/.rvm/rubies/ruby-2.2.3/lib/ruby/gems/2.2.0/gems/learn-test-1.2.23/lib/learn_test/jasmine/jasmine.js:1496:28
next@file:///Users/JustinThomas/.rvm/rubies/ruby-2.2.3/lib/ruby/gems/2.2.0/gems/learn-test-1.2.23/lib/learn_test/jasmine/jasmine.js:1517:40
complete@file:///Users/JustinThomas/.rvm/rubies/ruby-2.2.3/lib/ruby/gems/2.2.0/gems/learn-test-1.2.23/lib/learn_test/jasmine/jasmine.js:333:19
clearStack@file:///Users/JustinThomas/.rvm/rubies/ruby-2.2.3/lib/ruby/gems/2.2.0/gems/learn-test-1.2.23/lib/learn_test/jasmine/jasmine.js:506:11
run@file:///Users/JustinThomas/.rvm/rubies/ruby-2.2.3/lib/ruby/gems/2.2.0/gems/learn-test-1.2.23/lib/learn_test/jasmine/jasmine.js:1505:22
execute@file:///Users/JustinThomas/.rvm/rubies/ruby-2.2.3/lib/ruby/gems/2.2.0/gems/learn-test-1.2.23/lib/learn_test/jasmine/jasmine.js:1485:13
queueRunnerFactory@file:///Users/JustinThomas/.rvm/rubies/ruby-2.2.3/lib/ruby/gems/2.2.0/gems/learn-test-1.2.23/lib/learn_test/jasmine/jasmine.js:518:42
execute@file:///Users/JustinThomas/.rvm/rubies/ruby-2.2.3/lib/ruby/gems/2.2.0/gems/learn-test-1.2.23/lib/learn_test/jasmine/jasmine.js:306:28
file:///Users/JustinThomas/.rvm/rubies/ruby-2.2.3/lib/ruby/gems/2.2.0/gems/learn-test-1.2.23/lib/learn_test/jasmine/jasmine.js:1708:44
attemptAsync@file:///Users/JustinThomas/.rvm/rubies/ruby-2.2.3/lib/ruby/gems/2.2.0/gems/learn-test-1.2.23/lib/learn_test/jasmine/jasmine.js:1520:16
run@file:///Users/JustinThomas/.rvm/rubies/ruby-2.2.3/lib/ruby/gems/2.2.0/gems/learn-test-1.2.23/lib/learn_test/jasmine/jasmine.js:1496:28
next@file:///Users/JustinThomas/.rvm/rubies/ruby-2.2.3/lib/ruby/gems/2.2.0/gems/learn-test-1.2.23/lib/learn_test/jasmine/jasmine.js:1517:40
complete@file:///Users/JustinThomas/.rvm/rubies/ruby-2.2.3/lib/ruby/gems/2.2.0/gems/learn-test-1.2.23/lib/learn_test/jasmine/jasmine.js:333:19
clearStack@file:///Users/JustinThomas/.rvm/rubies/ruby-2.2.3/lib/ruby/gems/2.2.0/gems/learn-test-1.2.23/lib/learn_test/jasmine/jasmine.js:506:11
run@file:///Users/JustinThomas/.rvm/rubies/ruby-2.2.3/lib/ruby/gems/2.2.0/gems/learn-test-1.2.23/lib/learn_test/jasmine/jasmine.js:1505:22
execute@file:///Users/JustinThomas/.rvm/rubies/ruby-2.2.3/lib/ruby/gems/2.2.0/gems/learn-test-1.2.23/lib/learn_test/jasmine/jasmine.js:1485:13
queueRunnerFactory@file:///Users/JustinThomas/.rvm/rubies/ruby-2.2.3/lib/ruby/gems/2.2.0/gems/learn-test-1.2.23/lib/learn_test/jasmine/jasmine.js:518:42
execute@file:///Users/JustinThomas/.rvm/rubies/ruby-2.2.3/lib/ruby/gems/2.2.0/gems/learn-test-1.2.23/lib/learn_test/jasmine/jasmine.js:306:28
file:///Users/JustinThomas/.rvm/rubies/ruby-2.2.3/lib/ruby/gems/2.2.0/gems/learn-test-1.2.23/lib/learn_test/jasmine/jasmine.js:1708:44
attemptAsync@file:///Users/JustinThomas/.rvm/rubies/ruby-2.2.3/lib/ruby/gems/2.2.0/gems/learn-test-1.2.23/lib/learn_test/jasmine/jasmine.js:1520:16
run@file:///Users/JustinThomas/.rvm/rubies/ruby-2.2.3/lib/ruby/gems/2.2.0/gems/learn-test-1.2.23/lib/learn_test/jasmine/jasmine.js:1496:28
execute@file:///Users/JustinThomas/.rvm/rubies/ruby-2.2.3/lib/ruby/gems/2.2.0/gems/learn-test-1.2.23/lib/learn_test/jasmine/jasmine.js:1485:13
queueRunnerFactory@file:///Users/JustinThomas/.rvm/rubies/ruby-2.2.3/lib/ruby/gems/2.2.0/gems/learn-test-1.2.23/lib/learn_test/jasmine/jasmine.js:518:42
execute@file:///Users/JustinThomas/.rvm/rubies/ruby-2.2.3/lib/ruby/gems/2.2.0/gems/learn-test-1.2.23/lib/learn_test/jasmine/jasmine.js:1694:21
file:///Users/JustinThomas/.rvm/rubies/ruby-2.2.3/lib/ruby/gems/2.2.0/gems/learn-test-1.2.23/lib/learn_test/jasmine/jasmine.js:1708:44
attemptAsync@file:///Users/JustinThomas/.rvm/rubies/ruby-2.2.3/lib/ruby/gems/2.2.0/gems/learn-test-1.2.23/lib/learn_test/jasmine/jasmine.js:1520:16
run@file:///Users/JustinThomas/.rvm/rubies/ruby-2.2.3/lib/ruby/gems/2.2.0/gems/learn-test-1.2.23/lib/learn_test/jasmine/jasmine.js:1496:28
next@file:///Users/JustinThomas/.rvm/rubies/ruby-2.2.3/lib/ruby/gems/2.2.0/gems/learn-test-1.2.23/lib/learn_test/jasmine/jasmine.js:1517:40
complete@file:///Users/JustinThomas/.rvm/rubies/ruby-2.2.3/lib/ruby/gems/2.2.0/gems/learn-test-1.2.23/lib/learn_test/jasmine/jasmine.js:1703:19
clearStack@file:///Users/JustinThomas/.rvm/rubies/ruby-2.2.3/lib/ruby/gems/2.2.0/gems/learn-test-1.2.23/lib/learn_test/jasmine/jasmine.js:506:11
run@file:///Users/JustinThomas/.rvm/rubies/ruby-2.2.3/lib/ruby/gems/2.2.0/gems/learn-test-1.2.23/lib/learn_test/jasmine/jasmine.js:1505:22
next@file:///Users/JustinThomas/.rvm/rubies/ruby-2.2.3/lib/ruby/gems/2.2.0/gems/learn-test-1.2.23/lib/learn_test/jasmine/jasmine.js:1517:40
complete@file:///Users/JustinThomas/.rvm/rubies/ruby-2.2.3/lib/ruby/gems/2.2.0/gems/learn-test-1.2.23/lib/learn_test/jasmine/jasmine.js:333:19
clearStack@file:///Users/JustinThomas/.rvm/rubies/ruby-2.2.3/lib/ruby/gems/2.2.0/gems/learn-test-1.2.23/lib/learn_test/jasmine/jasmine.js:506:11
run@file:///Users/JustinThomas/.rvm/rubies/ruby-2.2.3/lib/ruby/gems/2.2.0/gems/learn-test-1.2.23/lib/learn_test/jasmine/jasmine.js:1505:22
execute@file:///Users/JustinThomas/.rvm/rubies/ruby-2.2.3/lib/ruby/gems/2.2.0/gems/learn-test-1.2.23/lib/learn_test/jasmine/jasmine.js:1485:13
queueRunnerFactory@file:///Users/JustinThomas/.rvm/rubies/ruby-2.2.3/lib/ruby/gems/2.2.0/gems/learn-test-1.2.23/lib/learn_test/jasmine/jasmine.js:518:42
execute@file:///Users/JustinThomas/.rvm/rubies/ruby-2.2.3/lib/ruby/gems/2.2.0/gems/learn-test-1.2.23/lib/learn_test/jasmine/jasmine.js:306:28
file:///Users/JustinThomas/.rvm/rubies/ruby-2.2.3/lib/ruby/gems/2.2.0/gems/learn-test-1.2.23/lib/learn_test/jasmine/jasmine.js:1708:44
attemptAsync@file:///Users/JustinThomas/.rvm/rubies/ruby-2.2.3/lib/ruby/gems/2.2.0/gems/learn-test-1.2.23/lib/learn_test/jasmine/jasmine.js:1520:16
run@file:///Users/JustinThomas/.rvm/rubies/ruby-2.2.3/lib/ruby/gems/2.2.0/gems/learn-test-1.2.23/lib/learn_test/jasmine/jasmine.js:1496:28
execute@file:///Users/JustinThomas/.rvm/rubies/ruby-2.2.3/lib/ruby/gems/2.2.0/gems/learn-test-1.2.23/lib/learn_test/jasmine/jasmine.js:1485:13
queueRunnerFactory@file:///Users/JustinThomas/.rvm/rubies/ruby-2.2.3/lib/ruby/gems/2.2.0/gems/learn-test-1.2.23/lib/learn_test/jasmine/jasmine.js:518:42
execute@file:///Users/JustinThomas/.rvm/rubies/ruby-2.2.3/lib/ruby/gems/2.2.0/gems/learn-test-1.2.23/lib/learn_test/jasmine/jasmine.js:1694:21
file:///Users/JustinThomas/.rvm/rubies/ruby-2.2.3/lib/ruby/gems/2.2.0/gems/learn-test-1.2.23/lib/learn_test/jasmine/jasmine.js:1708:44
attemptAsync@file:///Users/JustinThomas/.rvm/rubies/ruby-2.2.3/lib/ruby/gems/2.2.0/gems/learn-test-1.2.23/lib/learn_test/jasmine/jasmine.js:1520:16
run@file:///Users/JustinThomas/.rvm/rubies/ruby-2.2.3/lib/ruby/gems/2.2.0/gems/learn-test-1.2.23/lib/learn_test/jasmine/jasmine.js:1496:28
next@file:///Users/JustinThomas/.rvm/rubies/ruby-2.2.3/lib/ruby/gems/2.2.0/gems/learn-test-1.2.23/lib/learn_test/jasmine/jasmine.js:1517:40
complete@file:///Users/JustinThomas/.rvm/rubies/ruby-2.2.3/lib/ruby/gems/2.2.0/gems/learn-test-1.2.23/lib/learn_test/jasmine/jasmine.js:1703:19
clearStack@file:///Users/JustinThomas/.rvm/rubies/ruby-2.2.3/lib/ruby/gems/2.2.0/gems/learn-test-1.2.23/lib/learn_test/jasmine/jasmine.js:506:11
run@file:///Users/JustinThomas/.rvm/rubies/ruby-2.2.3/lib/ruby/gems/2.2.0/gems/learn-test-1.2.23/lib/learn_test/jasmine/jasmine.js:1505:22
next@file:///Users/JustinThomas/.rvm/rubies/ruby-2.2.3/lib/ruby/gems/2.2.0/gems/learn-test-1.2.23/lib/learn_test/jasmine/jasmine.js:1517:40
complete@file:///Users/JustinThomas/.rvm/rubies/ruby-2.2.3/lib/ruby/gems/2.2.0/gems/learn-test-1.2.23/lib/learn_test/jasmine/jasmine.js:333:19
clearStack@file:///Users/JustinThomas/.rvm/rubies/ruby-2.2.3/lib/ruby/gems/2.2.0/gems/learn-test-1.2.23/lib/learn_test/jasmine/jasmine.js:506:11
run@file:///Users/JustinThomas/.rvm/rubies/ruby-2.2.3/lib/ruby/gems/2.2.0/gems/learn-test-1.2.23/lib/learn_test/jasmine/jasmine.js:1505:22
execute@file:///Users/JustinThomas/.rvm/rubies/ruby-2.2.3/lib/ruby/gems/2.2.0/gems/learn-test-1.2.23/lib/learn_test/jasmine/jasmine.js:1485:13
queueRunnerFactory@file:///Users/JustinThomas/.rvm/rubies/ruby-2.2.3/lib/ruby/gems/2.2.0/gems/learn-test-1.2.23/lib/learn_test/jasmine/jasmine.js:518:42
execute@file:///Users/JustinThomas/.rvm/rubies/ruby-2.2.3/lib/ruby/gems/2.2.0/gems/learn-test-1.2.23/lib/learn_test/jasmine/jasmine.js:306:28
file:///Users/JustinThomas/.rvm/rubies/ruby-2.2.3/lib/ruby/gems/2.2.0/gems/learn-test-1.2.23/lib/learn_test/jasmine/jasmine.js:1708:44
attemptAsync@file:///Users/JustinThomas/.rvm/rubies/ruby-2.2.3/lib/ruby/gems/2.2.0/gems/learn-test-1.2.23/lib/learn_test/jasmine/jasmine.js:1520:16
run@file:///Users/JustinThomas/.rvm/rubies/ruby-2.2.3/lib/ruby/gems/2.2.0/gems/learn-test-1.2.23/lib/learn_test/jasmine/jasmine.js:1496:28
next@file:///Users/JustinThomas/.rvm/rubies/ruby-2.2.3/lib/ruby/gems/2.2.0/gems/learn-test-1.2.23/lib/learn_test/jasmine/jasmine.js:1517:40
complete@file:///Users/JustinThomas/.rvm/rubies/ruby-2.2.3/lib/ruby/gems/2.2.0/gems/learn-test-1.2.23/lib/learn_test/jasmine/jasmine.js:333:19
clearStack@file:///Users/JustinThomas/.rvm/rubies/ruby-2.2.3/lib/ruby/gems/2.2.0/gems/learn-test-1.2.23/lib/learn_test/jasmine/jasmine.js:506:11
run@file:///Users/JustinThomas/.rvm/rubies/ruby-2.2.3/lib/ruby/gems/2.2.0/gems/learn-test-1.2.23/lib/learn_test/jasmine/jasmine.js:1505:22
execute@file:///Users/JustinThomas/.rvm/rubies/ruby-2.2.3/lib/ruby/gems/2.2.0/gems/learn-test-1.2.23/lib/learn_test/jasmine/jasmine.js:1485:13
queueRunnerFactory@file:///Users/JustinThomas/.rvm/rubies/ruby-2.2.3/lib/ruby/gems/2.2.0/gems/learn-test-1.2.23/lib/learn_test/jasmine/jasmine.js:518:42
execute@file:///Users/JustinThomas/.rvm/rubies/ruby-2.2.3/lib/ruby/gems/2.2.0/gems/learn-test-1.2.23/lib/learn_test/jasmine/jasmine.js:306:28
file:///Users/JustinThomas/.rvm/rubies/ruby-2.2.3/lib/ruby/gems/2.2.0/gems/learn-test-1.2.23/lib/learn_test/jasmine/jasmine.js:1708:44
attemptAsync@file:///Users/JustinThomas/.rvm/rubies/ruby-2.2.3/lib/ruby/gems/2.2.0/gems/learn-test-1.2.23/lib/learn_test/jasmine/jasmine.js:1520:16
run@file:///Users/JustinThomas/.rvm/rubies/ruby-2.2.3/lib/ruby/gems/2.2.0/gems/learn-test-1.2.23/lib/learn_test/jasmine/jasmine.js:1496:28
execute@file:///Users/JustinThomas/.rvm/rubies/ruby-2.2.3/lib/ruby/gems/2.2.0/gems/learn-test-1.2.23/lib/learn_test/jasmine/jasmine.js:1485:13
queueRunnerFactory@file:///Users/JustinThomas/.rvm/rubies/ruby-2.2.3/lib/ruby/gems/2.2.0/gems/learn-test-1.2.23/lib/learn_test/jasmine/jasmine.js:518:42
execute@file:///Users/JustinThomas/.rvm/rubies/ruby-2.2.3/lib/ruby/gems/2.2.0/gems/learn-test-1.2.23/lib/learn_test/jasmine/jasmine.js:1694:21
file:///Users/JustinThomas/.rvm/rubies/ruby-2.2.3/lib/ruby/gems/2.2.0/gems/learn-test-1.2.23/lib/learn_test/jasmine/jasmine.js:1708:44
attemptAsync@file:///Users/JustinThomas/.rvm/rubies/ruby-2.2.3/lib/ruby/gems/2.2.0/gems/learn-test-1.2.23/lib/learn_test/jasmine/jasmine.js:1520:16
run@file:///Users/JustinThomas/.rvm/rubies/ruby-2.2.3/lib/ruby/gems/2.2.0/gems/learn-test-1.2.23/lib/learn_test/jasmine/jasmine.js:1496:28
next@file:///Users/JustinThomas/.rvm/rubies/ruby-2.2.3/lib/ruby/gems/2.2.0/gems/learn-test-1.2.23/lib/learn_test/jasmine/jasmine.js:1517:40
complete@file:///Users/JustinThomas/.rvm/rubies/ruby-2.2.3/lib/ruby/gems/2.2.0/gems/learn-test-1.2.23/lib/learn_test/jasmine/jasmine.js:1703:19
clearStack@file:///Users/JustinThomas/.rvm/rubies/ruby-2.2.3/lib/ruby/gems/2.2.0/gems/learn-test-1.2.23/lib/learn_test/jasmine/jasmine.js:506:11
run@file:///Users/JustinThomas/.rvm/rubies/ruby-2.2.3/lib/ruby/gems/2.2.0/gems/learn-test-1.2.23/lib/learn_test/jasmine/jasmine.js:1505:22
next@file:///Users/JustinThomas/.rvm/rubies/ruby-2.2.3/lib/ruby/gems/2.2.0/gems/learn-test-1.2.23/lib/learn_test/jasmine/jasmine.js:1517:40
complete@file:///Users/JustinThomas/.rvm/rubies/ruby-2.2.3/lib/ruby/gems/2.2.0/gems/learn-test-1.2.23/lib/learn_test/jasmine/jasmine.js:333:19
clearStack@file:///Users/JustinThomas/.rvm/rubies/ruby-2.2.3/lib/ruby/gems/2.2.0/gems/learn-test-1.2.23/lib/learn_test/jasmine/jasmine.js:506:11
run@file:///Users/JustinThomas/.rvm/rubies/ruby-2.2.3/lib/ruby/gems/2.2.0/gems/learn-test-1.2.23/lib/learn_test/jasmine/jasmine.js:1505:22
execute@file:///Users/JustinThomas/.rvm/rubies/ruby-2.2.3/lib/ruby/gems/2.2.0/gems/learn-test-1.2.23/lib/learn_test/jasmine/jasmine.js:1485:13
queueRunnerFactory@file:///Users/JustinThomas/.rvm/rubies/ruby-2.2.3/lib/ruby/gems/2.2.0/gems/learn-test-1.2.23/lib/learn_test/jasmine/jasmine.js:518:42
execute@file:///Users/JustinThomas/.rvm/rubies/ruby-2.2.3/lib/ruby/gems/2.2.0/gems/learn-test-1.2.23/lib/learn_test/jasmine/jasmine.js:306:28
file:///Users/JustinThomas/.rvm/rubies/ruby-2.2.3/lib/ruby/gems/2.2.0/gems/learn-test-1.2.23/lib/learn_test/jasmine/jasmine.js:1708:44
attemptAsync@file:///Users/JustinThomas/.rvm/rubies/ruby-2.2.3/lib/ruby/gems/2.2.0/gems/learn-test-1.2.23/lib/learn_test/jasmine/jasmine.js:1520:16
run@file:///Users/JustinThomas/.rvm/rubies/ruby-2.2.3/lib/ruby/gems/2.2.0/gems/learn-test-1.2.23/lib/learn_test/jasmine/jasmine.js:1496:28
next@file:///Users/JustinThomas/.rvm/rubies/ruby-2.2.3/lib/ruby/gems/2.2.0/gems/learn-test-1.2.23/lib/learn_test/jasmine/jasmine.js:1517:40
complete@file:///Users/JustinThomas/.rvm/rubies/ruby-2.2.3/lib/ruby/gems/2.2.0/gems/learn-test-1.2.23/lib/learn_test/jasmine/jasmine.js:333:19
clearStack@file:///Users/JustinThomas/.rvm/rubies/ruby-2.2.3/lib/ruby/gems/2.2.0/gems/learn-test-1.2.23/lib/learn_test/jasmine/jasmine.js:506:11
run@file:///Users/JustinThomas/.rvm/rubies/ruby-2.2.3/lib/ruby/gems/2.2.0/gems/learn-test-1.2.23/lib/learn_test/jasmine/jasmine.js:1505:22
execute@file:///Users/JustinThomas/.rvm/rubies/ruby-2.2.3/lib/ruby/gems/2.2.0/gems/learn-test-1.2.23/lib/learn_test/jasmine/jasmine.js:1485:13
queueRunnerFactory@file:///Users/JustinThomas/.rvm/rubies/ruby-2.2.3/lib/ruby/gems/2.2.0/gems/learn-test-1.2.23/lib/learn_test/jasmine/jasmine.js:518:42
execute@file:///Users/JustinThomas/.rvm/rubies/ruby-2.2.3/lib/ruby/gems/2.2.0/gems/learn-test-1.2.23/lib/learn_test/jasmine/jasmine.js:306:28
file:///Users/JustinThomas/.rvm/rubies/ruby-2.2.3/lib/ruby/gems/2.2.0/gems/learn-test-1.2.23/lib/learn_test/jasmine/jasmine.js:1708:44
attemptAsync@file:///Users/JustinThomas/.rvm/rubies/ruby-2.2.3/lib/ruby/gems/2.2.0/gems/learn-test-1.2.23/lib/learn_test/jasmine/jasmine.js:1520:16
run@file:///Users/JustinThomas/.rvm/rubies/ruby-2.2.3/lib/ruby/gems/2.2.0/gems/learn-test-1.2.23/lib/learn_test/jasmine/jasmine.js:1496:28
execute@file:///Users/JustinThomas/.rvm/rubies/ruby-2.2.3/lib/ruby/gems/2.2.0/gems/learn-test-1.2.23/lib/learn_test/jasmine/jasmine.js:1485:13
queueRunnerFactory@file:///Users/JustinThomas/.rvm/rubies/ruby-2.2.3/lib/ruby/gems/2.2.0/gems/learn-test-1.2.23/lib/learn_test/jasmine/jasmine.js:518:42
execute@file:///Users/JustinThomas/.rvm/rubies/ruby-2.2.3/lib/ruby/gems/2.2.0/gems/learn-test-1.2.23/lib/learn_test/jasmine/jasmine.js:1694:21
file:///Users/JustinThomas/.rvm/rubies/ruby-2.2.3/lib/ruby/gems/2.2.0/gems/learn-test-1.2.23/lib/learn_test/jasmine/jasmine.js:1708:44
attemptAsync@file:///Users/JustinThomas/.rvm/rubies/ruby-2.2.3/lib/ruby/gems/2.2.0/gems/learn-test-1.2.23/lib/learn_test/jasmine/jasmine.js:1520:16
run@file:///Users/JustinThomas/.rvm/rubies/ruby-2.2.3/lib/ruby/gems/2.2.0/gems/learn-test-1.2.23/lib/learn_test/jasmine/jasmine.js:1496:28
next@file:///Users/JustinThomas/.rvm/rubies/ruby-2.2.3/lib/ruby/gems/2.2.0/gems/learn-test-1.2.23/lib/learn_test/jasmine/jasmine.js:1517:40
complete@file:///Users/JustinThomas/.rvm/rubies/ruby-2.2.3/lib/ruby/gems/2.2.0/gems/learn-test-1.2.23/lib/learn_test/jasmine/jasmine.js:1703:19
clearStack@file:///Users/JustinThomas/.rvm/rubies/ruby-2.2.3/lib/ruby/gems/2.2.0/gems/learn-test-1.2.23/lib/learn_test/jasmine/jasmine.js:506:11
run@file:///Users/JustinThomas/.rvm/rubies/ruby-2.2.3/lib/ruby/gems/2.2.0/gems/learn-test-1.2.23/lib/learn_test/jasmine/jasmine.js:1505:22
next@file:///Users/JustinThomas/.rvm/rubies/ruby-2.2.3/lib/ruby/gems/2.2.0/gems/learn-test-1.2.23/lib/learn_test/jasmine/jasmine.js:1517:40
complete@file:///Users/JustinThomas/.rvm/rubies/ruby-2.2.3/lib/ruby/gems/2.2.0/gems/learn-test-1.2.23/lib/learn_test/jasmine/jasmine.js:333:19
clearStack@file:///Users/JustinThomas/.rvm/rubies/ruby-2.2.3/lib/ruby/gems/2.2.0/gems/learn-test-1.2.23/lib/learn_test/jasmine/jasmine.js:506:11
run@file:///Users/JustinThomas/.rvm/rubies/ruby-2.2.3/lib/ruby/gems/2.2.0/gems/learn-test-1.2.23/lib/learn_test/jasmine/jasmine.js:1505:22
execute@file:///Users/JustinThomas/.rvm/rubies/ruby-2.2.3/lib/ruby/gems/2.2.0/gems/learn-test-1.2.23/lib/learn_test/jasmine/jasmine.js:1485:13
queueRunnerFactory@file:///Users/JustinThomas/.rvm/rubies/ruby-2.2.3/lib/ruby/gems/2.2.0/gems/learn-test-1.2.23/lib/learn_test/jasmine/jasmine.js:518:42
execute@file:///Users/JustinThomas/.rvm/rubies/ruby-2.2.3/lib/ruby/gems/2.2.0/gems/learn-test-1.2.23/lib/learn_test/jasmine/jasmine.js:306:28
file:///Users/JustinThomas/.rvm/rubies/ruby-2.2.3/lib/ruby/gems/2.2.0/gems/learn-test-1.2.23/lib/learn_test/jasmine/jasmine.js:1708:44
attemptAsync@file:///Users/JustinThomas/.rvm/rubies/ruby-2.2.3/lib/ruby/gems/2.2.0/gems/learn-test-1.2.23/lib/learn_test/jasmine/jasmine.js:1520:16
run@file:///Users/JustinThomas/.rvm/rubies/ruby-2.2.3/lib/ruby/gems/2.2.0/gems/learn-test-1.2.23/lib/learn_test/jasmine/jasmine.js:1496:28
execute@file:///Users/JustinThomas/.rvm/rubies/ruby-2.2.3/lib/ruby/gems/2.2.0/gems/learn-test-1.2.23/lib/learn_test/jasmine/jasmine.js:1485:13
queueRunnerFactory@file:///Users/JustinThomas/.rvm/rubies/ruby-2.2.3/lib/ruby/gems/2.2.0/gems/learn-test-1.2.23/lib/learn_test/jasmine/jasmine.js:518:42
execute@file:///Users/JustinThomas/.rvm/rubies/ruby-2.2.3/lib/ruby/gems/2.2.0/gems/learn-test-1.2.23/lib/learn_test/jasmine/jasmine.js:1694:21
file:///Users/JustinThomas/.rvm/rubies/ruby-2.2.3/lib/ruby/gems/2.2.0/gems/learn-test-1.2.23/lib/learn_test/jasmine/jasmine.js:1708:44
attemptAsync@file:///Users/JustinThomas/.rvm/rubies/ruby-2.2.3/lib/ruby/gems/2.2.0/gems/learn-test-1.2.23/lib/learn_test/jasmine/jasmine.js:1520:16
run@file:///Users/JustinThomas/.rvm/rubies/ruby-2.2.3/lib/ruby/gems/2.2.0/gems/learn-test-1.2.23/lib/learn_test/jasmine/jasmine.js:1496:28
next@file:///Users/JustinThomas/.rvm/rubies/ruby-2.2.3/lib/ruby/gems/2.2.0/gems/learn-test-1.2.23/lib/learn_test/jasmine/jasmine.js:1517:40
complete@file:///Users/JustinThomas/.rvm/rubies/ruby-2.2.3/lib/ruby/gems/2.2.0/gems/learn-test-1.2.23/lib/learn_test/jasmine/jasmine.js:1703:19
clearStack@file:///Users/JustinThomas/.rvm/rubies/ruby-2.2.3/lib/ruby/gems/2.2.0/gems/learn-test-1.2.23/lib/learn_test/jasmine/jasmine.js:506:11
run@file:///Users/JustinThomas/.rvm/rubies/ruby-2.2.3/lib/ruby/gems/2.2.0/gems/learn-test-1.2.23/lib/learn_test/jasmine/jasmine.js:1505:22
next@file:///Users/JustinThomas/.rvm/rubies/ruby-2.2.3/lib/ruby/gems/2.2.0/gems/learn-test-1.2.23/lib/learn_test/jasmine/jasmine.js:1517:40
complete@file:///Users/JustinThomas/.rvm/rubies/ruby-2.2.3/lib/ruby/gems/2.2.0/gems/learn-test-1.2.23/lib/learn_test/jasmine/jasmine.js:333:19
clearStack@file:///Users/JustinThomas/.rvm/rubies/ruby-2.2.3/lib/ruby/gems/2.2.0/gems/learn-test-1.2.23/lib/learn_test/jasmine/jasmine.js:506:11
run@file:///Users/JustinThomas/.rvm/rubies/ruby-2.2.3/lib/ruby/gems/2.2.0/gems/learn-test-1.2.23/lib/learn_test/jasmine/jasmine.js:1505:22
execute@file:///Users/JustinThomas/.rvm/rubies/ruby-2.2.3/lib/ruby/gems/2.2.0/gems/learn-test-1.2.23/lib/learn_test/jasmine/jasmine.js:1485:13
queueRunnerFactory@file:///Users/JustinThomas/.rvm/rubies/ruby-2.2.3/lib/ruby/gems/2.2.0/gems/learn-test-1.2.23/lib/learn_test/jasmine/jasmine.js:518:42
execute@file:///Users/JustinThomas/.rvm/rubies/ruby-2.2.3/lib/ruby/gems/2.2.0/gems/learn-test-1.2.23/lib/learn_test/jasmine/jasmine.js:306:28
file:///Users/JustinThomas/.rvm/rubies/ruby-2.2.3/lib/ruby/gems/2.2.0/gems/learn-test-1.2.23/lib/learn_test/jasmine/jasmine.js:1708:44
attemptAsync@file:///Users/JustinThomas/.rvm/rubies/ruby-2.2.3/lib/ruby/gems/2.2.0/gems/learn-test-1.2.23/lib/learn_test/jasmine/jasmine.js:1520:16
run@file:///Users/JustinThomas/.rvm/rubies/ruby-2.2.3/lib/ruby/gems/2.2.0/gems/learn-test-1.2.23/lib/learn_test/jasmine/jasmine.js:1496:28
execute@file:///Users/JustinThomas/.rvm/rubies/ruby-2.2.3/lib/ruby/gems/2.2.0/gems/learn-test-1.2.23/lib/learn_test/jasmine/jasmine.js:1485:13
queueRunnerFactory@file:///Users/JustinThomas/.rvm/rubies/ruby-2.2.3/lib/ruby/gems/2.2.0/gems/learn-test-1.2.23/lib/learn_test/jasmine/jasmine.js:518:42
execute@file:///Users/JustinThomas/.rvm/rubies/ruby-2.2.3/lib/ruby/gems/2.2.0/gems/learn-test-1.2.23/lib/learn_test/jasmine/jasmine.js:1694:21
file:///Users/JustinThomas/.rvm/rubies/ruby-2.2.3/lib/ruby/gems/2.2.0/gems/learn-test-1.2.23/lib/learn_test/jasmine/jasmine.js:1708:44
attemptAsync@file:///Users/JustinThomas/.rvm/rubies/ruby-2.2.3/lib/ruby/gems/2.2.0/gems/learn-test-1.2.23/lib/learn_test/jasmine/jasmine.js:1520:16
run@file:///Users/JustinThomas/.rvm/rubies/ruby-2.2.3/lib/ruby/gems/2.2.0/gems/learn-test-1.2.23/lib/learn_test/jasmine/jasmine.js:1496:28
execute@file:///Users/JustinThomas/.rvm/rubies/ruby-2.2.3/lib/ruby/gems/2.2.0/gems/learn-test-1.2.23/lib/learn_test/jasmine/jasmine.js:1485:13
queueRunnerFactory@file:///Users/JustinThomas/.rvm/rubies/ruby-2.2.3/lib/ruby/gems/2.2.0/gems/learn-test-1.2.23/lib/learn_test/jasmine/jasmine.js:518:42
execute@file:///Users/JustinThomas/.rvm/rubies/ruby-2.2.3/lib/ruby/gems/2.2.0/gems/learn-test-1.2.23/lib/learn_test/jasmine/jasmine.js:1694:21
file:///Users/JustinThomas/.rvm/rubies/ruby-2.2.3/lib/ruby/gems/2.2.0/gems/learn-test-1.2.23/lib/learn_test/jasmine/jasmine.js:1708:44
attemptAsync@file:///Users/JustinThomas/.rvm/rubies/ruby-2.2.3/lib/ruby/gems/2.2.0/gems/learn-test-1.2.23/lib/learn_test/jasmine/jasmine.js:1520:16
run@file:///Users/JustinThomas/.rvm/rubies/ruby-2.2.3/lib/ruby/gems/2.2.0/gems/learn-test-1.2.23/lib/learn_test/jasmine/jasmine.js:1496:28
execute@file:///Users/JustinThomas/.rvm/rubies/ruby-2.2.3/lib/ruby/gems/2.2.0/gems/learn-test-1.2.23/lib/learn_test/jasmine/jasmine.js:1485:13
queueRunnerFactory@file:///Users/JustinThomas/.rvm/rubies/ruby-2.2.3/lib/ruby/gems/2.2.0/gems/learn-test-1.2.23/lib/learn_test/jasmine/jasmine.js:518:42
execute@file:///Users/JustinThomas/.rvm/rubies/ruby-2.2.3/lib/ruby/gems/2.2.0/gems/learn-test-1.2.23/lib/learn_test/jasmine/jasmine.js:1694:21
file:///Users/JustinThomas/.rvm/rubies/ruby-2.2.3/lib/ruby/gems/2.2.0/gems/learn-test-1.2.23/lib/learn_test/jasmine/jasmine.js:541:83
attemptAsync@file:///Users/JustinThomas/.rvm/rubies/ruby-2.2.3/lib/ruby/gems/2.2.0/gems/learn-test-1.2.23/lib/learn_test/jasmine/jasmine.js:1520:16
run@file:///Users/JustinThomas/.rvm/rubies/ruby-2.2.3/lib/ruby/gems/2.2.0/gems/learn-test-1.2.23/lib/learn_test/jasmine/jasmine.js:1496:28
execute@file:///Users/JustinThomas/.rvm/rubies/ruby-2.2.3/lib/ruby/gems/2.2.0/gems/learn-test-1.2.23/lib/learn_test/jasmine/jasmine.js:1485:13
queueRunnerFactory@file:///Users/JustinThomas/.rvm/rubies/ruby-2.2.3/lib/ruby/gems/2.2.0/gems/learn-test-1.2.23/lib/learn_test/jasmine/jasmine.js:518:42
execute@file:///Users/JustinThomas/.rvm/rubies/ruby-2.2.3/lib/ruby/gems/2.2.0/gems/learn-test-1.2.23/lib/learn_test/jasmine/jasmine.js:548:25
onload@file:///Users/JustinThomas/.rvm/rubies/ruby-2.2.3/lib/ruby/gems/2.2.0/gems/learn-test-1.2.23/lib/learn_test/jasmine/boot.js:172:16			</failure>
		</testcase>
		<testcase classname="Tic Tac Toe Functionality" name="resetting the board allows client to play multiple game" time="0.001">
			<failure type="" message="ReferenceError: Can&amp;apos;t find variable: attachListeners in file:///Users/JustinThomas/Development/code/js-tictactoe-rails-api-v-000/spec/tictactoe.spec.js (line 191)">
file:///Users/JustinThomas/Development/code/js-tictactoe-rails-api-v-000/spec/tictactoe.spec.js:191:22
attemptSync@file:///Users/JustinThomas/.rvm/rubies/ruby-2.2.3/lib/ruby/gems/2.2.0/gems/learn-test-1.2.23/lib/learn_test/jasmine/jasmine.js:1510:16
run@file:///Users/JustinThomas/.rvm/rubies/ruby-2.2.3/lib/ruby/gems/2.2.0/gems/learn-test-1.2.23/lib/learn_test/jasmine/jasmine.js:1498:20
execute@file:///Users/JustinThomas/.rvm/rubies/ruby-2.2.3/lib/ruby/gems/2.2.0/gems/learn-test-1.2.23/lib/learn_test/jasmine/jasmine.js:1485:13
queueRunnerFactory@file:///Users/JustinThomas/.rvm/rubies/ruby-2.2.3/lib/ruby/gems/2.2.0/gems/learn-test-1.2.23/lib/learn_test/jasmine/jasmine.js:518:42
execute@file:///Users/JustinThomas/.rvm/rubies/ruby-2.2.3/lib/ruby/gems/2.2.0/gems/learn-test-1.2.23/lib/learn_test/jasmine/jasmine.js:306:28
file:///Users/JustinThomas/.rvm/rubies/ruby-2.2.3/lib/ruby/gems/2.2.0/gems/learn-test-1.2.23/lib/learn_test/jasmine/jasmine.js:1708:44
attemptAsync@file:///Users/JustinThomas/.rvm/rubies/ruby-2.2.3/lib/ruby/gems/2.2.0/gems/learn-test-1.2.23/lib/learn_test/jasmine/jasmine.js:1520:16
run@file:///Users/JustinThomas/.rvm/rubies/ruby-2.2.3/lib/ruby/gems/2.2.0/gems/learn-test-1.2.23/lib/learn_test/jasmine/jasmine.js:1496:28
next@file:///Users/JustinThomas/.rvm/rubies/ruby-2.2.3/lib/ruby/gems/2.2.0/gems/learn-test-1.2.23/lib/learn_test/jasmine/jasmine.js:1517:40
complete@file:///Users/JustinThomas/.rvm/rubies/ruby-2.2.3/lib/ruby/gems/2.2.0/gems/learn-test-1.2.23/lib/learn_test/jasmine/jasmine.js:333:19			</failure>
		</testcase>
	</testsuite>
</testsuites>

